------------------ DG452892600BR -----------------
shipped - reclaimed
R:2014-05-26 19:31:26.0 S:2014-06-02 14:12:00.0 D:null N:null
[Objeto postado, PO01, 2014-06-03T07:57:00-04:00]

[Favor desconsiderar a informação anterior, EST09, 2014-06-02T14:43:00-04:00]

[Objeto postado após o horário limite da agência, PO09, 2014-06-02T14:12:00-04:00]

------------------ ------------- -----------------
------------------ DG433564147BR -----------------
shipped - reclaimed
R:2014-05-15 13:21:30.0 S:2014-05-17 08:21:00.0 D:null N:null
[Favor desconsiderar a informação anterior, EST09, 2014-05-17T08:51:00-04:00]

[Objeto postado, PO01, 2014-05-17T08:21:00-04:00]

------------------ ------------- -----------------
------------------ PD900438241BR -----------------
shipped - null
R:2014-08-23 21:13:13.0 S:2014-08-25 16:21:00.0 D:null N:null
[Objeto encaminhado, DO01, 2014-08-26T14:33:00-04:00]

[Objeto encaminhado, RO01, 2014-08-25T16:21:00-04:00]

[Objeto postado, PO01, 2014-08-25T15:42:00-04:00]

[Favor desconsiderar a informação anterior, EST09, 2014-08-25T15:39:00-04:00]

[Objeto postado, PO01, 2014-08-25T15:30:00-04:00]

------------------ ------------- -----------------
------------------ PD861870784BR -----------------
shipped - reclaimed
R:2014-08-11 21:41:50.0 S:2014-08-12 09:52:00.0 D:null N:null
[Favor desconsiderar a informação anterior, EST09, 2014-08-12T14:56:00-04:00]

[Objeto postado, PO01, 2014-08-12T10:01:00-04:00]

[Favor desconsiderar a informação anterior, EST09, 2014-08-12T09:58:00-04:00]

[Objeto postado, PO01, 2014-08-12T09:52:00-04:00]

------------------ ------------- -----------------
------------------ DM092132521BR -----------------
shipped - null
R:2014-08-19 20:57:19.0 S:2014-08-26 09:05:00.0 D:null N:null
[Favor desconsiderar a informação anterior, EST09, 2014-08-26T09:06:00-04:00]

[Objeto postado, PO01, 2014-08-26T09:05:00-04:00]

------------------ ------------- -----------------
------------------ PD900083000BR -----------------
delivered - null
R:2014-08-23 12:07:50.0 S:2014-08-25 16:42:00.0 D:2014-08-29 16:02:00.0 N:null
[Objeto entregue ao destinatário, BDE01, 2014-08-29T16:02:00-04:00]

[Objeto saiu para entrega ao destinatário, OEC01, 2014-08-29T09:06:00-04:00]

[Objeto encaminhado, DO01, 2014-08-28T15:52:00-04:00]

[Objeto encaminhado, RO01, 2014-08-26T16:01:00-04:00]

[Objeto encaminhado, RO01, 2014-08-25T16:42:00-04:00]

[Objeto postado, PO01, 2014-08-25T15:07:00-04:00]

[Favor desconsiderar a informação anterior, EST09, 2014-08-25T15:05:00-04:00]

[Objeto postado, PO01, 2014-08-25T15:02:00-04:00]

------------------ ------------- -----------------
------------------ DM102518189BR -----------------
shipped - reclaimed
R:2014-08-23 05:38:45.0 S:2014-08-26 10:31:00.0 D:null N:null
[Favor desconsiderar a informação anterior, EST09, 2014-08-26T14:51:00-04:00]

[Objeto postado, PO01, 2014-08-26T10:31:00-04:00]

------------------ ------------- -----------------
------------------ DM053162478BR -----------------
ready_to_ship - printed
R:2014-07-29 06:12:00.0 S:null D:null N:null
[Favor desconsiderar a informação anterior, EST09, 2014-08-12T08:41:00-04:00]

------------------ ------------- -----------------
------------------ PD861703866BR -----------------
delivered - null
R:2014-08-11 10:51:18.0 S:2014-08-13 08:49:00.0 D:null N:null
[Favor desconsiderar a informação anterior, EST05, 2014-08-25T13:40:00-04:00]

[Objeto entregue ao destinatário, BDR01, 2014-08-15T15:32:00-04:00]

[Objeto encaminhado, DO01, 2014-08-13T14:52:00-04:00]

[Objeto encaminhado, RO01, 2014-08-13T08:49:00-04:00]

[Objeto postado, PO01, 2014-08-12T15:50:00-04:00]

------------------ ------------- -----------------
------------------ PD867477641BR -----------------
shipped - null
R:2014-08-14 04:43:22.0 S:2014-08-18 15:27:00.0 D:null N:null
[Favor desconsiderar a informação anterior, EST09, 2014-08-18T15:39:00-04:00]

[Objeto postado, PO01, 2014-08-18T15:27:00-04:00]

------------------ ------------- -----------------
------------------ DM102469182BR -----------------
delivered - null
R:2014-08-22 20:27:23.0 S:2014-08-25 16:10:00.0 D:2014-08-28 16:00:00.0 N:null
[Objeto entregue ao destinatário, BDR01, 2014-08-28T16:00:00-04:00]

[Objeto aguardando retirada no endereço indicado, LDI01, 2014-08-26T15:27:00-04:00]

[Área com distribuição sujeita a prazo diferenciado, BDR66, 2014-08-26T14:33:00-04:00]

[Objeto encaminhado, RO01, 2014-08-26T08:46:00-04:00]

[Objeto encaminhado, DO01, 2014-08-26T01:34:00-04:00]

[Objeto encaminhado, RO01, 2014-08-25T16:10:00-04:00]

[Objeto postado, PO01, 2014-08-25T15:42:00-04:00]

[Favor desconsiderar a informação anterior, EST09, 2014-08-25T15:39:00-04:00]

[Objeto postado, PO01, 2014-08-25T15:30:00-04:00]

------------------ ------------- -----------------
------------------ DM080319878BR -----------------
shipped - delayed
R:2014-08-12 08:31:03.0 S:2014-08-13 12:48:00.0 D:null N:null
[Favor desconsiderar a informação anterior, EST09, 2014-08-13T14:05:00-04:00]

[Objeto postado, PO01, 2014-08-13T12:48:00-04:00]

------------------ ------------- -----------------
------------------ DM112891395BR -----------------
shipped - delayed
R:2014-08-29 05:09:43.0 S:2014-08-29 15:48:00.0 D:null N:null
[Objeto saiu para entrega ao destinatário, OEC01, 2014-09-01T12:59:00-04:00]

[Área com distribuição sujeita a prazo diferenciado, BDR66, 2014-08-30T10:00:00-04:00]

[Objeto encaminhado, RO01, 2014-08-29T16:15:00-04:00]

[Objeto postado, PO01, 2014-08-29T15:48:00-04:00]

[Favor desconsiderar a informação anterior, EST09, 2014-08-29T15:46:00-04:00]

[Objeto postado, PO01, 2014-08-29T15:44:00-04:00]

------------------ ------------- -----------------
------------------ DM111686239BR -----------------
shipped - null
R:2014-08-28 14:55:44.0 S:2014-08-29 15:44:00.0 D:null N:null
[Objeto encaminhado, RO01, 2014-08-29T21:22:00-04:00]

[Objeto encaminhado, RO01, 2014-08-29T16:14:00-04:00]

[Objeto postado, PO01, 2014-08-29T15:48:00-04:00]

[Favor desconsiderar a informação anterior, EST09, 2014-08-29T15:46:00-04:00]

[Objeto postado, PO01, 2014-08-29T15:44:00-04:00]

------------------ ------------- -----------------
------------------ PD900117499BR -----------------
delivered - null
R:2014-08-23 16:37:13.0 S:2014-08-25 15:25:00.0 D:2014-08-29 15:27:00.0 N:null
[Objeto entregue ao destinatário, BDE01, 2014-08-29T15:27:00-04:00]

[Objeto saiu para entrega ao destinatário, OEC01, 2014-08-29T08:38:00-04:00]

[Objeto encaminhado, DO01, 2014-08-26T14:43:00-04:00]

[Objeto encaminhado, RO01, 2014-08-26T09:52:00-04:00]

[Objeto postado após o horário limite da agência, PO09, 2014-08-25T16:26:00-04:00]

[Favor desconsiderar a informação anterior, EST09, 2014-08-25T16:02:00-04:00]

[Objeto postado, PO01, 2014-08-25T15:25:00-04:00]

------------------ ------------- -----------------
------------------ PD909977331BR -----------------
shipped - null
R:2014-08-29 03:27:20.0 S:2014-08-29 15:40:00.0 D:null N:null
[Objeto encaminhado, RO01, 2014-08-29T17:08:00-04:00]

[Objeto postado, PO01, 2014-08-29T15:40:00-04:00]

[Favor desconsiderar a informação anterior, EST09, 2014-08-29T15:38:00-04:00]

[Objeto postado, PO01, 2014-08-29T15:34:00-04:00]

------------------ ------------- -----------------
------------------ PD908541148BR -----------------
shipped - null
R:2014-08-28 15:09:56.0 S:2014-08-29 15:48:00.0 D:null N:null
[Objeto encaminhado, RO01, 2014-08-29T15:51:00-04:00]

[Objeto postado, PO01, 2014-08-29T15:48:00-04:00]

[Favor desconsiderar a informação anterior, EST09, 2014-08-29T15:46:00-04:00]

[Objeto postado, PO01, 2014-08-29T15:44:00-04:00]

------------------ ------------- -----------------
------------------ PD834573486BR -----------------
delivered - null
R:2014-08-01 14:21:50.0 S:2014-08-07 09:37:00.0 D:2014-08-29 11:10:00.0 N:null
[Favor desconsiderar a informação anterior, EST01, 2014-08-29T14:41:00-04:00]

[Objeto entregue ao destinatário, BDR01, 2014-08-29T11:10:00-04:00]

[Saída para entrega cancelada, BDE47, 2014-08-15T16:59:00-04:00]

[Objeto saiu para entrega ao destinatário, OEC01, 2014-08-15T09:29:00-04:00]

[Tentativa de entrega não efetuada, BDE46, 2014-08-14T17:46:00-04:00]

[Objeto saiu para entrega ao destinatário, OEC01, 2014-08-14T10:50:00-04:00]

[Objeto encaminhado, DO01, 2014-08-13T10:29:00-04:00]

[Objeto encaminhado, DO01, 2014-08-07T13:34:00-04:00]

[Objeto encaminhado, RO01, 2014-08-07T09:37:00-04:00]

[Objeto postado após o horário limite da agência, PO09, 2014-08-06T16:57:00-04:00]

------------------ ------------- -----------------
------------------ PD879365333BR -----------------
delivered - null
R:2014-08-19 16:51:04.0 S:2014-08-21 14:56:00.0 D:2014-08-28 09:06:00.0 N:null
[Objeto entregue ao destinatário, BDR01, 2014-08-28T09:06:00-04:00]

[Objeto aguardando retirada no endereço indicado, LDI14, 2014-08-26T07:31:00-04:00]

[Objeto encaminhado, RO01, 2014-08-26T05:55:00-04:00]

[Objeto encaminhado, DO01, 2014-08-25T11:34:00-04:00]

[Objeto encaminhado, DO01, 2014-08-22T14:21:00-04:00]

[Objeto encaminhado, RO01, 2014-08-21T15:37:00-04:00]

[Objeto postado, PO01, 2014-08-21T14:56:00-04:00]

[Favor desconsiderar a informação anterior, EST09, 2014-08-21T14:51:00-04:00]

[Objeto postado, PO01, 2014-08-21T14:40:00-04:00]

------------------ ------------- -----------------
------------------ PD830721428BR -----------------
delivered - null
R:2014-07-31 00:10:25.0 S:2014-07-31 15:11:00.0 D:null N:null
[Favor desconsiderar a informação anterior, EST01, 2014-08-19T09:48:00-04:00]

[Objeto entregue ao destinatário, BDR01, 2014-08-08T18:49:00-04:00]

[Tentativa de entrega não efetuada, BDE46, 2014-08-08T18:48:00-04:00]

[Objeto saiu para entrega ao destinatário, OEC01, 2014-08-08T13:18:00-04:00]

[Objeto encaminhado, RO01, 2014-08-06T10:42:00-04:00]

[Objeto encaminhado, RO01, 2014-08-01T13:46:00-04:00]

[Objeto encaminhado, DO01, 2014-07-31T15:11:00-04:00]

[Objeto postado após o horário limite da agência, PO09, 2014-07-31T14:58:00-04:00]

------------------ ------------- -----------------
------------------ PD899622566BR -----------------
shipped - null
R:2014-08-23 03:30:12.0 S:2014-08-25 17:11:00.0 D:null N:null
[Objeto encaminhado, DO01, 2014-09-01T09:18:00-04:00]

[Objeto encaminhado, DO01, 2014-08-27T09:58:00-04:00]

[Objeto encaminhado, DO01, 2014-08-25T17:11:00-04:00]

[Objeto postado após o horário limite da agência, PO09, 2014-08-25T17:02:00-04:00]

[Favor desconsiderar a informação anterior, EST09, 2014-08-25T16:52:00-04:00]

[Objeto postado após o horário limite da agência, PO09, 2014-08-25T16:39:00-04:00]

------------------ ------------- -----------------
------------------ PD899682940BR -----------------
shipped - null
R:2014-08-23 05:20:28.0 S:2014-08-25 17:05:00.0 D:null N:null
[Objeto encaminhado, DO01, 2014-08-27T09:59:00-04:00]

[Objeto encaminhado, RO01, 2014-08-25T17:05:00-04:00]

[Objeto postado após o horário limite da agência, PO09, 2014-08-25T17:02:00-04:00]

[Favor desconsiderar a informação anterior, EST09, 2014-08-25T16:52:00-04:00]

[Objeto postado após o horário limite da agência, PO09, 2014-08-25T16:39:00-04:00]

------------------ ------------- -----------------
------------------ PD905716888BR -----------------
shipped - null
R:2014-08-26 21:39:28.0 S:2014-08-28 12:21:00.0 D:null N:null
[Objeto saiu para entrega ao destinatário, OEC01, 2014-09-01T07:30:00-04:00]

[Objeto encaminhado, DO01, 2014-08-30T15:32:00-04:00]

[Objeto encaminhado, DO01, 2014-08-29T14:27:00-04:00]

[Objeto encaminhado, RO01, 2014-08-29T08:45:00-04:00]

[Objeto postado, PO01, 2014-08-28T13:35:00-04:00]

[Favor desconsiderar a informação anterior, EST09, 2014-08-28T12:24:00-04:00]

[Objeto postado, PO01, 2014-08-28T12:21:00-04:00]

------------------ ------------- -----------------
------------------ DG602458546BR -----------------
shipped - null
R:2014-08-27 19:36:32.0 S:2014-08-29 09:41:00.0 D:null N:null
[Favor desconsiderar a informação anterior, EST09, 2014-08-29T11:18:00-04:00]

[Objeto postado, PO01, 2014-08-29T09:41:00-04:00]

------------------ ------------- -----------------
------------------ DG602389845BR -----------------
delivered - null
R:2014-08-25 12:36:19.0 S:2014-08-26 14:34:00.0 D:2014-08-29 13:13:00.0 N:null
[Objeto entregue ao destinatário, BDI01, 2014-08-29T13:13:00-04:00]

[Objeto aguardando retirada no endereço indicado, LDI01, 2014-08-29T13:11:00-04:00]

[Favor desconsiderar a informação anterior, EST05, 2014-08-29T13:06:00-04:00]

[Objeto aguardando retirada no endereço indicado, LDI01, 2014-08-29T08:52:00-04:00]

[Objeto encaminhado, RO01, 2014-08-28T15:43:00-04:00]

[Objeto encaminhado, RO01, 2014-08-27T13:29:00-04:00]

[Objeto encaminhado, RO01, 2014-08-26T21:12:00-04:00]

[Objeto encaminhado, RO01, 2014-08-26T16:37:00-04:00]

[Objeto postado, PO01, 2014-08-26T14:34:00-04:00]

------------------ ------------- -----------------
------------------ PD907292435BR -----------------
shipped - null
R:2014-08-28 05:19:54.0 S:2014-08-28 11:03:00.0 D:null N:null
[Objeto encaminhado, RO01, 2014-08-28T16:29:00-04:00]

[Objeto postado, PO01, 2014-08-28T11:03:00-04:00]

[Favor desconsiderar a informação anterior, EST09, 2014-08-28T11:02:00-04:00]

[Objeto postado, PO01, 2014-08-28T10:42:00-04:00]

------------------ ------------- -----------------
------------------ DM080833093BR -----------------
shipped - reclaimed
R:2014-08-14 19:55:06.0 S:2014-08-18 09:08:00.0 D:null N:null
[Favor desconsiderar a informação anterior, EST09, 2014-08-18T14:16:00-04:00]

[Objeto postado, PO01, 2014-08-18T09:08:00-04:00]

------------------ ------------- -----------------
------------------ PD904645244BR -----------------
shipped - null
R:2014-08-26 12:14:18.0 S:2014-08-26 15:40:00.0 D:null N:null
[Objeto encaminhado, RO01, 2014-08-29T14:42:00-04:00]

[Objeto mal encaminhado, FC03, 2014-08-29T14:31:00-04:00]

[Favor desconsiderar a informação anterior, EST06, 2014-08-29T14:31:00-04:00]

[Objeto mal encaminhado, FC03, 2014-08-29T08:31:00-04:00]

[Objeto encaminhado, RO01, 2014-08-27T20:26:00-04:00]

[Objeto postado, PO01, 2014-08-26T15:40:00-04:00]

[Objeto encaminhado, DO01, 2014-08-25T14:00:00-04:00]

------------------ ------------- -----------------
------------------ PD905766062BR -----------------
shipped - null
R:2014-08-27 04:04:46.0 S:2014-08-28 14:09:00.0 D:null N:null
[Objeto encaminhado, DO01, 2014-08-29T14:37:00-04:00]

[Objeto encaminhado, RO01, 2014-08-28T17:15:00-04:00]

[Objeto postado, PO01, 2014-08-28T14:20:00-04:00]

[Favor desconsiderar a informação anterior, EST09, 2014-08-28T14:19:00-04:00]

[Objeto postado, PO01, 2014-08-28T14:09:00-04:00]

------------------ ------------- -----------------
------------------ PD806808883BR -----------------
shipped - null
R:2014-07-22 22:48:00.0 S:2014-07-29 13:35:00.0 D:null N:null
[Favor desconsiderar a informação anterior, EST09, 2014-07-29T13:35:00-04:00]

[Objeto postado, PO01, 2014-07-29T13:35:00-04:00]

------------------ ------------- -----------------
------------------ DM102534076BR -----------------
delivered - null
R:2014-08-23 10:49:56.0 S:2014-08-27 16:02:00.0 D:2014-08-29 18:12:00.0 N:null
[Objeto entregue ao destinatário, BDE01, 2014-08-29T18:12:00-04:00]

[Objeto saiu para entrega ao destinatário, OEC01, 2014-08-29T14:29:00-04:00]

[Objeto encaminhado, DO01, 2014-08-29T08:26:00-04:00]

[Objeto encaminhado, DO01, 2014-08-28T21:30:00-04:00]

[Objeto postado após o horário limite da agência, PO09, 2014-08-27T16:02:00-04:00]

[Favor desconsiderar a informação anterior, EST09, 2014-08-27T15:55:00-04:00]

[Objeto postado após o horário limite da agência, PO09, 2014-08-27T15:54:00-04:00]

------------------ ------------- -----------------
------------------ PD801231135BR -----------------
shipped - delayed
R:2014-07-17 16:27:58.0 S:2014-07-18 13:47:00.0 D:null N:null
[Objeto postado, PO01, 2014-07-25T15:11:00-04:00]

[Favor desconsiderar a informação anterior, EST09, 2014-07-18T13:51:00-04:00]

[Objeto postado, PO01, 2014-07-18T13:47:00-04:00]

------------------ ------------- -----------------
------------------ PD906471299BR -----------------
shipped - null
R:2014-08-27 11:47:39.0 S:2014-08-28 15:19:00.0 D:null N:null
[Objeto encaminhado, DO01, 2014-08-29T16:01:00-04:00]

[Objeto encaminhado, RO01, 2014-08-28T15:19:00-04:00]

[Objeto postado, PO01, 2014-08-28T14:59:00-04:00]

[Favor desconsiderar a informação anterior, EST09, 2014-08-28T14:57:00-04:00]

[Objeto postado, PO01, 2014-08-28T14:48:00-04:00]

------------------ ------------- -----------------
------------------ PD899668735BR -----------------
shipped - waiting_for_withdrawal
R:2014-08-23 04:54:54.0 S:2014-08-26 12:54:00.0 D:null N:null
[Objeto aguardando retirada no endereço indicado, LDI01, 2014-08-28T09:54:00-04:00]

[Favor desconsiderar a informação anterior, EST06, 2014-08-28T09:52:00-04:00]

[Objeto aguardando retirada no endereço indicado, LDI01, 2014-08-28T09:49:00-04:00]

[Objeto encaminhado, RO01, 2014-08-27T15:35:00-04:00]

[Objeto encaminhado, RO01, 2014-08-27T08:25:00-04:00]

[Objeto encaminhado, DO01, 2014-08-26T21:09:00-04:00]

[Objeto postado, PO01, 2014-08-26T12:54:00-04:00]

------------------ ------------- -----------------
------------------ DM110026155BR -----------------
delivered - null
R:2014-08-27 13:11:30.0 S:2014-08-27 16:51:00.0 D:2014-08-28 17:43:00.0 N:null
[Objeto encaminhado, RO01, 2014-08-29T10:48:00-04:00]

[Objeto entregue ao destinatário, BDE01, 2014-08-28T17:43:00-04:00]

[Objeto saiu para entrega ao destinatário, OEC01, 2014-08-28T15:12:00-04:00]

[Objeto encaminhado, RO01, 2014-08-28T10:56:00-04:00]

[Objeto mal encaminhado, FC03, 2014-08-28T10:38:00-04:00]

[Favor desconsiderar a informação anterior, EST06, 2014-08-28T10:38:00-04:00]

[Objeto mal encaminhado, FC03, 2014-08-28T10:37:00-04:00]

[Objeto encaminhado, DO01, 2014-08-27T21:18:00-04:00]

[Objeto encaminhado, RO01, 2014-08-27T16:51:00-04:00]

[Objeto postado, PO01, 2014-08-27T16:32:00-04:00]

------------------ ------------- -----------------
------------------ PD855143102BR -----------------
shipped - reclaimed
R:2014-08-08 05:39:30.0 S:2014-08-12 10:20:00.0 D:null N:null
[Favor desconsiderar a informação anterior, EST09, 2014-08-12T10:29:00-04:00]

[Objeto postado, PO01, 2014-08-12T10:20:00-04:00]

------------------ ------------- -----------------
------------------ DM110705210BR -----------------
delivered - null
R:2014-08-28 06:58:07.0 S:2014-08-28 14:27:00.0 D:2014-08-29 18:28:00.0 N:null
[Objeto entregue ao destinatário, BDE01, 2014-08-29T18:28:00-04:00]

[Objeto saiu para entrega ao destinatário, OEC01, 2014-08-29T10:01:00-04:00]

[Objeto encaminhado, DO01, 2014-08-29T05:35:00-04:00]

[Objeto encaminhado, RO01, 2014-08-28T21:43:00-04:00]

[Objeto postado, PO01, 2014-08-28T14:27:00-04:00]

[Favor desconsiderar a informação anterior, EST09, 2014-08-28T14:19:00-04:00]

[Objeto postado, PO01, 2014-08-28T14:13:00-04:00]

------------------ ------------- -----------------
------------------ DM110033567BR -----------------
delivered - null
R:2014-08-27 13:55:47.0 S:2014-08-28 15:22:00.0 D:2014-08-29 15:48:00.0 N:null
[Objeto entregue ao destinatário, BDE01, 2014-08-29T15:48:00-04:00]

[Objeto saiu para entrega ao destinatário, OEC01, 2014-08-29T08:54:00-04:00]

[Objeto encaminhado, DO01, 2014-08-29T07:09:00-04:00]

[Objeto encaminhado, RO01, 2014-08-28T20:56:00-04:00]

[Objeto encaminhado, RO01, 2014-08-28T17:00:00-04:00]

[Objeto postado, PO01, 2014-08-28T15:59:00-04:00]

[Favor desconsiderar a informação anterior, EST09, 2014-08-28T15:23:00-04:00]

[Objeto postado, PO01, 2014-08-28T15:22:00-04:00]

------------------ ------------- -----------------
------------------ PD885019506BR -----------------
shipped - null
R:2014-08-21 13:56:47.0 S:2014-08-22 17:22:00.0 D:null N:null
[Objeto saiu para entrega ao destinatário, OEC01, 2014-09-01T08:35:00-04:00]

[A entrega não pode ser efetuada - Carteiro não atendido, BDE20, 2014-08-29T15:58:00-04:00]

[Objeto saiu para entrega ao destinatário, OEC01, 2014-08-29T09:33:00-04:00]

[Favor desconsiderar a informação anterior, EST05, 2014-08-29T09:25:00-04:00]

[Objeto saiu para entrega ao destinatário, OEC01, 2014-08-29T08:26:00-04:00]

[A entrega não pode ser efetuada - Carteiro não atendido, BDE20, 2014-08-28T16:06:00-04:00]

[Objeto saiu para entrega ao destinatário, OEC01, 2014-08-28T09:47:00-04:00]

[Objeto encaminhado, DO01, 2014-08-25T13:36:00-04:00]

[Objeto encaminhado, RO01, 2014-08-25T09:24:00-04:00]

[Objeto postado após o horário limite da agência, PO09, 2014-08-22T17:22:00-04:00]

------------------ ------------- -----------------
------------------ PD882796695BR -----------------
shipped - null
R:2014-08-20 19:19:58.0 S:2014-08-25 08:33:00.0 D:null N:null
[Objeto encaminhado, DO01, 2014-08-26T14:40:00-04:00]

[Objeto encaminhado, RO01, 2014-08-26T09:43:00-04:00]

[Objeto postado, PO01, 2014-08-25T08:33:00-04:00]

[Favor desconsiderar a informação anterior, EST09, 2014-08-25T08:30:00-04:00]

[Objeto postado, PO01, 2014-08-25T08:24:00-04:00]

------------------ ------------- -----------------
------------------ DM032248916BR -----------------
shipped - reclaimed
R:2014-07-10 09:55:38.0 S:2014-07-23 10:03:00.0 D:null N:null
[Objeto não localizado, BDR09, 2014-08-04T14:25:00-04:00]

[Objeto encaminhado, RO01, 2014-07-28T19:50:00-04:00]

[Objeto encaminhado, RO01, 2014-07-28T16:43:00-04:00]

[Objeto postado, PO01, 2014-07-28T15:09:00-04:00]

[Favor desconsiderar a informação anterior, EST09, 2014-07-23T10:58:00-04:00]

[Objeto postado, PO01, 2014-07-23T10:03:00-04:00]

------------------ ------------- -----------------
------------------ PD728045425BR -----------------
shipped - reclaimed
R:2014-06-08 12:08:11.0 S:2014-06-09 18:37:00.0 D:null N:null
[Favor desconsiderar a informação anterior, EST09, 2014-06-09T18:44:00-04:00]

[Objeto postado após o horário limite da agência, PO09, 2014-06-09T18:37:00-04:00]

------------------ ------------- -----------------
------------------ PD755678688BR -----------------
shipped - reclaimed
R:2014-06-22 11:19:07.0 S:2014-06-23 09:52:00.0 D:null N:null
[Favor desconsiderar a informação anterior, EST09, 2014-06-23T10:07:00-04:00]

[Objeto postado, PO01, 2014-06-23T10:07:00-04:00]

[Favor desconsiderar a informação anterior, EST09, 2014-06-23T10:01:00-04:00]

[Objeto postado, PO01, 2014-06-23T09:52:00-04:00]

------------------ ------------- -----------------
------------------ PD885049105BR -----------------
delivered - null
R:2014-08-21 16:06:29.0 S:2014-08-25 13:04:00.0 D:2014-08-29 10:16:00.0 N:null
[A entrega não pode ser efetuada - Carteiro não atendido, BDR20, 2014-08-29T10:19:00-04:00]

[Favor desconsiderar a informação anterior, EST01, 2014-08-29T10:18:00-04:00]

[Objeto entregue ao destinatário, BDE01, 2014-08-29T10:16:00-04:00]

[Objeto saiu para entrega ao destinatário, OEC01, 2014-08-29T07:51:00-04:00]

[Tentativa de entrega não efetuada, BDE46, 2014-08-28T17:25:00-04:00]

[Objeto saiu para entrega ao destinatário, OEC01, 2014-08-28T13:49:00-04:00]

[Objeto encaminhado, DO01, 2014-08-26T11:00:00-04:00]

[Objeto encaminhado, RO01, 2014-08-25T14:41:00-04:00]

[Objeto postado, PO01, 2014-08-25T13:04:00-04:00]

------------------ ------------- -----------------
------------------ PD901488641BR -----------------
shipped - null
R:2014-08-25 11:30:24.0 S:2014-08-26 14:39:00.0 D:null N:null
[Objeto encaminhado, DO01, 2014-08-27T14:40:00-04:00]

[Objeto encaminhado, RO01, 2014-08-27T07:50:00-04:00]

[Objeto postado, PO01, 2014-08-26T14:39:00-04:00]

[Favor desconsiderar a informação anterior, EST09, 2014-08-26T14:35:00-04:00]

[Objeto postado, PO01, 2014-08-26T14:31:00-04:00]

------------------ ------------- -----------------
------------------ PD853039739BR -----------------
delivered - null
R:2014-08-07 05:30:13.0 S:2014-08-07 15:13:00.0 D:null N:null
[Objeto entregue ao destinatário, BDI01, 2014-08-13T12:33:00-04:00]

[Objeto aguardando retirada no endereço indicado, LDI01, 2014-08-13T12:33:00-04:00]

[Favor desconsiderar a informação anterior, EST05, 2014-08-13T12:32:00-04:00]

[Objeto saiu para entrega ao destinatário, OEC01, 2014-08-13T07:21:00-04:00]

[Objeto encaminhado, RO01, 2014-08-12T12:19:00-04:00]

[Objeto encaminhado, DO01, 2014-08-08T13:42:00-04:00]

[Objeto encaminhado, RO01, 2014-08-08T08:49:00-04:00]

[Objeto postado, PO01, 2014-08-07T15:13:00-04:00]

------------------ ------------- -----------------
------------------ PD904292079BR -----------------
shipped - null
R:2014-08-26 11:17:23.0 S:2014-08-27 08:19:00.0 D:null N:null
[Objeto encaminhado, RO01, 2014-08-28T13:37:00-04:00]

[Objeto encaminhado, RO01, 2014-08-27T16:54:00-04:00]

[Objeto postado, PO01, 2014-08-27T09:28:00-04:00]

[Favor desconsiderar a informação anterior, EST09, 2014-08-27T09:27:00-04:00]

[Objeto postado, PO01, 2014-08-27T08:19:00-04:00]

------------------ ------------- -----------------
------------------ PD880338397BR -----------------
shipped - null
R:2014-08-19 21:55:27.0 S:2014-08-20 18:27:00.0 D:null N:null
[Objeto saiu para entrega ao destinatário, OEC01, 2014-09-01T09:28:00-04:00]

[Objeto encaminhado, RO01, 2014-08-27T15:33:00-04:00]

[Objeto encaminhado, DO01, 2014-08-21T13:27:00-04:00]

[Objeto encaminhado, RO01, 2014-08-21T08:38:00-04:00]

[Objeto postado após o horário limite da agência, PO09, 2014-08-20T18:27:00-04:00]

[Favor desconsiderar a informação anterior, EST09, 2014-08-20T18:24:00-04:00]

[Objeto postado após o horário limite da agência, PO09, 2014-08-20T18:23:00-04:00]

------------------ ------------- -----------------
------------------ DG483580774BR -----------------
shipped - reclaimed
R:2014-06-10 15:31:42.0 S:2014-06-18 13:22:00.0 D:null N:null
[Favor desconsiderar a informação anterior, EST09, 2014-06-18T14:22:00-04:00]

[Objeto postado, PO01, 2014-06-18T13:22:00-04:00]

------------------ ------------- -----------------
------------------ PD901130015BR -----------------
shipped - null
R:2014-08-25 08:20:42.0 S:2014-08-26 16:52:00.0 D:null N:null
[Objeto saiu para entrega ao destinatário, OEC01, 2014-09-01T10:15:00-04:00]

[Objeto encaminhado, DO01, 2014-08-27T15:04:00-04:00]

[Objeto encaminhado, DO01, 2014-08-26T16:52:00-04:00]

[Objeto postado, PO01, 2014-08-26T16:50:00-04:00]

[Favor desconsiderar a informação anterior, EST09, 2014-08-26T16:48:00-04:00]

[Objeto postado, PO01, 2014-08-26T15:58:00-04:00]

------------------ ------------- -----------------
------------------ DG466178282BR -----------------
shipped - reclaimed
R:2014-05-30 11:31:38.0 S:2014-06-02 11:38:00.0 D:null N:null
[Favor desconsiderar a informação anterior, EST09, 2014-06-02T11:43:00-04:00]

[Objeto postado, PO01, 2014-06-02T11:38:00-04:00]

------------------ ------------- -----------------
------------------ PD874280256BR -----------------
delivered - null
R:2014-08-17 08:53:52.0 S:2014-08-19 14:15:00.0 D:2014-08-29 18:39:00.0 N:null
[Objeto entregue ao destinatário, BDE01, 2014-08-29T18:39:00-04:00]

[Objeto saiu para entrega ao destinatário, OEC01, 2014-08-29T08:51:00-04:00]

[A entrega não pode ser efetuada - Logradouro com numeração irregular, BDR34, 2014-08-27T12:43:00-04:00]

[Favor desconsiderar a informação anterior, EST05, 2014-08-27T12:36:00-04:00]

[Saída para entrega cancelada, BDE47, 2014-08-27T08:37:00-04:00]

[Objeto saiu para entrega ao destinatário, OEC01, 2014-08-27T07:44:00-04:00]

[Objeto encaminhado, DO01, 2014-08-19T21:15:00-04:00]

[Objeto encaminhado, RO01, 2014-08-19T14:38:00-04:00]

[Objeto postado, PO01, 2014-08-19T14:15:00-04:00]

------------------ ------------- -----------------
------------------ PD900456877BR -----------------
delivered - null
R:2014-08-24 06:04:43.0 S:2014-08-25 16:38:00.0 D:2014-08-29 14:21:00.0 N:null
[Objeto entregue ao destinatário, BDE01, 2014-08-29T14:21:00-04:00]

[Objeto saiu para entrega ao destinatário, OEC01, 2014-08-29T10:27:00-04:00]

[Objeto encaminhado, RO01, 2014-08-28T15:05:00-04:00]

[Objeto mal encaminhado, FC03, 2014-08-28T15:03:00-04:00]

[Favor desconsiderar a informação anterior, EST06, 2014-08-28T15:03:00-04:00]

[Objeto mal encaminhado, FC03, 2014-08-28T14:18:00-04:00]

[Objeto encaminhado, DO01, 2014-08-28T05:20:00-04:00]

[Objeto encaminhado, DO01, 2014-08-26T15:44:00-04:00]

[Objeto encaminhado, DO01, 2014-08-25T16:38:00-04:00]

[Objeto postado, PO01, 2014-08-25T15:05:00-04:00]

------------------ ------------- -----------------
------------------ PD906550059BR -----------------
shipped - null
R:2014-08-27 17:54:01.0 S:2014-08-28 11:03:00.0 D:null N:null
[Objeto encaminhado, RO01, 2014-08-28T16:29:00-04:00]

[Objeto postado, PO01, 2014-08-28T11:03:00-04:00]

[Favor desconsiderar a informação anterior, EST09, 2014-08-28T11:02:00-04:00]

[Objeto postado, PO01, 2014-08-28T10:42:00-04:00]

------------------ ------------- -----------------
------------------ DM066153090BR -----------------
shipped - reclaimed
R:2014-08-05 20:10:30.0 S:2014-08-06 13:08:00.0 D:null N:null
[Favor desconsiderar a informação anterior, EST09, 2014-08-06T15:03:00-04:00]

[Objeto postado, PO01, 2014-08-06T13:08:00-04:00]

------------------ ------------- -----------------
------------------ PD755091518BR -----------------
shipped - reclaimed
R:2014-06-21 12:41:45.0 S:2014-06-23 09:04:00.0 D:null N:null
[Favor desconsiderar a informação anterior, EST09, 2014-06-23T09:12:00-04:00]

[Objeto postado, PO01, 2014-06-23T09:04:00-04:00]

------------------ ------------- -----------------
------------------ DM080303780BR -----------------
shipped - reclaimed
R:2014-08-12 07:31:59.0 S:2014-08-13 12:48:00.0 D:null N:null
[Favor desconsiderar a informação anterior, EST09, 2014-08-13T14:05:00-04:00]

[Objeto postado, PO01, 2014-08-13T12:48:00-04:00]

------------------ ------------- -----------------
------------------ PD764978005BR -----------------
shipped - reclaimed
R:2014-06-25 21:49:17.0 S:2014-06-26 11:01:00.0 D:null N:null
[Favor desconsiderar a informação anterior, EST09, 2014-06-26T14:41:00-04:00]

[Objeto postado, PO01, 2014-06-26T11:01:00-04:00]

------------------ ------------- -----------------
------------------ DM111631368BR -----------------
shipped - null
R:2014-08-28 07:36:44.0 S:2014-08-29 09:12:00.0 D:null N:null
[Objeto encaminhado, RO01, 2014-08-29T20:48:00-04:00]

[Objeto encaminhado, RO01, 2014-08-29T15:31:00-04:00]

[Objeto postado, PO01, 2014-08-29T14:17:00-04:00]

[Favor desconsiderar a informação anterior, EST09, 2014-08-29T13:41:00-04:00]

[Objeto postado, PO01, 2014-08-29T09:12:00-04:00]

------------------ ------------- -----------------
------------------ PD906215675BR -----------------
shipped - null
R:2014-08-27 08:47:09.0 S:2014-08-28 11:03:00.0 D:null N:null
[Objeto saiu para entrega ao destinatário, OEC01, 2014-09-01T08:46:00-04:00]

[Objeto encaminhado, DO01, 2014-08-30T05:06:00-04:00]

[Objeto encaminhado, RO01, 2014-08-28T16:29:00-04:00]

[Objeto postado, PO01, 2014-08-28T11:03:00-04:00]

[Favor desconsiderar a informação anterior, EST09, 2014-08-28T11:02:00-04:00]

[Objeto postado, PO01, 2014-08-28T10:42:00-04:00]

------------------ ------------- -----------------
------------------ SW987415723BR -----------------
shipped - reclaimed
R:2014-06-10 13:36:10.0 S:2014-06-16 15:59:00.0 D:null N:null
[Favor desconsiderar a informação anterior, EST09, 2014-06-16T16:19:00-04:00]

[Objeto postado, PO01, 2014-06-16T15:59:00-04:00]

------------------ ------------- -----------------
------------------ PD906169888BR -----------------
shipped - null
R:2014-08-27 05:08:51.0 S:2014-08-27 17:01:00.0 D:null N:null
[Objeto encaminhado, RO01, 2014-09-01T09:40:00-04:00]

[Objeto mal encaminhado, FC03, 2014-09-01T09:37:00-04:00]

[Favor desconsiderar a informação anterior, EST05, 2014-09-01T09:29:00-04:00]

[Objeto encaminhado, RO01, 2014-09-01T09:21:00-04:00]

[Objeto encaminhado, DO01, 2014-08-30T14:19:00-04:00]

[Objeto encaminhado, RO01, 2014-08-29T16:06:00-04:00]

[Objeto encaminhado, RO01, 2014-08-27T17:01:00-04:00]

[Objeto postado, PO01, 2014-08-27T10:33:00-04:00]

------------------ ------------- -----------------
------------------ PD899630752BR -----------------
shipped - delayed
R:2014-08-23 03:45:37.0 S:2014-08-25 12:30:00.0 D:null N:null
[Objeto encaminhado, RO01, 2014-09-01T09:23:00-04:00]

[Objeto mal encaminhado, FC03, 2014-09-01T09:14:00-04:00]

[Favor desconsiderar a informação anterior, EST06, 2014-09-01T09:07:00-04:00]

[Objeto mal encaminhado, FC03, 2014-09-01T09:05:00-04:00]

[Objeto encaminhado, RO01, 2014-08-31T09:46:00-04:00]

[Objeto encaminhado, DO01, 2014-08-26T13:30:00-04:00]

[Objeto encaminhado, DO01, 2014-08-26T08:48:00-04:00]

[Objeto postado, PO01, 2014-08-25T12:30:00-04:00]

------------------ ------------- -----------------
------------------ PD862377425BR -----------------
shipped - null
R:2014-08-13 06:12:51.0 S:2014-09-01 09:27:00.0 D:null N:null
[Favor desconsiderar a informação anterior, EST09, 2014-09-01T10:20:00-04:00]

[Objeto postado, PO01, 2014-09-01T09:27:00-04:00]

------------------ ------------- -----------------
------------------ PD904313220BR -----------------
delivered - null
R:2014-08-26 11:53:20.0 S:2014-08-27 12:40:00.0 D:2014-09-01 08:39:00.0 N:null
[Objeto saiu para entrega ao destinatário, OEC01, 2014-09-01T09:36:00-04:00]

[Favor desconsiderar a informação anterior, EST01, 2014-09-01T09:30:00-04:00]

[Saída para entrega cancelada, BDR47, 2014-09-01T09:00:00-04:00]

[Objeto entregue ao destinatário, BDE01, 2014-09-01T08:39:00-04:00]

[Objeto saiu para entrega ao destinatário, OEC01, 2014-09-01T08:30:00-04:00]

[Saída para entrega cancelada, BDE47, 2014-09-01T08:23:00-04:00]

[Objeto saiu para entrega ao destinatário, OEC01, 2014-09-01T07:31:00-04:00]

[Objeto encaminhado, DO01, 2014-08-31T10:29:00-04:00]

[Objeto encaminhado, DO01, 2014-08-28T13:19:00-04:00]

[Objeto encaminhado, DO01, 2014-08-28T08:45:00-04:00]

[Objeto postado, PO01, 2014-08-27T12:40:00-04:00]

------------------ ------------- -----------------
------------------ PD875245088BR -----------------
shipped - waiting_for_withdrawal
R:2014-08-17 20:47:22.0 S:2014-08-18 13:51:00.0 D:null N:null
[Objeto encaminhado, RO01, 2014-09-01T08:25:00-04:00]

[Favor desconsiderar a informação anterior, EST01, 2014-09-01T08:19:00-04:00]

[A entrega não pode ser efetuada - Carteiro não atendido, BDR02, 2014-08-30T11:01:00-04:00]

[A entrega não pode ser efetuada - Carteiro não atendido, BDE20, 2014-08-29T12:32:00-04:00]

[Objeto saiu para entrega ao destinatário, OEC01, 2014-08-29T08:25:00-04:00]

[A entrega não pode ser efetuada - Carteiro não atendido, BDE20, 2014-08-28T13:23:00-04:00]

[Objeto saiu para entrega ao destinatário, OEC01, 2014-08-28T08:00:00-04:00]

[A entrega não pode ser efetuada - Carteiro não atendido, BDE20, 2014-08-26T16:43:00-04:00]

[Objeto saiu para entrega ao destinatário, OEC01, 2014-08-26T13:07:00-04:00]

[A entrega não pode ser efetuada - Carteiro não atendido, BDE20, 2014-08-25T13:42:00-04:00]

[Objeto saiu para entrega ao destinatário, OEC01, 2014-08-25T08:45:00-04:00]

[Objeto encaminhado, DO01, 2014-08-24T01:57:00-04:00]

[Objeto encaminhado, DO01, 2014-08-19T14:48:00-04:00]

[Objeto encaminhado, RO01, 2014-08-19T08:29:00-04:00]

[Objeto postado, PO01, 2014-08-18T13:51:00-04:00]

------------------ ------------- -----------------
------------------ PD909998172BR -----------------
shipped - null
R:2014-08-29 04:01:57.0 S:2014-09-01 09:40:00.0 D:null N:null
[Favor desconsiderar a informação anterior, EST09, 2014-09-01T10:38:00-04:00]

[Objeto postado, PO01, 2014-09-01T09:40:00-04:00]

------------------ ------------- -----------------
------------------ PD907745670BR -----------------
delivered - null
R:2014-08-28 07:20:50.0 S:2014-08-28 13:44:00.0 D:2014-09-01 07:21:00.0 N:null
[Objeto entregue ao destinatário, BDE01, 2014-09-01T07:36:00-04:00]

[Objeto saiu para entrega ao destinatário, OEC01, 2014-09-01T07:35:00-04:00]

[Favor desconsiderar a informação anterior, EST06, 2014-09-01T07:34:00-04:00]

[Saída para entrega cancelada, BDR47, 2014-09-01T07:30:00-04:00]

[Objeto entregue ao destinatário, BDE01, 2014-09-01T07:21:00-04:00]

[Objeto saiu para entrega ao destinatário, OEC01, 2014-09-01T07:20:00-04:00]

[Objeto encaminhado, DO01, 2014-08-30T15:35:00-04:00]

[Objeto encaminhado, RO01, 2014-08-29T15:59:00-04:00]

[Objeto encaminhado, RO01, 2014-08-28T15:40:00-04:00]

[Objeto postado, PO01, 2014-08-28T13:44:00-04:00]

------------------ ------------- -----------------
------------------ PD903869206BR -----------------
shipped - delayed
R:2014-08-26 06:05:55.0 S:2014-08-26 16:39:00.0 D:null N:null
[Objeto encaminhado, RO01, 2014-09-01T09:23:00-04:00]

[Objeto mal encaminhado, FC03, 2014-09-01T09:14:00-04:00]

[Favor desconsiderar a informação anterior, EST06, 2014-09-01T09:07:00-04:00]

[Objeto mal encaminhado, FC03, 2014-09-01T09:05:00-04:00]

[Objeto encaminhado, RO01, 2014-08-31T09:46:00-04:00]

[Objeto encaminhado, DO01, 2014-08-27T13:37:00-04:00]

[Objeto encaminhado, RO01, 2014-08-27T12:16:00-04:00]

[Objeto postado, PO01, 2014-08-26T16:39:00-04:00]

------------------ ------------- -----------------
------------------ PD855467505BR -----------------
delivered - null
R:2014-08-08 14:32:58.0 S:2014-08-12 09:22:00.0 D:2014-08-18 13:05:00.0 N:null
[Favor desconsiderar a informação anterior, EST05, 2014-09-01T09:03:00-04:00]

[Objeto entregue ao destinatário, BDR01, 2014-08-18T13:05:00-04:00]

[Objeto saiu para entrega ao destinatário, OEC01, 2014-08-18T07:46:00-04:00]

[Objeto encaminhado, DO01, 2014-08-15T20:28:00-04:00]

[Objeto encaminhado, DO01, 2014-08-12T13:38:00-04:00]

[Objeto encaminhado, RO01, 2014-08-12T09:22:00-04:00]

[Objeto postado, PO01, 2014-08-11T15:23:00-04:00]

------------------ ------------- -----------------
------------------ PD910440125BR -----------------
shipped - null
R:2014-08-29 08:35:17.0 S:2014-09-01 09:50:00.0 D:null N:null
[Favor desconsiderar a informação anterior, EST09, 2014-09-01T09:51:00-04:00]

[Objeto postado, PO01, 2014-09-01T09:50:00-04:00]

------------------ ------------- -----------------
------------------ DG602419658BR -----------------
delivered - null
R:2014-08-26 11:47:36.0 S:2014-08-27 15:35:00.0 D:2014-09-01 08:23:00.0 N:null
[Objeto entregue ao destinatário, BDI01, 2014-09-01T08:23:00-04:00]

[Favor desconsiderar a informação anterior, EST05, 2014-09-01T08:23:00-04:00]

[Objeto entregue ao destinatário, BDI01, 2014-09-01T07:59:00-04:00]

[Objeto aguardando retirada no endereço indicado, LDI01, 2014-08-29T07:04:00-04:00]

[Objeto encaminhado, DO01, 2014-08-28T10:33:00-04:00]

[Objeto encaminhado, DO01, 2014-08-27T21:39:00-04:00]

[Objeto encaminhado, RO01, 2014-08-27T15:49:00-04:00]

[Objeto postado, PO01, 2014-08-27T15:35:00-04:00]

------------------ ------------- -----------------
------------------ PD874221615BR -----------------
delivered - null
R:2014-08-16 17:48:53.0 S:2014-08-18 16:04:00.0 D:2014-08-27 15:00:00.0 N:null
[Favor desconsiderar a informação anterior, EST01, 2014-09-01T09:16:00-04:00]

[Objeto entregue ao destinatário, BDE01, 2014-09-01T07:37:00-04:00]

[Objeto entregue ao destinatário, BDR01, 2014-08-27T15:00:00-04:00]

[Objeto saiu para entrega ao destinatário, OEC01, 2014-08-27T10:43:00-04:00]

[Objeto encaminhado, RO01, 2014-08-27T02:38:00-04:00]

[Objeto encaminhado, RO01, 2014-08-25T12:23:00-04:00]

[Objeto encaminhado, RO01, 2014-08-20T15:11:00-04:00]

[Objeto encaminhado, RO01, 2014-08-18T16:26:00-04:00]

[Objeto postado, PO01, 2014-08-18T16:04:00-04:00]

------------------ ------------- -----------------
------------------ DM110033434BR -----------------
delivered - null
R:2014-08-27 13:54:54.0 S:2014-08-29 09:10:00.0 D:2014-08-30 11:31:00.0 N:null
[Objeto saiu para entrega ao destinatário, OEC01, 2014-09-01T09:18:00-04:00]

[Tentativa de entrega não efetuada, BDR46, 2014-08-30T11:35:00-04:00]

[Favor desconsiderar a informação anterior, EST01, 2014-08-30T11:34:00-04:00]

[Objeto entregue ao destinatário, BDE01, 2014-08-30T11:31:00-04:00]

[Objeto saiu para entrega ao destinatário, OEC01, 2014-08-30T08:24:00-04:00]

[Objeto encaminhado, DO01, 2014-08-30T06:08:00-04:00]

[Objeto encaminhado, RO01, 2014-08-29T16:40:00-04:00]

[Objeto postado, PO01, 2014-08-29T09:10:00-04:00]

------------------ ------------- -----------------
------------------ DM111642516BR -----------------
delivered - null
R:2014-08-28 09:31:09.0 S:2014-08-28 16:55:00.0 D:2014-08-30 12:13:00.0 N:null
[Objeto saiu para entrega ao destinatário, OEC01, 2014-09-01T09:38:00-04:00]

[A entrega não pode ser efetuada - Carteiro não atendido, BDR20, 2014-08-30T12:16:00-04:00]

[Favor desconsiderar a informação anterior, EST01, 2014-08-30T12:14:00-04:00]

[Objeto entregue ao destinatário, BDE01, 2014-08-30T12:13:00-04:00]

[Objeto saiu para entrega ao destinatário, OEC01, 2014-08-30T08:03:00-04:00]

[Objeto encaminhado, DO01, 2014-08-29T06:35:00-04:00]

[Objeto encaminhado, DO01, 2014-08-28T21:04:00-04:00]

[Objeto encaminhado, RO01, 2014-08-28T17:15:00-04:00]

[Objeto postado, PO01, 2014-08-28T16:55:00-04:00]

------------------ ------------- -----------------
------------------ PD902702023BR -----------------
delivered - null
R:2014-08-25 20:29:14.0 S:2014-08-26 14:01:00.0 D:2014-08-30 11:35:00.0 N:null
[Objeto entregue ao destinatário, BDE01, 2014-08-30T11:35:00-04:00]

[Objeto saiu para entrega ao destinatário, OEC01, 2014-08-30T08:27:00-04:00]

[Favor desconsiderar a informação anterior, EST01, 2014-08-30T07:15:00-04:00]

[A entrega não pode ser efetuada - Carteiro não atendido, BDR20, 2014-08-29T18:00:00-04:00]

[A entrega não pode ser efetuada - Logradouro com numeração irregular, BDE34, 2014-08-29T17:43:00-04:00]

[Objeto saiu para entrega ao destinatário, OEC01, 2014-08-29T08:50:00-04:00]

[Objeto encaminhado, DO01, 2014-08-28T15:51:00-04:00]

[Objeto encaminhado, RO01, 2014-08-26T19:08:00-04:00]

[Objeto encaminhado, RO01, 2014-08-26T15:54:00-04:00]

[Objeto postado, PO01, 2014-08-26T14:01:00-04:00]

------------------ ------------- -----------------
------------------ PD874188472BR -----------------
delivered - null
R:2014-08-16 14:06:03.0 S:2014-08-20 15:53:00.0 D:2014-08-30 11:43:00.0 N:null
[Favor desconsiderar a informação anterior, EST03, 2014-08-30T12:16:00-04:00]

[Objeto encaminhado, DO01, 2014-08-30T12:08:00-04:00]

[Objeto entregue ao destinatário, BDE01, 2014-08-30T11:43:00-04:00]

[Objeto saiu para entrega ao destinatário, OEC01, 2014-08-30T08:50:00-04:00]

[Objeto encaminhado, DO01, 2014-08-26T15:35:00-04:00]

[Objeto encaminhado, DO01, 2014-08-25T17:17:00-04:00]

[Objeto mal encaminhado, FC03, 2014-08-25T15:55:00-04:00]

[Objeto encaminhado, DO01, 2014-08-21T12:44:00-04:00]

[Objeto encaminhado, DO01, 2014-08-21T11:11:00-04:00]

[Objeto encaminhado, DO01, 2014-08-20T15:53:00-04:00]

[Objeto postado, PO01, 2014-08-20T12:23:00-04:00]

------------------ ------------- -----------------
------------------ PD902656607BR -----------------
delivered - null
R:2014-08-25 17:08:14.0 S:2014-08-26 18:01:00.0 D:2014-08-29 18:00:00.0 N:null
[Favor desconsiderar a informação anterior, EST01, 2014-08-30T07:29:00-04:00]

[Objeto entregue ao destinatário, BDR01, 2014-08-29T18:00:00-04:00]

[A entrega não pode ser efetuada - Logradouro com numeração irregular, BDE34, 2014-08-29T17:43:00-04:00]

[Objeto saiu para entrega ao destinatário, OEC01, 2014-08-29T08:50:00-04:00]

[Objeto encaminhado, DO01, 2014-08-28T15:51:00-04:00]

[Objeto encaminhado, DO01, 2014-08-27T13:54:00-04:00]

[Objeto encaminhado, RO01, 2014-08-26T18:01:00-04:00]

[Objeto postado, PO01, 2014-08-26T16:44:00-04:00]

------------------ ------------- -----------------
------------------ DM109587895BR -----------------
delivered - null
R:2014-08-27 04:07:32.0 S:2014-08-27 14:23:00.0 D:2014-08-29 18:00:00.0 N:null
[Favor desconsiderar a informação anterior, EST01, 2014-08-30T07:30:00-04:00]

[Objeto entregue ao destinatário, BDR01, 2014-08-29T18:00:00-04:00]

[A entrega não pode ser efetuada - Logradouro com numeração irregular, BDE34, 2014-08-29T17:43:00-04:00]

[Objeto saiu para entrega ao destinatário, OEC01, 2014-08-29T08:50:00-04:00]

[Objeto encaminhado, DO01, 2014-08-28T06:31:00-04:00]

[Objeto encaminhado, DO01, 2014-08-27T21:34:00-04:00]

[Objeto encaminhado, RO01, 2014-08-27T16:01:00-04:00]

[Objeto postado, PO01, 2014-08-27T14:23:00-04:00]

------------------ ------------- -----------------
------------------ DM109960436BR -----------------
delivered - null
R:2014-08-27 05:03:20.0 S:2014-08-27 09:11:00.0 D:2014-08-29 18:00:00.0 N:null
[Favor desconsiderar a informação anterior, EST01, 2014-08-30T07:24:00-04:00]

[Objeto entregue ao destinatário, BDR01, 2014-08-29T18:00:00-04:00]

[A entrega não pode ser efetuada - Logradouro com numeração irregular, BDE34, 2014-08-29T17:43:00-04:00]

[Objeto saiu para entrega ao destinatário, OEC01, 2014-08-29T08:50:00-04:00]

[Objeto encaminhado, DO01, 2014-08-28T06:31:00-04:00]

[Objeto encaminhado, RO01, 2014-08-27T23:05:00-04:00]

[Objeto encaminhado, RO01, 2014-08-27T17:01:00-04:00]

[Objeto postado, PO01, 2014-08-27T09:11:00-04:00]

------------------ ------------- -----------------
------------------ PD871924646BR -----------------
delivered - null
R:2014-08-15 04:43:30.0 S:2014-08-26 11:29:00.0 D:2014-08-30 11:31:00.0 N:null
[Objeto saiu para entrega ao destinatário, OEC01, 2014-09-01T09:18:00-04:00]

[Tentativa de entrega não efetuada, BDR46, 2014-08-30T11:35:00-04:00]

[Favor desconsiderar a informação anterior, EST01, 2014-08-30T11:33:00-04:00]

[Objeto entregue ao destinatário, BDE01, 2014-08-30T11:31:00-04:00]

[Objeto saiu para entrega ao destinatário, OEC01, 2014-08-30T08:24:00-04:00]

[Objeto encaminhado, DO01, 2014-08-29T15:52:00-04:00]

[Objeto encaminhado, DO01, 2014-08-27T13:18:00-04:00]

[Objeto encaminhado, RO01, 2014-08-27T09:09:00-04:00]

[Objeto postado, PO01, 2014-08-26T11:29:00-04:00]

------------------ ------------- -----------------
------------------ DM109006215BR -----------------
delivered - null
R:2014-08-26 11:39:36.0 S:2014-08-27 15:34:00.0 D:2014-08-30 11:47:00.0 N:null
[Objeto saiu para entrega ao destinatário, OEC01, 2014-09-01T09:42:00-04:00]

[A entrega não pode ser efetuada - Carteiro não atendido, BDR20, 2014-08-30T12:05:00-04:00]

[Favor desconsiderar a informação anterior, EST01, 2014-08-30T11:59:00-04:00]

[Objeto entregue ao destinatário, BDE01, 2014-08-30T11:47:00-04:00]

[Objeto saiu para entrega ao destinatário, OEC01, 2014-08-30T08:32:00-04:00]

[Objeto encaminhado, DO01, 2014-08-30T00:49:00-04:00]

[Objeto encaminhado, RO01, 2014-08-29T07:34:00-04:00]

[Objeto encaminhado, DO01, 2014-08-29T01:00:00-04:00]

[Objeto encaminhado, DO01, 2014-08-27T21:02:00-04:00]

[Objeto encaminhado, RO01, 2014-08-27T16:43:00-04:00]

[Objeto postado, PO01, 2014-08-27T15:34:00-04:00]

------------------ ------------- -----------------
------------------ PD900105884BR -----------------
delivered - null
R:2014-08-23 15:05:15.0 S:2014-08-25 16:12:00.0 D:2014-08-30 11:27:00.0 N:null
[Favor desconsiderar a informação anterior, EST01, 2014-08-30T11:30:00-04:00]

[A entrega não pode ser efetuada - Carteiro não atendido, BDR20, 2014-08-30T11:30:00-04:00]

[Objeto entregue ao destinatário, BDE01, 2014-08-30T11:27:00-04:00]

[Objeto saiu para entrega ao destinatário, OEC01, 2014-08-30T07:42:00-04:00]

[A entrega não pode ser efetuada - Logradouro com numeração irregular, BDE34, 2014-08-29T17:56:00-04:00]

[Objeto saiu para entrega ao destinatário, OEC01, 2014-08-29T12:37:00-04:00]

[Objeto encaminhado, DO01, 2014-08-28T15:51:00-04:00]

[Objeto encaminhado, RO01, 2014-08-26T16:17:00-04:00]

[Objeto encaminhado, RO01, 2014-08-25T16:12:00-04:00]

[Objeto postado após o horário limite da agência, PO09, 2014-08-25T15:42:00-04:00]

------------------ ------------- -----------------
------------------ PD880835122BR -----------------
delivered - null
R:2014-08-20 08:42:12.0 S:2014-08-21 11:16:00.0 D:2014-08-30 05:56:00.0 N:null
[Objeto entregue ao destinatário, BDR01, 2014-08-30T05:56:00-04:00]

[Favor desconsiderar a informação anterior, EST03, 2014-08-30T05:55:00-04:00]

[Favor desconsiderar a informação anterior, EST03, 2014-08-30T05:53:00-04:00]

[Saída para entrega cancelada, BDE47, 2014-08-25T12:51:00-04:00]

[Objeto saiu para entrega ao destinatário, OEC01, 2014-08-25T09:38:00-04:00]

[Objeto saiu para entrega ao destinatário, OEC01, 2014-08-25T09:27:00-04:00]

[Objeto encaminhado, DO01, 2014-08-23T01:47:00-04:00]

[Objeto encaminhado, DO01, 2014-08-23T01:02:00-04:00]

[Objeto encaminhado, RO01, 2014-08-21T16:25:00-04:00]

[Objeto postado, PO01, 2014-08-21T11:16:00-04:00]

------------------ ------------- -----------------
------------------ PD874192463BR -----------------
delivered - null
R:2014-08-16 14:30:31.0 S:2014-08-19 16:05:00.0 D:2014-08-21 15:10:00.0 N:null
[Favor desconsiderar a informação anterior, EST03, 2014-08-30T05:50:00-04:00]

[Objeto entregue ao destinatário, BDR01, 2014-08-21T15:10:00-04:00]

[Saída para entrega cancelada, BDE47, 2014-08-21T14:43:00-04:00]

[Objeto saiu para entrega ao destinatário, OEC01, 2014-08-21T09:33:00-04:00]

[Objeto saiu para entrega ao destinatário, OEC01, 2014-08-21T09:12:00-04:00]

[Objeto encaminhado, DO01, 2014-08-21T01:30:00-04:00]

[Objeto encaminhado, DO01, 2014-08-20T13:49:00-04:00]

[Objeto encaminhado, RO01, 2014-08-19T16:10:00-04:00]

[Objeto postado, PO01, 2014-08-19T16:05:00-04:00]

------------------ ------------- -----------------
------------------ DM105269640BR -----------------
delivered - null
R:2014-08-26 07:37:06.0 S:2014-08-27 10:26:00.0 D:2014-09-01 10:46:00.0 N:null
[Objeto entregue ao destinatário, BDI01, 2014-09-01T10:46:00-04:00]

[Objeto aguardando retirada no endereço indicado, LDI01, 2014-08-30T09:25:00-04:00]

[Favor desconsiderar a informação anterior, EST05, 2014-08-30T08:44:00-04:00]

[Objeto saiu para entrega ao destinatário, OEC01, 2014-08-30T08:19:00-04:00]

[A entrega não pode ser efetuada - Carteiro não atendido, BDE20, 2014-08-29T18:15:00-04:00]

[Objeto saiu para entrega ao destinatário, OEC01, 2014-08-29T10:54:00-04:00]

[A entrega não pode ser efetuada - Carteiro não atendido, BDE20, 2014-08-28T17:41:00-04:00]

[Objeto saiu para entrega ao destinatário, OEC01, 2014-08-28T11:28:00-04:00]

[Objeto encaminhado, DO01, 2014-08-28T01:47:00-04:00]

[Objeto encaminhado, RO01, 2014-08-27T16:57:00-04:00]

[Objeto postado, PO01, 2014-08-27T10:26:00-04:00]

------------------ ------------- -----------------
------------------ DM110713278BR -----------------
delivered - null
R:2014-08-28 07:24:05.0 S:2014-08-28 09:08:00.0 D:2014-08-29 17:45:00.0 N:null
[Objeto saiu para entrega ao destinatário, OEC01, 2014-09-01T11:04:00-04:00]

[A entrega não pode ser efetuada - Carteiro não atendido, BDE20, 2014-08-30T14:03:00-04:00]

[Objeto saiu para entrega ao destinatário, OEC01, 2014-08-30T10:12:00-04:00]

[Favor desconsiderar a informação anterior, EST01, 2014-08-29T18:01:00-04:00]

[A entrega não pode ser efetuada - Carteiro não atendido, BDR20, 2014-08-29T18:00:00-04:00]

[Objeto entregue ao destinatário, BDE01, 2014-08-29T17:45:00-04:00]

[Objeto saiu para entrega ao destinatário, OEC01, 2014-08-29T13:26:00-04:00]

[Objeto encaminhado, DO01, 2014-08-29T01:00:00-04:00]

[Objeto encaminhado, RO01, 2014-08-28T15:25:00-04:00]

[Objeto postado, PO01, 2014-08-28T09:08:00-04:00]

------------------ ------------- -----------------
------------------ PD885066537BR -----------------
shipped - null
R:2014-08-21 17:37:07.0 S:2014-08-22 20:23:00.0 D:null N:null
[Objeto saiu para entrega ao destinatário, OEC01, 2014-09-01T09:02:00-04:00]

[Objeto encaminhado, RO01, 2014-08-30T14:31:00-04:00]

[Objeto encaminhado, RO01, 2014-08-30T10:33:00-04:00]

[Objeto mal encaminhado, FC03, 2014-08-30T08:48:00-04:00]

[Favor desconsiderar a informação anterior, EST06, 2014-08-30T08:47:00-04:00]

[Objeto mal encaminhado, FC03, 2014-08-30T08:40:00-04:00]

[Objeto encaminhado, RO01, 2014-08-29T16:13:00-04:00]

[Objeto encaminhado, DO01, 2014-08-28T03:29:00-04:00]

[Objeto encaminhado, DO01, 2014-08-25T14:36:00-04:00]

[Objeto postado, PO01, 2014-08-22T20:23:00-04:00]

[Objeto encaminhado, RO01, 2014-08-22T18:23:00-04:00]

------------------ ------------- -----------------
------------------ PD900475315BR -----------------
delivered - null
R:2014-08-24 10:32:01.0 S:2014-08-25 17:59:00.0 D:2014-08-29 15:16:00.0 N:null
[Objeto entregue ao destinatário, BDE01, 2014-08-29T15:16:00-04:00]

[Objeto saiu para entrega ao destinatário, OEC01, 2014-08-29T15:13:00-04:00]

[Favor desconsiderar a informação anterior, EST01, 2014-08-29T15:12:00-04:00]

[A entrega não pode ser efetuada - Carteiro não atendido, BDE20, 2014-08-29T14:54:00-04:00]

[Objeto saiu para entrega ao destinatário, OEC01, 2014-08-29T10:50:00-04:00]

[A entrega não pode ser efetuada - Carteiro não atendido, BDE20, 2014-08-28T15:29:00-04:00]

[Objeto saiu para entrega ao destinatário, OEC01, 2014-08-28T10:44:00-04:00]

[Objeto encaminhado, RO01, 2014-08-28T01:33:00-04:00]

[Objeto encaminhado, DO01, 2014-08-26T13:27:00-04:00]

[Objeto encaminhado, RO01, 2014-08-26T08:23:00-04:00]

[Objeto postado após o horário limite da agência, PO09, 2014-08-25T17:59:00-04:00]

------------------ ------------- -----------------
------------------ PD896567675BR -----------------
shipped - null
R:2014-08-22 04:33:24.0 S:2014-08-22 14:02:00.0 D:null N:null
[Objeto encaminhado, RO01, 2014-08-29T11:44:00-04:00]

[A entrega não pode ser efetuada - Endereço incorreto, FC04, 2014-08-29T11:44:00-04:00]

[Favor desconsiderar a informação anterior, EST06, 2014-08-29T11:43:00-04:00]

[A entrega não pode ser efetuada - Endereço incorreto, FC04, 2014-08-29T08:32:00-04:00]

[A entrega não pode ser efetuada - Endereço incorreto, BDR19, 2014-08-28T13:28:00-04:00]

[Objeto saiu para entrega ao destinatário, OEC01, 2014-08-28T13:17:00-04:00]

[Objeto encaminhado, DO01, 2014-08-27T15:48:00-04:00]

[Objeto encaminhado, DO01, 2014-08-25T12:45:00-04:00]

[Objeto encaminhado, DO01, 2014-08-25T08:04:00-04:00]

[Objeto postado, PO01, 2014-08-22T14:02:00-04:00]

------------------ ------------- -----------------
------------------ DM112882075BR -----------------
delivered - null
R:2014-08-29 04:33:49.0 S:2014-08-29 12:19:00.0 D:2014-08-30 09:48:00.0 N:null
[Objeto entregue ao destinatário, BDE01, 2014-08-30T09:48:00-04:00]

[Objeto saiu para entrega ao destinatário, OEC01, 2014-08-30T08:02:00-04:00]

[Objeto encaminhado, DO01, 2014-08-30T01:42:00-04:00]

[Objeto encaminhado, RO01, 2014-08-29T15:59:00-04:00]

[Favor desconsiderar a informação anterior, EST05, 2014-08-29T15:55:00-04:00]

[Objeto encaminhado, RO01, 2014-08-29T15:46:00-04:00]

[Objeto postado, PO01, 2014-08-29T12:19:00-04:00]

------------------ ------------- -----------------
------------------ DM105176801BR -----------------
delivered - null
R:2014-08-25 16:12:37.0 S:2014-08-27 15:04:00.0 D:2014-08-29 15:49:00.0 N:null
[Objeto entregue ao destinatário, BDR01, 2014-08-29T15:49:00-04:00]

[Favor desconsiderar a informação anterior, EST01, 2014-08-29T15:46:00-04:00]

[Favor desconsiderar a informação anterior, EST01, 2014-08-29T15:46:00-04:00]

[Saída para entrega cancelada, BDE47, 2014-08-29T15:46:00-04:00]

[Objeto entregue ao destinatário, BDE01, 2014-08-29T12:11:00-04:00]

[Objeto saiu para entrega ao destinatário, OEC01, 2014-08-29T10:15:00-04:00]

[Objeto saiu para entrega ao destinatário, OEC01, 2014-08-29T08:36:00-04:00]

[A entrega não pode ser efetuada - Carteiro não atendido, BDE20, 2014-08-28T14:12:00-04:00]

[Objeto saiu para entrega ao destinatário, OEC01, 2014-08-28T08:30:00-04:00]

[Objeto encaminhado, RO01, 2014-08-28T05:40:00-04:00]

[Objeto encaminhado, DO01, 2014-08-27T21:15:00-04:00]

[Objeto encaminhado, RO01, 2014-08-27T16:52:00-04:00]

[Objeto postado, PO01, 2014-08-27T15:04:00-04:00]

------------------ ------------- -----------------
------------------ DM109589295BR -----------------
delivered - null
R:2014-08-27 04:13:00.0 S:2014-08-27 16:34:00.0 D:2014-08-30 11:45:00.0 N:null
[Objeto saiu para entrega ao destinatário, OEC01, 2014-09-01T09:26:00-04:00]

[A entrega não pode ser efetuada - Carteiro não atendido, BDR20, 2014-08-30T11:47:00-04:00]

[Favor desconsiderar a informação anterior, EST01, 2014-08-30T11:46:00-04:00]

[Objeto entregue ao destinatário, BDE01, 2014-08-30T11:45:00-04:00]

[Objeto saiu para entrega ao destinatário, OEC01, 2014-08-30T08:05:00-04:00]

[Objeto encaminhado, DO01, 2014-08-28T21:31:00-04:00]

[Objeto encaminhado, RO01, 2014-08-27T16:34:00-04:00]

[Objeto postado, PO01, 2014-08-27T13:56:00-04:00]

------------------ ------------- -----------------
------------------ PD879355472BR -----------------
shipped - null
R:2014-08-19 16:05:40.0 S:2014-08-20 14:05:00.0 D:null N:null
[Objeto saiu para entrega ao destinatário, OEC01, 2014-09-01T11:32:00-04:00]

[Objeto aguardando retirada no endereço indicado, LDI01, 2014-08-30T09:10:00-04:00]

[A entrega não pode ser efetuada - Logradouro com numeração irregular, BDE34, 2014-08-29T17:42:00-04:00]

[Objeto saiu para entrega ao destinatário, OEC01, 2014-08-29T10:37:00-04:00]

[Favor desconsiderar a informação anterior, EST05, 2014-08-29T10:26:00-04:00]

[Objeto saiu para entrega ao destinatário, OEC01, 2014-08-29T10:01:00-04:00]

[A entrega não pode ser efetuada - Carteiro não atendido, BDE20, 2014-08-28T18:40:00-04:00]

[Objeto saiu para entrega ao destinatário, OEC01, 2014-08-28T09:41:00-04:00]

[Objeto encaminhado, DO01, 2014-08-27T15:54:00-04:00]

[Objeto encaminhado, DO01, 2014-08-26T13:23:00-04:00]

[Objeto encaminhado, RO01, 2014-08-21T14:48:00-04:00]

[Objeto encaminhado, RO01, 2014-08-20T14:50:00-04:00]

[Objeto postado, PO01, 2014-08-20T14:05:00-04:00]

------------------ ------------- -----------------
------------------ DM110662810BR -----------------
delivered - null
R:2014-08-27 22:20:27.0 S:2014-08-29 14:12:00.0 D:2014-08-30 12:51:00.0 N:null
[Objeto saiu para entrega ao destinatário, OEC01, 2014-09-01T10:45:00-04:00]

[A entrega não pode ser efetuada - Carteiro não atendido, BDR20, 2014-08-30T12:58:00-04:00]

[Favor desconsiderar a informação anterior, EST01, 2014-08-30T12:56:00-04:00]

[Objeto entregue ao destinatário, BDE01, 2014-08-30T12:51:00-04:00]

[Objeto saiu para entrega ao destinatário, OEC01, 2014-08-30T08:21:00-04:00]

[Objeto encaminhado, DO01, 2014-08-30T01:01:00-04:00]

[Objeto encaminhado, RO01, 2014-08-29T16:42:00-04:00]

[Objeto postado, PO01, 2014-08-29T14:12:00-04:00]

------------------ ------------- -----------------
------------------ PD900501369BR -----------------
delivered - null
R:2014-08-24 13:43:45.0 S:2014-08-25 16:35:00.0 D:2014-08-30 10:04:00.0 N:null
[Objeto saiu para entrega ao destinatário, OEC01, 2014-09-01T07:21:00-04:00]

[Favor desconsiderar a informação anterior, EST01, 2014-08-30T10:08:00-04:00]

[A entrega não pode ser efetuada - Carteiro não atendido, BDR20, 2014-08-30T10:08:00-04:00]

[Objeto entregue ao destinatário, BDE01, 2014-08-30T10:04:00-04:00]

[Objeto saiu para entrega ao destinatário, OEC01, 2014-08-30T06:51:00-04:00]

[Objeto encaminhado, RO01, 2014-08-29T20:19:00-04:00]

[Objeto encaminhado, RO01, 2014-08-26T13:37:00-04:00]

[Objeto encaminhado, RO01, 2014-08-26T08:12:00-04:00]

[Objeto postado, PO01, 2014-08-25T16:35:00-04:00]

------------------ ------------- -----------------
------------------ DM109997317BR -----------------
delivered - null
R:2014-08-27 09:56:20.0 S:2014-08-28 17:50:00.0 D:2014-08-30 11:56:00.0 N:null
[Objeto saiu para entrega ao destinatário, OEC01, 2014-09-01T08:13:00-04:00]

[Favor desconsiderar a informação anterior, EST01, 2014-08-30T11:59:00-04:00]

[Objeto entregue ao destinatário, BDE01, 2014-08-30T11:56:00-04:00]

[A entrega não pode ser efetuada - Carteiro não atendido, BDR20, 2014-08-30T11:56:00-04:00]

[Objeto saiu para entrega ao destinatário, OEC01, 2014-08-30T07:04:00-04:00]

[Objeto encaminhado, DO01, 2014-08-28T21:16:00-04:00]

[Objeto encaminhado, RO01, 2014-08-28T17:50:00-04:00]

[Objeto postado, PO01, 2014-08-28T16:35:00-04:00]

------------------ ------------- -----------------
------------------ PD899615066BR -----------------
delivered - null
R:2014-08-23 03:15:59.0 S:2014-08-25 10:01:00.0 D:2014-08-30 10:24:00.0 N:null
[Objeto saiu para entrega ao destinatário, OEC01, 2014-09-01T08:17:00-04:00]

[A entrega não pode ser efetuada - Carteiro não atendido, BDR20, 2014-08-30T10:26:00-04:00]

[Favor desconsiderar a informação anterior, EST01, 2014-08-30T10:25:00-04:00]

[Objeto entregue ao destinatário, BDE01, 2014-08-30T10:24:00-04:00]

[Objeto saiu para entrega ao destinatário, OEC01, 2014-08-30T07:26:00-04:00]

[Objeto encaminhado, DO01, 2014-08-29T16:07:00-04:00]

[Objeto encaminhado, RO01, 2014-08-26T16:02:00-04:00]

[Objeto encaminhado, RO01, 2014-08-25T17:28:00-04:00]

[Objeto postado, PO01, 2014-08-25T10:01:00-04:00]

------------------ ------------- -----------------
------------------ DM110679660BR -----------------
delivered - null
R:2014-08-28 05:35:45.0 S:2014-08-28 18:29:00.0 D:2014-08-30 11:32:00.0 N:null
[Objeto entregue ao destinatário, BDE01, 2014-08-30T11:32:00-04:00]

[Objeto saiu para entrega ao destinatário, OEC01, 2014-08-30T07:25:00-04:00]

[Favor desconsiderar a informação anterior, EST05, 2014-08-30T07:18:00-04:00]

[Objeto saiu para entrega ao destinatário, OEC01, 2014-08-30T06:58:00-04:00]

[Objeto encaminhado, RO01, 2014-08-29T15:24:00-04:00]

[Objeto encaminhado, DO01, 2014-08-28T21:03:00-04:00]

[Objeto encaminhado, RO01, 2014-08-28T18:29:00-04:00]

[Objeto postado, PO01, 2014-08-28T16:32:00-04:00]

------------------ ------------- -----------------
------------------ DM109007485BR -----------------
delivered - null
R:2014-08-26 11:43:48.0 S:2014-08-29 12:20:00.0 D:2014-08-30 10:55:00.0 N:null
[Objeto aguardando retirada no endereço indicado, LDI01, 2014-09-01T11:01:00-04:00]

[Objeto encaminhado, RO01, 2014-09-01T08:43:00-04:00]

[Favor desconsiderar a informação anterior, EST01, 2014-08-30T10:55:00-04:00]

[Objeto entregue ao destinatário, BDR01, 2014-08-30T10:55:00-04:00]

[Objeto entregue ao destinatário, BDE01, 2014-08-30T10:54:00-04:00]

[Objeto saiu para entrega ao destinatário, OEC01, 2014-08-30T07:48:00-04:00]

[Objeto encaminhado, DO01, 2014-08-29T20:49:00-04:00]

[Objeto encaminhado, RO01, 2014-08-29T17:11:00-04:00]

[Objeto postado, PO01, 2014-08-29T12:20:00-04:00]

------------------ ------------- -----------------
------------------ DM110033045BR -----------------
not_delivered - returning_to_sender
R:2014-08-27 13:51:56.0 S:2014-08-27 15:29:00.0 D:null N:2014-08-30 13:30:00.0
[Objeto saiu para entrega ao destinatário, OEC01, 2014-09-01T08:39:00-04:00]

[A entrega não pode ser efetuada - Carteiro não atendido, BDR21, 2014-08-30T13:30:00-04:00]

[Favor desconsiderar a informação anterior, EST01, 2014-08-30T13:29:00-04:00]

[Favor desconsiderar a informação anterior, EST01, 2014-08-30T13:29:00-04:00]

[A entrega não pode ser efetuada - Carteiro não atendido, BDE20, 2014-08-30T12:33:00-04:00]

[Objeto saiu para entrega ao destinatário, OEC01, 2014-08-30T08:07:00-04:00]

[A entrega não pode ser efetuada - Carteiro não atendido, BDE20, 2014-08-28T15:15:00-04:00]

[Objeto saiu para entrega ao destinatário, OEC01, 2014-08-28T08:36:00-04:00]

[Objeto encaminhado, DO01, 2014-08-28T05:19:00-04:00]

[Objeto encaminhado, DO01, 2014-08-28T01:36:00-04:00]

[Objeto encaminhado, RO01, 2014-08-27T16:27:00-04:00]

[Objeto postado, PO01, 2014-08-27T15:29:00-04:00]

------------------ ------------- -----------------
------------------ PD901520660BR -----------------
delivered - null
R:2014-08-25 13:54:03.0 S:2014-08-25 15:46:00.0 D:2014-08-30 11:54:00.0 N:null
[A entrega não pode ser efetuada - Carteiro não atendido, BDR02, 2014-08-30T12:00:00-04:00]

[Favor desconsiderar a informação anterior, EST01, 2014-08-30T11:59:00-04:00]

[Objeto entregue ao destinatário, BDE01, 2014-08-30T11:54:00-04:00]

[Objeto saiu para entrega ao destinatário, OEC01, 2014-08-30T08:12:00-04:00]

[A entrega não pode ser efetuada - Carteiro não atendido, BDE20, 2014-08-29T12:23:00-04:00]

[Objeto saiu para entrega ao destinatário, OEC01, 2014-08-29T08:18:00-04:00]

[A entrega não pode ser efetuada - Carteiro não atendido, BDR20, 2014-08-28T14:39:00-04:00]

[Objeto encaminhado, DO01, 2014-08-26T13:31:00-04:00]

[Objeto encaminhado, RO01, 2014-08-26T09:04:00-04:00]

[Objeto postado, PO01, 2014-08-25T15:46:00-04:00]

------------------ ------------- -----------------
------------------ PD910403689BR -----------------
shipped - null
R:2014-08-29 05:09:50.0 S:2014-08-30 11:33:00.0 D:null N:null
[Objeto encaminhado, RO01, 2014-08-30T11:33:00-04:00]

[Objeto postado após o horário limite da agência, PO09, 2014-08-30T11:28:00-04:00]

[Favor desconsiderar a informação anterior, EST09, 2014-08-30T11:25:00-04:00]

[Objeto postado após o horário limite da agência, PO09, 2014-08-30T11:09:00-04:00]

------------------ ------------- -----------------
------------------ PD910417609BR -----------------
shipped - null
R:2014-08-29 05:32:03.0 S:2014-08-30 11:28:00.0 D:null N:null
[Objeto encaminhado, RO01, 2014-08-30T11:33:00-04:00]

[Objeto postado após o horário limite da agência, PO09, 2014-08-30T11:28:00-04:00]

[Favor desconsiderar a informação anterior, EST09, 2014-08-30T11:25:00-04:00]

[Objeto postado após o horário limite da agência, PO09, 2014-08-30T11:09:00-04:00]

------------------ ------------- -----------------
