    1  sudo su -
    2  sudo su -
    3  ls
    4  ls -l
    5  ls -G
    6  ls -l
    7  ls -lG
    8  nano --help
    9  man nano
   10  nano .bash_profile
   11  cat .bash_profile 
   12  ls -la
   13  ls
   14  cd
   15  ls
   16  cd /
   17  ls
   18  ls -la
   19  cd home/
   20  ls
   21  cd ..
   22  ls
   23  cd 
   24  ls
   25  whereis fyanucio
   26  ls
   27  ls -l
   28  ls -la
   29  vim .bash_profile 
   30  cat .bash_profile 
   31  ls
   32  cd
   33  vim .bash_profile 
   34  ls
   35  ls
   36  open -a TextEdit .bash_profile 
   37  ls
   38  ls
   39  ls -la
   40  ls
   41  ls -la
   42  LS
   43  ls
   44  ls 
   45  lsls
   46  ls
   47  ls
   48  ls
   49  cd ls
   50  ls
   51  cd ..
   52  cd ..
   53  ls -la
   54  cd Applications/
   55  ls
   56  cd Notes.app/
   57  ls
   58  cd ..
   59  cd ..
   60  ld
   61  ls
   62  cd
   63  cd ..
   64  ls
   65  cd ..
   66  ls
   67  cd Applications/
   68  ls
   69  cd Mail.app/
   70  ls
   71  cd..
   72  cd ..
   73  cd ..
   74  ls
   75  cd Users/
   76  ls
   77  cd fyanucio/
   78  ls
   79  cd Public/
   80  ls
   81  cd Drop\ Box/
   82  ls
   83  cd ..
   84  cd ..
   85  vim .bash_profile 
   86  ls
   87  ls -la
   88  cd Documents/workspace/
   89  ls
   90  git clone git@github.com:mercadolibre/shipping-api.git
   91  cd
   92  cd .ssh/
   93  ls
   94  ls -la
   95  ssh-keygen -t rsa -C "fernando.yanucio@mercadolibre.com"
   96  pbcopy < id_rsa.pub 
   97  ssh -T git@github.com
   98  cd ..
   99  cd Documents/workspace/
  100  ls
  101  git clone git@github.com:mercadolibre/shipping-api.git
  102  ls
  103  cd shipping-api/
  104  git status
  105  git branch
  106  cd
  107  open -a TextEdit .bash_profile 
  108  ls
  109  cd Documents/workspace/shipping-api/
  110  cd
  111  ls
  112  ls -la
  113  ls
  114  ls
  115  cd Documents/workspace/shipping-api/
  116  ls
  117  cd
  118  ls -la
  119  cd Documents/workspace/shipping-api/
  120  ls
  121  grails --help
  122  ls
  123  cd Documents/workspace/
  124  ls
  125  git clone git@github.com:mercadolibre/shipping-jobs.git
  126  ls
  127  git clone git@github.com:mercadolibre/shipping-frontend.git
  128  ls
  129  git clone git@github.com:mercadolibre/auth-oauth_frontend_mocks.git
  130  java --help
  131  java -help
  132  java -version
  133  echo $JAVA_HOME
  134  whereis java
  135  cd /usr/bin/java
  136  cd /usr/bin/
  137  ls -la
  138  ls -la java
  139  cd
  140  open -a TextEdit .bash_profile 
  141  ls
  142  whereis grails
  143  cd /opt/
  144  ls
  145  cd ..
  146  ls -R grails
  147  ls -R *grails*
  148  cd
  149  cd springsource/ggts/
  150  ls
  151  cd ggts-3.1.0.RELEASE/
  152  ls
  153  cd ..
  154  ls
  155  cd ..
  156  cd ..
  157  ls
  158  cd Downloads/
  159  ls
  160  mv grails-1.3.7 ../springsource/ggts/
  161  ls
  162  ls
  163  cd ..
  164  cd springsource/ggts/
  165  ls
  166  ls -la
  167  cd grails-1.3.7/
  168  ls
  169  echo $GRAILS_HOME
  170  cd ..
  171  ls
  172  ln --help
  173  man ln
  174  ln -s grails-1.3.7/ grails
  175  ls -ls
  176  ls -la
  177  cd grails
  178  ls
  179  ls -la
  180  cat README 
  181   cd ..
  182  cd ..
  183  cd ..
  184  ls
  185  grails --version
  186  echo $PATH
  187  clear
  188  clear
  189  cd Documents/workspace/shipping-frontend/
  190  git checkout develop
  191  cd ..
  192  cd shipping-frontend/mockserver/
  193  grails -Dserver.port=8081 run-app
  194  clear
  195  grails -Dserver.port=8081 run-app
  196  cd ..
  197  cd ..
  198  cd auth-oauth_frontend_mocks/
  199  node index.js 
  200  echo $PATH
  201  clear
  202  node index.js 
  203  cd ..
  204  cd shipping-frontend/webserver/
  205  grails run-app
  206  grails run-app
  207  grails run-app
  208  cd Documents/workspace/
  209  ls
  210  git clone git@github.com:mercadolibre/shipping-backend.git
  211  ls
  212  git clone git@github.com:mercadolibre/melicloud-commandline.git
  213  git clone git@github.com:mercadolibre/frontend-rules.git
  214  git clone git@github.com:mercadolibre/internal-rules.git
  215  ls -la
  216  cd .. 
  217  cd ..
  218  cd Downloads/
  219  ls
  220  man unzip
  221  cd ..
  222  ls
  223  unzip Downloads/documents-export-2013-01-31.zip 
  224  ls -la
  225  cat batman.sh 
  226  cat changeIP.sh 
  227  cat grails137.sh 
  228  cat grails211.sh 
  229  ls /etc/resolv.conf 
  230  cat /etc/resolv.conf 
  231  sudo cp /etc/resolv.conf /etc/resolv.conf.bak
  232  sudo vim /etc/resolv.conf.bak 
  233  cat /etc/resolv.conf.bak 
  234  cat /etc/resolv.conf
  235  cat changeIP.sh 
  236  ls -la
  237  cat batman.sh 
  238  cat grails137.sh 
  239  vim grails137.sh 
  240  vim grails211.sh 
  241  cat grails137.sh 
  242  cat grails211.sh 
  243  sh grails211.sh 
  244  grails --version
  245  sh grails137.sh 
  246  grails --version
  247  ls -la
  248  ls
  249  cd Downloads/
  250  ls -la
  251  cd ..
  252  ls
  253  mv Downloads/redis-2.6.9.tar.gz 
  254  cd Downloads
  255  mv redis-2.6.9.tar.gz ../
  256  ls -la
  257  ls re
  258  cd ..
  259  ls redis-2.6.9.tar.gz 
  260  ls -la
  261  mkdir redis
  262  ls
  263  ls
  264  mv redis-2.6.9.tar.gz redis
  265  ls
  266  cd redis/
  267  ls
  268  wget http://regis.googlecode.com/files/redis-2.6.9.tar.gz
  269  cd ..
  270  curl -O http://ftp.gnu.org/gnu/wget/wget-1.13.4.tar.gz
  271  ls 
  272  tar -xzf wget-1.13.4.tar.gz
  273  ls
  274  cd wget-1.13.4
  275  ./configure --with-ssl=openssl
  276  ./configure --with-ssl=openssl
  277  ./configure --with-ssl=openssl
  278  make
  279  sudo make install
  280  wget --help
  281  ls
  282  cd .. && rm -rf wget*
  283  ls
  284  wget --help
  285  man wget
  286  ls
  287  cd redis/
  288  ls
  289  $ wget http://redis.googlecode.com/files/redis-2.6.9.tar.gz
  290  ls
  291  mv redis-2.6.9.tar.gz ../
  292  ls
  293  cd ..
  294  ls
  295  rm -r redis
  296  ls
  297  wget http://redis.googlecode.com/files/redis-2.6.9.tar.gz
  298  tar xzf redis-2.6.9.tar.gz
  299  cd redis-2.6.9
  300  make
  301  src/redis-server 
  302  cd ..
  303  ls
  304  cd redis-2.6.9
  305  ls
  306  cd ..
  307  rm redis-2.6.9.tar.gz
  308  rm redis-2.6.9.tar.gz.1 
  309  ls
  310  ln -s redis-2.6.9/ redis
  311  ls -la
  312  ls
  313  man port
  314  sudo port install rabbitmq-server
  315  erl
  316  clear
  317  mv Downloads/rabbitmq-server-generic-unix-3.0.2.tar.gz .
  318  ls
  319  cd Downloads/
  320  ls
  321  ls ra
  322  cd ..
  323  ls ra
  324  ls rabbitmq-server-generic-unix-3.0.2.tar.gz 
  325  ls
  326  tar -xzvf rabbitmq-server-generic-unix-3.0.2.tar.gz 
  327  cd rabbitmq_server-3.0.2/
  328  sbin/rabbitmq-server -detached
  329  sbin/rabbitmqctl stop
  330  sbin/rabbitmq-server -detached
  331  cd ..
  332  ls
  333  ls -la
  334  mv rabbitmq-server-generic-unix-3.0.2.tar.gz Downloads/
  335  ls -la
  336  ln -s rabbitmq_server-3.0.2/ rabbitmq
  337  ls -la
  338  cd rabbitmq
  339  ls
  340  cd ..
  341  cd springsource/ggts/
  342  ls
  343  ls -la
  344  java --version
  345  java -version
  346  whereis java
  347  java -version
  348  whereis java
  349  sh batman.sh 
  350  ls
  351  cd Documents/workspace/shipping-frontend/
  352  cd mockserver/
  353  grails -Dserver.port=8081 run-app
  354  cd ..
  355  cd ..
  356  cd auth-oauth_frontend_mocks/
  357  node index.js 
  358  cd ..
  359  cd shipping-frontend/webserver/
  360  grails run-app
  361  grails run-app
  362  grails run-app
  363  grails run-app
  364  cd
  365  sh changeIP.sh 
  366  cat /etc/resolv.conf
  367  vim changeIP.sh 
  368  sudo vim /etc/resolv.conf.bak 
  369  sh changeIP.sh 
  370  cat /etc/resolv.conf
  371  ping 10.200.1.150
  372  ping ml.com
  373  sh changeIP.sh 
  374  cd Documents/workspace/shipping-frontend/webserver/
  375  grails run-app
  376  grails run-app
  377  cd ..
  378  cd mockserver/
  379  grails -Dserver.port=8081 run-app
  380  cd ..
  381  cd ..
  382  cd auth-oauth_frontend_mocks/
  383  ls
  384  node index.js 
  385  cat /etc/hosts
  386  vim /etc/hosts
  387  sudo vim /etc/hosts
  388  cd Documents/workspace/shipping-frontend/webserver/
  389  ls
  390  grails integrate-with --eclipse
  391  cd Documents/workspace/shipping-frontend/webserver/grails-app/conf/
  392  cat CrowdinConf.groovy 
  393  cd .. ..
  394  cd .. ..
  395  cd ..
  396  cd ..
  397  cd ..
  398  cd ..
  399  cd .grails/1.3.7/projects/shipping-frontend/plugins/crowdin-0.2/grails-app/conf/
  400  ls
  401  ls -la
  402  rm CrowdinConf.groovy 
  403  ls
  404  ls -la
  405  cd ..
  406  clear
  407  cd 
  408  ls
  409  cd Documents/workspace/shipping-backend/
  410  cd webserver/
  411  grails integrate-with --eclipse
  412  ls
  413  git pull origin master
  414  ls
  415  cd
  416  ls
  417  ls -la
  418  vim .bash_profile 
  419  cat .bash_profile 
  420  cd
  421  sh grails211.sh 
  422  cd /etc
  423  ls
  424  ls en*
  425  ls n*
  426  ls en*
  427  cd 
  428  env
  429  clear
  430  history
  431  history > history.log
