[INFO] [2013/09/05 13:38:14] [HandlingTimeJob]: ************** INICIANDO JOB HT **********************
[INFO] [2013/09/05 13:38:14] [HandlingTimeJob]: Processing site MLB
[INFO] [2013/09/05 13:38:14] [HandlingTimeJob]: Processing chunk 1
[INFO] [2013/09/05 13:38:14] [HandlingTimeService]: Processing users [865759, 38549536, 30437647]
[INFO] [2013/09/05 13:38:48] [HandlingTimeService]: User: 38549536
[INFO] [2013/09/05 13:38:48] [HandlingTimeService]: HT: 1.0
[INFO] [2013/09/05 13:38:48] [HandlingTimeService]: Total: 740
[INFO] [2013/09/05 13:38:48] [HandlingTimeService]: Bien: 91%
[INFO] [2013/09/05 13:38:48] [HandlingTimeService]:  max: 1.0
[INFO] [2013/09/05 13:38:48] [HandlingTimeService]:  min: 0.0
[INFO] [2013/09/05 13:38:48] [HandlingTimeService]:  avg: 0.23407407407407407
[INFO] [2013/09/05 13:38:48] [HandlingTimeService]: Mal: 9%
[INFO] [2013/09/05 13:38:48] [HandlingTimeService]:  max: 7.0
[INFO] [2013/09/05 13:38:48] [HandlingTimeService]:  min: 1.0
[INFO] [2013/09/05 13:38:48] [HandlingTimeService]:  avg: 1.3692307692307693
[INFO] [2013/09/05 13:39:02] [HandlingTimeService]: User: 30437647
[INFO] [2013/09/05 13:39:02] [HandlingTimeService]: HT: 1.0
[INFO] [2013/09/05 13:39:02] [HandlingTimeService]: Total: 709
[INFO] [2013/09/05 13:39:02] [HandlingTimeService]: Bien: 92%
[INFO] [2013/09/05 13:39:02] [HandlingTimeService]:  max: 1.0
[INFO] [2013/09/05 13:39:02] [HandlingTimeService]:  min: 0.0
[INFO] [2013/09/05 13:39:02] [HandlingTimeService]:  avg: 0.23195084485407066
[INFO] [2013/09/05 13:39:02] [HandlingTimeService]: Mal: 8%
[INFO] [2013/09/05 13:39:02] [HandlingTimeService]:  max: 6.0
[INFO] [2013/09/05 13:39:02] [HandlingTimeService]:  min: 1.0
[INFO] [2013/09/05 13:39:02] [HandlingTimeService]:  avg: 1.3620689655172413
[INFO] [2013/09/05 13:39:02] [HandlingTimeJob]: Processing chunk 2
[INFO] [2013/09/05 13:39:02] [HandlingTimeService]: Processing users [42433693, 36963339, 96872105]
[INFO] [2013/09/05 13:39:41] [HandlingTimeService]: User: 42433693
[INFO] [2013/09/05 13:39:41] [HandlingTimeService]: HT: 1.0
[INFO] [2013/09/05 13:39:41] [HandlingTimeService]: Total: 666
[INFO] [2013/09/05 13:39:41] [HandlingTimeService]: Bien: 88%
[INFO] [2013/09/05 13:39:41] [HandlingTimeService]:  max: 1.0
[INFO] [2013/09/05 13:39:41] [HandlingTimeService]:  min: 0.0
[INFO] [2013/09/05 13:39:41] [HandlingTimeService]:  avg: 0.3122866894197952
[INFO] [2013/09/05 13:39:41] [HandlingTimeService]: Mal: 12%
[INFO] [2013/09/05 13:39:41] [HandlingTimeService]:  max: 2.0
[INFO] [2013/09/05 13:39:41] [HandlingTimeService]:  min: 1.0
[INFO] [2013/09/05 13:39:41] [HandlingTimeService]:  avg: 1.0125
[INFO] [2013/09/05 13:39:59] [HandlingTimeService]: User: 96872105
[INFO] [2013/09/05 13:39:59] [HandlingTimeService]: HT: 2.0
[INFO] [2013/09/05 13:39:59] [HandlingTimeService]: Total: 438
[INFO] [2013/09/05 13:39:59] [HandlingTimeService]: Bien: 90%
[INFO] [2013/09/05 13:39:59] [HandlingTimeService]:  max: 2.0
[INFO] [2013/09/05 13:39:59] [HandlingTimeService]:  min: 0.0
[INFO] [2013/09/05 13:39:59] [HandlingTimeService]:  avg: 0.544529262086514
[INFO] [2013/09/05 13:39:59] [HandlingTimeService]: Mal: 10%
[INFO] [2013/09/05 13:39:59] [HandlingTimeService]:  max: 4.0
[INFO] [2013/09/05 13:39:59] [HandlingTimeService]:  min: 1.0
[INFO] [2013/09/05 13:39:59] [HandlingTimeService]:  avg: 1.7555555555555555
[INFO] [2013/09/05 13:40:24] [HandlingTimeService]: User: 36963339
[INFO] [2013/09/05 13:40:24] [HandlingTimeService]: HT: 2.0
[INFO] [2013/09/05 13:40:24] [HandlingTimeService]: Total: 608
[INFO] [2013/09/05 13:40:24] [HandlingTimeService]: Bien: 95%
[INFO] [2013/09/05 13:40:24] [HandlingTimeService]:  max: 2.0
[INFO] [2013/09/05 13:40:24] [HandlingTimeService]:  min: 0.0
[INFO] [2013/09/05 13:40:24] [HandlingTimeService]:  avg: 1.0277777777777777
[INFO] [2013/09/05 13:40:24] [HandlingTimeService]: Mal: 5%
[INFO] [2013/09/05 13:40:24] [HandlingTimeService]:  max: 5.0
[INFO] [2013/09/05 13:40:24] [HandlingTimeService]:  min: 1.0
[INFO] [2013/09/05 13:40:24] [HandlingTimeService]:  avg: 2.15625
[INFO] [2013/09/05 13:40:24] [HandlingTimeJob]: Processing chunk 3
[INFO] [2013/09/05 13:40:24] [HandlingTimeService]: Processing users [134937854, 33787629, 31072009]
[INFO] [2013/09/05 13:41:01] [HandlingTimeService]: User: 33787629
[INFO] [2013/09/05 13:41:01] [HandlingTimeService]: HT: 1.0
[INFO] [2013/09/05 13:41:01] [HandlingTimeService]: Total: 348
[INFO] [2013/09/05 13:41:01] [HandlingTimeService]: Bien: 99%
[INFO] [2013/09/05 13:41:01] [HandlingTimeService]:  max: 1.0
[INFO] [2013/09/05 13:41:01] [HandlingTimeService]:  min: 0.0
[INFO] [2013/09/05 13:41:01] [HandlingTimeService]:  avg: 0.4479768786127168
[INFO] [2013/09/05 13:41:01] [HandlingTimeService]: Mal: 1%
[INFO] [2013/09/05 13:41:01] [HandlingTimeService]:  max: 2.0
[INFO] [2013/09/05 13:41:01] [HandlingTimeService]:  min: 1.0
[INFO] [2013/09/05 13:41:01] [HandlingTimeService]:  avg: 1.5
[INFO] [2013/09/05 13:41:24] [HandlingTimeService]: User: 134937854
[INFO] [2013/09/05 13:41:24] [HandlingTimeService]: HT: 3.0
[INFO] [2013/09/05 13:41:24] [HandlingTimeService]: Total: 422
[INFO] [2013/09/05 13:41:24] [HandlingTimeService]: Bien: 80%
[INFO] [2013/09/05 13:41:24] [HandlingTimeService]:  max: 3.0
[INFO] [2013/09/05 13:41:24] [HandlingTimeService]:  min: 0.0
[INFO] [2013/09/05 13:41:24] [HandlingTimeService]:  avg: 1.6101190476190477
[INFO] [2013/09/05 13:41:24] [HandlingTimeService]: Mal: 20%
[INFO] [2013/09/05 13:41:24] [HandlingTimeService]:  max: 4.0
[INFO] [2013/09/05 13:41:24] [HandlingTimeService]:  min: 1.0
[INFO] [2013/09/05 13:41:24] [HandlingTimeService]:  avg: 1.5813953488372092
[INFO] [2013/09/05 13:41:42] [HandlingTimeService]: User: 31072009
[INFO] [2013/09/05 13:41:42] [HandlingTimeService]: HT: 4.0
[INFO] [2013/09/05 13:41:42] [HandlingTimeService]: Total: 329
[INFO] [2013/09/05 13:41:42] [HandlingTimeService]: Bien: 93%
[INFO] [2013/09/05 13:41:42] [HandlingTimeService]:  max: 4.0
[INFO] [2013/09/05 13:41:42] [HandlingTimeService]:  min: 0.0
[INFO] [2013/09/05 13:41:42] [HandlingTimeService]:  avg: 1.6938110749185669
[INFO] [2013/09/05 13:41:42] [HandlingTimeService]: Mal: 7%
[INFO] [2013/09/05 13:41:42] [HandlingTimeService]:  max: 2.0
[INFO] [2013/09/05 13:41:42] [HandlingTimeService]:  min: 1.0
[INFO] [2013/09/05 13:41:42] [HandlingTimeService]:  avg: 1.2272727272727273
[INFO] [2013/09/05 13:41:42] [HandlingTimeJob]: Processing chunk 4
[INFO] [2013/09/05 13:41:42] [HandlingTimeService]: Processing users [54054415, 43071314, 14035735]
[INFO] [2013/09/05 13:42:16] [HandlingTimeService]: User: 14035735
[INFO] [2013/09/05 13:42:16] [HandlingTimeService]: HT: 1.0
[INFO] [2013/09/05 13:42:16] [HandlingTimeService]: Total: 262
[INFO] [2013/09/05 13:42:16] [HandlingTimeService]: Bien: 97%
[INFO] [2013/09/05 13:42:16] [HandlingTimeService]:  max: 1.0
[INFO] [2013/09/05 13:42:16] [HandlingTimeService]:  min: 0.0
[INFO] [2013/09/05 13:42:16] [HandlingTimeService]:  avg: 0.4921259842519685
[INFO] [2013/09/05 13:42:16] [HandlingTimeService]: Mal: 3%
[INFO] [2013/09/05 13:42:16] [HandlingTimeService]:  max: 3.0
[INFO] [2013/09/05 13:42:16] [HandlingTimeService]:  min: 1.0
[INFO] [2013/09/05 13:42:16] [HandlingTimeService]:  avg: 1.75
[INFO] [2013/09/05 13:42:36] [HandlingTimeService]: User: 54054415
[INFO] [2013/09/05 13:42:36] [HandlingTimeService]: HT: 1.0
[INFO] [2013/09/05 13:42:36] [HandlingTimeService]: Total: 311
[INFO] [2013/09/05 13:42:36] [HandlingTimeService]: Bien: 98%
[INFO] [2013/09/05 13:42:36] [HandlingTimeService]:  max: 1.0
[INFO] [2013/09/05 13:42:36] [HandlingTimeService]:  min: 0.0
[INFO] [2013/09/05 13:42:36] [HandlingTimeService]:  avg: 0.630718954248366
[INFO] [2013/09/05 13:42:36] [HandlingTimeService]: Mal: 2%
[INFO] [2013/09/05 13:42:36] [HandlingTimeService]:  max: 3.0
[INFO] [2013/09/05 13:42:36] [HandlingTimeService]:  min: 1.0
[INFO] [2013/09/05 13:42:36] [HandlingTimeService]:  avg: 1.4
[INFO] [2013/09/05 13:42:53] [HandlingTimeService]: User: 43071314
[INFO] [2013/09/05 13:42:53] [HandlingTimeService]: HT: 1.0
[INFO] [2013/09/05 13:42:53] [HandlingTimeService]: Total: 274
[INFO] [2013/09/05 13:42:53] [HandlingTimeService]: Bien: 93%
[INFO] [2013/09/05 13:42:53] [HandlingTimeService]:  max: 1.0
[INFO] [2013/09/05 13:42:53] [HandlingTimeService]:  min: 0.0
[INFO] [2013/09/05 13:42:53] [HandlingTimeService]:  avg: 0.24609375
[INFO] [2013/09/05 13:42:53] [HandlingTimeService]: Mal: 7%
[INFO] [2013/09/05 13:42:53] [HandlingTimeService]:  max: 3.0
[INFO] [2013/09/05 13:42:53] [HandlingTimeService]:  min: 1.0
[INFO] [2013/09/05 13:42:53] [HandlingTimeService]:  avg: 2.0555555555555554
[INFO] [2013/09/05 13:42:53] [HandlingTimeJob]: Processing chunk 5
[INFO] [2013/09/05 13:42:53] [HandlingTimeService]: Processing users [21864697, 19400838, 71879567]
[INFO] [2013/09/05 13:43:27] [HandlingTimeService]: User: 21864697
[INFO] [2013/09/05 13:43:27] [HandlingTimeService]: HT: 1.0
[INFO] [2013/09/05 13:43:27] [HandlingTimeService]: Total: 246
[INFO] [2013/09/05 13:43:27] [HandlingTimeService]: Bien: 98%
[INFO] [2013/09/05 13:43:27] [HandlingTimeService]:  max: 1.0
[INFO] [2013/09/05 13:43:27] [HandlingTimeService]:  min: 0.0
[INFO] [2013/09/05 13:43:27] [HandlingTimeService]:  avg: 0.29583333333333334
[INFO] [2013/09/05 13:43:27] [HandlingTimeService]: Mal: 2%
[INFO] [2013/09/05 13:43:27] [HandlingTimeService]:  max: 1.0
[INFO] [2013/09/05 13:43:27] [HandlingTimeService]:  min: 1.0
[INFO] [2013/09/05 13:43:27] [HandlingTimeService]:  avg: 1.0
[INFO] [2013/09/05 13:43:44] [HandlingTimeService]: User: 71879567
[INFO] [2013/09/05 13:43:44] [HandlingTimeService]: HT: 1.0
[INFO] [2013/09/05 13:43:44] [HandlingTimeService]: Total: 231
[INFO] [2013/09/05 13:43:44] [HandlingTimeService]: Bien: 97%
[INFO] [2013/09/05 13:43:44] [HandlingTimeService]:  max: 1.0
[INFO] [2013/09/05 13:43:44] [HandlingTimeService]:  min: 0.0
[INFO] [2013/09/05 13:43:44] [HandlingTimeService]:  avg: 0.20179372197309417
[INFO] [2013/09/05 13:43:44] [HandlingTimeService]: Mal: 3%
[INFO] [2013/09/05 13:43:44] [HandlingTimeService]:  max: 3.0
[INFO] [2013/09/05 13:43:44] [HandlingTimeService]:  min: 1.0
[INFO] [2013/09/05 13:43:44] [HandlingTimeService]:  avg: 1.625
[INFO] [2013/09/05 13:44:02] [HandlingTimeService]: User: 19400838
[INFO] [2013/09/05 13:44:02] [HandlingTimeService]: HT: 2.0
[INFO] [2013/09/05 13:44:02] [HandlingTimeService]: Total: 243
[INFO] [2013/09/05 13:44:02] [HandlingTimeService]: Bien: 98%
[INFO] [2013/09/05 13:44:02] [HandlingTimeService]:  max: 2.0
[INFO] [2013/09/05 13:44:02] [HandlingTimeService]:  min: 0.0
[INFO] [2013/09/05 13:44:02] [HandlingTimeService]:  avg: 0.7899159663865546
[INFO] [2013/09/05 13:44:02] [HandlingTimeService]: Mal: 2%
[INFO] [2013/09/05 13:44:02] [HandlingTimeService]:  max: 4.0
[INFO] [2013/09/05 13:44:02] [HandlingTimeService]:  min: 1.0
[INFO] [2013/09/05 13:44:02] [HandlingTimeService]:  avg: 2.2
[INFO] [2013/09/05 13:44:02] [HandlingTimeJob]: Processing chunk 6
[INFO] [2013/09/05 13:44:02] [HandlingTimeService]: Processing users [141297412, 133308399, 85836036]
[INFO] [2013/09/05 13:44:37] [HandlingTimeService]: User: 85836036
[INFO] [2013/09/05 13:44:37] [HandlingTimeService]: HT: 2.0
[INFO] [2013/09/05 13:44:37] [HandlingTimeService]: Total: 217
[INFO] [2013/09/05 13:44:37] [HandlingTimeService]: Bien: 99%
[INFO] [2013/09/05 13:44:37] [HandlingTimeService]:  max: 2.0
[INFO] [2013/09/05 13:44:37] [HandlingTimeService]:  min: 0.0
[INFO] [2013/09/05 13:44:37] [HandlingTimeService]:  avg: 0.8511627906976744
[INFO] [2013/09/05 13:44:37] [HandlingTimeService]: Mal: 1%
[INFO] [2013/09/05 13:44:37] [HandlingTimeService]:  max: 6.0
[INFO] [2013/09/05 13:44:37] [HandlingTimeService]:  min: 1.0
[INFO] [2013/09/05 13:44:37] [HandlingTimeService]:  avg: 3.5
[INFO] [2013/09/05 13:44:56] [HandlingTimeService]: User: 141297412
[INFO] [2013/09/05 13:44:56] [HandlingTimeService]: HT: 1.0
[INFO] [2013/09/05 13:44:56] [HandlingTimeService]: Total: 223
[INFO] [2013/09/05 13:44:56] [HandlingTimeService]: Bien: 87%
[INFO] [2013/09/05 13:44:56] [HandlingTimeService]:  max: 1.0
[INFO] [2013/09/05 13:44:56] [HandlingTimeService]:  min: 0.0
[INFO] [2013/09/05 13:44:56] [HandlingTimeService]:  avg: 0.5309278350515464
[INFO] [2013/09/05 13:44:56] [HandlingTimeService]: Mal: 13%
[INFO] [2013/09/05 13:44:56] [HandlingTimeService]:  max: 5.0
[INFO] [2013/09/05 13:44:56] [HandlingTimeService]:  min: 1.0
[INFO] [2013/09/05 13:44:56] [HandlingTimeService]:  avg: 1.4137931034482758
[INFO] [2013/09/05 13:45:16] [HandlingTimeService]: User: 133308399
[INFO] [2013/09/05 13:45:16] [HandlingTimeService]: HT: 3.0
[INFO] [2013/09/05 13:45:16] [HandlingTimeService]: Total: 219
[INFO] [2013/09/05 13:45:16] [HandlingTimeService]: Bien: 90%
[INFO] [2013/09/05 13:45:16] [HandlingTimeService]:  max: 3.0
[INFO] [2013/09/05 13:45:16] [HandlingTimeService]:  min: 0.0
[INFO] [2013/09/05 13:45:16] [HandlingTimeService]:  avg: 1.1522842639593909
[INFO] [2013/09/05 13:45:16] [HandlingTimeService]: Mal: 10%
[INFO] [2013/09/05 13:45:16] [HandlingTimeService]:  max: 3.0
[INFO] [2013/09/05 13:45:16] [HandlingTimeService]:  min: 1.0
[INFO] [2013/09/05 13:45:16] [HandlingTimeService]:  avg: 1.6363636363636365
[INFO] [2013/09/05 13:45:16] [HandlingTimeJob]: Processing chunk 7
[INFO] [2013/09/05 13:45:16] [HandlingTimeService]: Processing users [137239303, 3342386, 22950182]
[INFO] [2013/09/05 13:45:50] [HandlingTimeService]: User: 22950182
[INFO] [2013/09/05 13:45:50] [HandlingTimeService]: HT: 1.0
[INFO] [2013/09/05 13:45:50] [HandlingTimeService]: Total: 183
[INFO] [2013/09/05 13:45:50] [HandlingTimeService]: Bien: 99%
[INFO] [2013/09/05 13:45:50] [HandlingTimeService]:  max: 1.0
[INFO] [2013/09/05 13:45:50] [HandlingTimeService]:  min: 0.0
[INFO] [2013/09/05 13:45:50] [HandlingTimeService]:  avg: 0.5469613259668509
[INFO] [2013/09/05 13:45:50] [HandlingTimeService]: Mal: 1%
[INFO] [2013/09/05 13:45:50] [HandlingTimeService]:  max: 1.0
[INFO] [2013/09/05 13:45:50] [HandlingTimeService]:  min: 1.0
[INFO] [2013/09/05 13:45:50] [HandlingTimeService]:  avg: 1.0
[INFO] [2013/09/05 13:46:11] [HandlingTimeService]: User: 3342386
[INFO] [2013/09/05 13:46:11] [HandlingTimeService]: HT: 1.0
[INFO] [2013/09/05 13:46:11] [HandlingTimeService]: Total: 205
[INFO] [2013/09/05 13:46:11] [HandlingTimeService]: Bien: 93%
[INFO] [2013/09/05 13:46:11] [HandlingTimeService]:  max: 1.0
[INFO] [2013/09/05 13:46:11] [HandlingTimeService]:  min: 0.0
[INFO] [2013/09/05 13:46:11] [HandlingTimeService]:  avg: 0.4789473684210526
[INFO] [2013/09/05 13:46:11] [HandlingTimeService]: Mal: 7%
[INFO] [2013/09/05 13:46:11] [HandlingTimeService]:  max: 2.0
[INFO] [2013/09/05 13:46:11] [HandlingTimeService]:  min: 1.0
[INFO] [2013/09/05 13:46:11] [HandlingTimeService]:  avg: 1.2
[INFO] [2013/09/05 13:46:32] [HandlingTimeService]: User: 137239303
[INFO] [2013/09/05 13:46:32] [HandlingTimeService]: HT: 1.0
[INFO] [2013/09/05 13:46:32] [HandlingTimeService]: Total: 209
[INFO] [2013/09/05 13:46:32] [HandlingTimeService]: Bien: 99%
[INFO] [2013/09/05 13:46:32] [HandlingTimeService]:  max: 1.0
[INFO] [2013/09/05 13:46:32] [HandlingTimeService]:  min: 0.0
[INFO] [2013/09/05 13:46:32] [HandlingTimeService]:  avg: 0.6086956521739131
[INFO] [2013/09/05 13:46:32] [HandlingTimeService]: Mal: 1%
[INFO] [2013/09/05 13:46:32] [HandlingTimeService]:  max: 1.0
[INFO] [2013/09/05 13:46:32] [HandlingTimeService]:  min: 1.0
[INFO] [2013/09/05 13:46:32] [HandlingTimeService]:  avg: 1.0
[INFO] [2013/09/05 13:46:32] [HandlingTimeJob]: Processing chunk 8
[INFO] [2013/09/05 13:46:32] [HandlingTimeService]: Processing users [75280843, 29638918, 77355162]
[INFO] [2013/09/05 13:47:09] [HandlingTimeService]: User: 29638918
[INFO] [2013/09/05 13:47:09] [HandlingTimeService]: HT: 3.0
[INFO] [2013/09/05 13:47:09] [HandlingTimeService]: Total: 174
[INFO] [2013/09/05 13:47:09] [HandlingTimeService]: Bien: 93%
[INFO] [2013/09/05 13:47:09] [HandlingTimeService]:  max: 3.0
[INFO] [2013/09/05 13:47:09] [HandlingTimeService]:  min: 0.0
[INFO] [2013/09/05 13:47:09] [HandlingTimeService]:  avg: 1.4691358024691359
[INFO] [2013/09/05 13:47:09] [HandlingTimeService]: Mal: 7%
[INFO] [2013/09/05 13:47:09] [HandlingTimeService]:  max: 3.0
[INFO] [2013/09/05 13:47:09] [HandlingTimeService]:  min: 1.0
[INFO] [2013/09/05 13:47:09] [HandlingTimeService]:  avg: 1.3333333333333333
[INFO] [2013/09/05 13:47:27] [HandlingTimeService]: User: 77355162
[INFO] [2013/09/05 13:47:27] [HandlingTimeService]: HT: 1.0
[INFO] [2013/09/05 13:47:27] [HandlingTimeService]: Total: 170
[INFO] [2013/09/05 13:47:27] [HandlingTimeService]: Bien: 98%
[INFO] [2013/09/05 13:47:27] [HandlingTimeService]:  max: 1.0
[INFO] [2013/09/05 13:47:27] [HandlingTimeService]:  min: 0.0
[INFO] [2013/09/05 13:47:27] [HandlingTimeService]:  avg: 0.47305389221556887
[INFO] [2013/09/05 13:47:27] [HandlingTimeService]: Mal: 2%
[INFO] [2013/09/05 13:47:27] [HandlingTimeService]:  max: 1.0
[INFO] [2013/09/05 13:47:27] [HandlingTimeService]:  min: 1.0
[INFO] [2013/09/05 13:47:27] [HandlingTimeService]:  avg: 1.0
[INFO] [2013/09/05 13:47:46] [HandlingTimeService]: User: 75280843
[INFO] [2013/09/05 13:47:46] [HandlingTimeService]: HT: 1.0
[INFO] [2013/09/05 13:47:46] [HandlingTimeService]: Total: 180
[INFO] [2013/09/05 13:47:46] [HandlingTimeService]: Bien: 97%
[INFO] [2013/09/05 13:47:46] [HandlingTimeService]:  max: 1.0
[INFO] [2013/09/05 13:47:46] [HandlingTimeService]:  min: 0.0
[INFO] [2013/09/05 13:47:46] [HandlingTimeService]:  avg: 0.39655172413793105
[INFO] [2013/09/05 13:47:46] [HandlingTimeService]: Mal: 3%
[INFO] [2013/09/05 13:47:46] [HandlingTimeService]:  max: 1.0
[INFO] [2013/09/05 13:47:46] [HandlingTimeService]:  min: 1.0
[INFO] [2013/09/05 13:47:46] [HandlingTimeService]:  avg: 1.0
[INFO] [2013/09/05 13:47:46] [HandlingTimeJob]: Processing chunk 9
[INFO] [2013/09/05 13:47:46] [HandlingTimeService]: Processing users [33027109, 6965716, 33424542]
[INFO] [2013/09/05 13:48:22] [HandlingTimeService]: User: 6965716
[INFO] [2013/09/05 13:48:22] [HandlingTimeService]: HT: 1.0
[INFO] [2013/09/05 13:48:22] [HandlingTimeService]: Total: 163
[INFO] [2013/09/05 13:48:22] [HandlingTimeService]: Bien: 99%
[INFO] [2013/09/05 13:48:22] [HandlingTimeService]:  max: 1.0
[INFO] [2013/09/05 13:48:22] [HandlingTimeService]:  min: 0.0
[INFO] [2013/09/05 13:48:22] [HandlingTimeService]:  avg: 0.515527950310559
[INFO] [2013/09/05 13:48:22] [HandlingTimeService]: Mal: 1%
[INFO] [2013/09/05 13:48:22] [HandlingTimeService]:  max: 2.0
[INFO] [2013/09/05 13:48:22] [HandlingTimeService]:  min: 1.0
[INFO] [2013/09/05 13:48:22] [HandlingTimeService]:  avg: 1.5
[INFO] [2013/09/05 13:48:41] [HandlingTimeService]: User: 33027109
[INFO] [2013/09/05 13:48:41] [HandlingTimeService]: HT: 1.0
[INFO] [2013/09/05 13:48:41] [HandlingTimeService]: Total: 165
[INFO] [2013/09/05 13:48:41] [HandlingTimeService]: Bien: 87%
[INFO] [2013/09/05 13:48:41] [HandlingTimeService]:  max: 1.0
[INFO] [2013/09/05 13:48:41] [HandlingTimeService]:  min: 0.0
[INFO] [2013/09/05 13:48:41] [HandlingTimeService]:  avg: 0.2638888888888889
[INFO] [2013/09/05 13:48:41] [HandlingTimeService]: Mal: 13%
[INFO] [2013/09/05 13:48:41] [HandlingTimeService]:  max: 1.0
[INFO] [2013/09/05 13:48:41] [HandlingTimeService]:  min: 1.0
[INFO] [2013/09/05 13:48:41] [HandlingTimeService]:  avg: 1.0
[INFO] [2013/09/05 13:48:59] [HandlingTimeService]: User: 33424542
[INFO] [2013/09/05 13:48:59] [HandlingTimeService]: HT: 1.0
[INFO] [2013/09/05 13:48:59] [HandlingTimeService]: Total: 163
[INFO] [2013/09/05 13:48:59] [HandlingTimeService]: Bien: 85%
[INFO] [2013/09/05 13:48:59] [HandlingTimeService]:  max: 1.0
[INFO] [2013/09/05 13:48:59] [HandlingTimeService]:  min: 0.0
[INFO] [2013/09/05 13:48:59] [HandlingTimeService]:  avg: 0.5072463768115942
[INFO] [2013/09/05 13:48:59] [HandlingTimeService]: Mal: 15%
[INFO] [2013/09/05 13:48:59] [HandlingTimeService]:  max: 2.0
[INFO] [2013/09/05 13:48:59] [HandlingTimeService]:  min: 1.0
[INFO] [2013/09/05 13:48:59] [HandlingTimeService]:  avg: 1.04
[INFO] [2013/09/05 13:48:59] [HandlingTimeJob]: Processing chunk 10
[INFO] [2013/09/05 13:48:59] [HandlingTimeService]: Processing users [77945322, 92513231, 47671255]
[INFO] [2013/09/05 13:49:39] [HandlingTimeService]: User: 92513231
[INFO] [2013/09/05 13:49:39] [HandlingTimeService]: HT: 1.0
[INFO] [2013/09/05 13:49:39] [HandlingTimeService]: Total: 160
[INFO] [2013/09/05 13:49:39] [HandlingTimeService]: Bien: 100%
[INFO] [2013/09/05 13:49:39] [HandlingTimeService]:  max: 1.0
[INFO] [2013/09/05 13:49:39] [HandlingTimeService]:  min: 0.0
[INFO] [2013/09/05 13:49:39] [HandlingTimeService]:  avg: 0.4
[INFO] [2013/09/05 13:49:58] [HandlingTimeService]: User: 77945322
[INFO] [2013/09/05 13:49:58] [HandlingTimeService]: HT: 2.0
[INFO] [2013/09/05 13:49:58] [HandlingTimeService]: Total: 162
[INFO] [2013/09/05 13:49:58] [HandlingTimeService]: Bien: 96%
[INFO] [2013/09/05 13:49:58] [HandlingTimeService]:  max: 1.0
[INFO] [2013/09/05 13:49:58] [HandlingTimeService]:  min: 0.0
[INFO] [2013/09/05 13:49:58] [HandlingTimeService]:  avg: 0.5806451612903226
[INFO] [2013/09/05 13:49:58] [HandlingTimeService]: Mal: 4%
[INFO] [2013/09/05 13:49:58] [HandlingTimeService]:  max: 2.0
[INFO] [2013/09/05 13:49:58] [HandlingTimeService]:  min: 1.0
[INFO] [2013/09/05 13:49:58] [HandlingTimeService]:  avg: 1.1428571428571428
[INFO] [2013/09/05 13:50:17] [HandlingTimeService]: User: 47671255
[INFO] [2013/09/05 13:50:17] [HandlingTimeService]: HT: 1.0
[INFO] [2013/09/05 13:50:17] [HandlingTimeService]: Total: 154
[INFO] [2013/09/05 13:50:17] [HandlingTimeService]: Bien: 99%
[INFO] [2013/09/05 13:50:17] [HandlingTimeService]:  max: 1.0
[INFO] [2013/09/05 13:50:17] [HandlingTimeService]:  min: 0.0
[INFO] [2013/09/05 13:50:17] [HandlingTimeService]:  avg: 0.5751633986928104
[INFO] [2013/09/05 13:50:17] [HandlingTimeService]: Mal: 1%
[INFO] [2013/09/05 13:50:17] [HandlingTimeService]:  max: 1.0
[INFO] [2013/09/05 13:50:17] [HandlingTimeService]:  min: 1.0
[INFO] [2013/09/05 13:50:17] [HandlingTimeService]:  avg: 1.0
[INFO] [2013/09/05 13:50:17] [HandlingTimeJob]: Processing chunk 11
[INFO] [2013/09/05 13:50:17] [HandlingTimeService]: Processing users [78805006, 55628989, 129058928]
[INFO] [2013/09/05 13:50:52] [HandlingTimeService]: User: 129058928
[INFO] [2013/09/05 13:50:52] [HandlingTimeService]: HT: 2.0
[INFO] [2013/09/05 13:50:52] [HandlingTimeService]: Total: 150
[INFO] [2013/09/05 13:50:52] [HandlingTimeService]: Bien: 92%
[INFO] [2013/09/05 13:50:52] [HandlingTimeService]:  max: 2.0
[INFO] [2013/09/05 13:50:52] [HandlingTimeService]:  min: 0.0
[INFO] [2013/09/05 13:50:52] [HandlingTimeService]:  avg: 0.9782608695652174
[INFO] [2013/09/05 13:50:52] [HandlingTimeService]: Mal: 8%
[INFO] [2013/09/05 13:50:52] [HandlingTimeService]:  max: 5.0
[INFO] [2013/09/05 13:50:52] [HandlingTimeService]:  min: 1.0
[INFO] [2013/09/05 13:50:52] [HandlingTimeService]:  avg: 2.0
[INFO] [2013/09/05 13:51:11] [HandlingTimeService]: User: 78805006
[INFO] [2013/09/05 13:51:11] [HandlingTimeService]: HT: 3.0
[INFO] [2013/09/05 13:51:11] [HandlingTimeService]: Total: 152
[INFO] [2013/09/05 13:51:11] [HandlingTimeService]: Bien: 93%
[INFO] [2013/09/05 13:51:11] [HandlingTimeService]:  max: 3.0
[INFO] [2013/09/05 13:51:11] [HandlingTimeService]:  min: 0.0
[INFO] [2013/09/05 13:51:11] [HandlingTimeService]:  avg: 1.8028169014084507
[INFO] [2013/09/05 13:51:11] [HandlingTimeService]: Mal: 7%
[INFO] [2013/09/05 13:51:11] [HandlingTimeService]:  max: 2.0
[INFO] [2013/09/05 13:51:11] [HandlingTimeService]:  min: 1.0
[INFO] [2013/09/05 13:51:11] [HandlingTimeService]:  avg: 1.6
[INFO] [2013/09/05 13:51:32] [HandlingTimeService]: User: 55628989
[INFO] [2013/09/05 13:51:32] [HandlingTimeService]: HT: 3.0
[INFO] [2013/09/05 13:51:32] [HandlingTimeService]: Total: 151
[INFO] [2013/09/05 13:51:32] [HandlingTimeService]: Bien: 91%
[INFO] [2013/09/05 13:51:32] [HandlingTimeService]:  max: 3.0
[INFO] [2013/09/05 13:51:32] [HandlingTimeService]:  min: 0.0
[INFO] [2013/09/05 13:51:32] [HandlingTimeService]:  avg: 1.2971014492753623
[INFO] [2013/09/05 13:51:32] [HandlingTimeService]: Mal: 9%
[INFO] [2013/09/05 13:51:32] [HandlingTimeService]:  max: 3.0
[INFO] [2013/09/05 13:51:32] [HandlingTimeService]:  min: 1.0
[INFO] [2013/09/05 13:51:32] [HandlingTimeService]:  avg: 2.0
[INFO] [2013/09/05 13:51:32] [HandlingTimeJob]: Processing chunk 12
[INFO] [2013/09/05 13:51:32] [HandlingTimeService]: Processing users [115281594, 127868481, 6390309]
[INFO] [2013/09/05 13:52:19] [HandlingTimeService]: User: 6390309
[INFO] [2013/09/05 13:52:19] [HandlingTimeService]: HT: 3.0
[INFO] [2013/09/05 13:52:19] [HandlingTimeService]: Total: 148
[INFO] [2013/09/05 13:52:19] [HandlingTimeService]: Bien: 93%
[INFO] [2013/09/05 13:52:19] [HandlingTimeService]:  max: 3.0
[INFO] [2013/09/05 13:52:19] [HandlingTimeService]:  min: 0.0
[INFO] [2013/09/05 13:52:19] [HandlingTimeService]:  avg: 1.3043478260869565
[INFO] [2013/09/05 13:52:19] [HandlingTimeService]: Mal: 7%
[INFO] [2013/09/05 13:52:19] [HandlingTimeService]:  max: 1.0
[INFO] [2013/09/05 13:52:19] [HandlingTimeService]:  min: 1.0
[INFO] [2013/09/05 13:52:19] [HandlingTimeService]:  avg: 1.0
[INFO] [2013/09/05 13:52:40] [HandlingTimeService]: User: 127868481
[INFO] [2013/09/05 13:52:40] [HandlingTimeService]: HT: 4.0
[INFO] [2013/09/05 13:52:40] [HandlingTimeService]: Total: 149
[INFO] [2013/09/05 13:52:40] [HandlingTimeService]: Bien: 93%
[INFO] [2013/09/05 13:52:40] [HandlingTimeService]:  max: 4.0
[INFO] [2013/09/05 13:52:40] [HandlingTimeService]:  min: 0.0
[INFO] [2013/09/05 13:52:40] [HandlingTimeService]:  avg: 1.355072463768116
[INFO] [2013/09/05 13:52:40] [HandlingTimeService]: Mal: 7%
[INFO] [2013/09/05 13:52:40] [HandlingTimeService]:  max: 4.0
[INFO] [2013/09/05 13:52:40] [HandlingTimeService]:  min: 1.0
[INFO] [2013/09/05 13:52:40] [HandlingTimeService]:  avg: 1.5454545454545454
[INFO] [2013/09/05 13:53:01] [HandlingTimeService]: User: 115281594
[INFO] [2013/09/05 13:53:01] [HandlingTimeService]: HT: 1.0
[INFO] [2013/09/05 13:53:01] [HandlingTimeService]: Total: 149
[INFO] [2013/09/05 13:53:01] [HandlingTimeService]: Bien: 98%
[INFO] [2013/09/05 13:53:01] [HandlingTimeService]:  max: 1.0
[INFO] [2013/09/05 13:53:01] [HandlingTimeService]:  min: 0.0
[INFO] [2013/09/05 13:53:01] [HandlingTimeService]:  avg: 0.2876712328767123
[INFO] [2013/09/05 13:53:01] [HandlingTimeService]: Mal: 2%
[INFO] [2013/09/05 13:53:01] [HandlingTimeService]:  max: 1.0
[INFO] [2013/09/05 13:53:01] [HandlingTimeService]:  min: 1.0
[INFO] [2013/09/05 13:53:01] [HandlingTimeService]:  avg: 1.0
[INFO] [2013/09/05 13:53:01] [HandlingTimeJob]: Processing chunk 13
[INFO] [2013/09/05 13:53:01] [HandlingTimeService]: Processing users [116035555, 128090608, 81381917]
[INFO] [2013/09/05 13:53:18] [HandlingTimeService]: User: 128090608
[INFO] [2013/09/05 13:53:18] [HandlingTimeService]: HT: 5.0
[INFO] [2013/09/05 13:53:18] [HandlingTimeService]: Total: 12
[INFO] [2013/09/05 13:53:18] [HandlingTimeService]: Bien: 92%
[INFO] [2013/09/05 13:53:18] [HandlingTimeService]:  max: 5.0
[INFO] [2013/09/05 13:53:18] [HandlingTimeService]:  min: 1.0
[INFO] [2013/09/05 13:53:18] [HandlingTimeService]:  avg: 2.8181818181818183
[INFO] [2013/09/05 13:53:18] [HandlingTimeService]: Mal: 8%
[INFO] [2013/09/05 13:53:18] [HandlingTimeService]:  max: 2.0
[INFO] [2013/09/05 13:53:18] [HandlingTimeService]:  min: 2.0
[INFO] [2013/09/05 13:53:18] [HandlingTimeService]:  avg: 2.0
[INFO] [2013/09/05 13:53:20] [HandlingTimeService]: User: 81381917
[INFO] [2013/09/05 13:53:20] [HandlingTimeService]: HT: 4.0
[INFO] [2013/09/05 13:53:20] [HandlingTimeService]: Total: 12
[INFO] [2013/09/05 13:53:20] [HandlingTimeService]: Bien: 92%
[INFO] [2013/09/05 13:53:20] [HandlingTimeService]:  max: 3.0
[INFO] [2013/09/05 13:53:20] [HandlingTimeService]:  min: 0.0
[INFO] [2013/09/05 13:53:20] [HandlingTimeService]:  avg: 1.3636363636363635
[INFO] [2013/09/05 13:53:20] [HandlingTimeService]: Mal: 8%
[INFO] [2013/09/05 13:53:20] [HandlingTimeService]:  max: 1.0
[INFO] [2013/09/05 13:53:20] [HandlingTimeService]:  min: 1.0
[INFO] [2013/09/05 13:53:20] [HandlingTimeService]:  avg: 1.0
[INFO] [2013/09/05 13:53:22] [HandlingTimeService]: User: 116035555
[INFO] [2013/09/05 13:53:22] [HandlingTimeService]: HT: 3.0
[INFO] [2013/09/05 13:53:22] [HandlingTimeService]: Total: 12
[INFO] [2013/09/05 13:53:22] [HandlingTimeService]: Bien: 100%
[INFO] [2013/09/05 13:53:22] [HandlingTimeService]:  max: 3.0
[INFO] [2013/09/05 13:53:22] [HandlingTimeService]:  min: 0.0
[INFO] [2013/09/05 13:53:22] [HandlingTimeService]:  avg: 1.5833333333333333
[INFO] [2013/09/05 13:53:22] [HandlingTimeJob]: Processing chunk 14
[INFO] [2013/09/05 13:53:22] [HandlingTimeService]: Processing users [61726726, 16321980, 64734449]
[INFO] [2013/09/05 13:53:39] [HandlingTimeService]: User: 61726726
[INFO] [2013/09/05 13:53:39] [HandlingTimeService]: HT: 1.0
[INFO] [2013/09/05 13:53:39] [HandlingTimeService]: Total: 12
[INFO] [2013/09/05 13:53:39] [HandlingTimeService]: Bien: 100%
[INFO] [2013/09/05 13:53:39] [HandlingTimeService]:  max: 1.0
[INFO] [2013/09/05 13:53:39] [HandlingTimeService]:  min: 0.0
[INFO] [2013/09/05 13:53:39] [HandlingTimeService]:  avg: 0.5
[INFO] [2013/09/05 13:53:41] [HandlingTimeService]: User: 16321980
[INFO] [2013/09/05 13:53:41] [HandlingTimeService]: HT: 1.0
[INFO] [2013/09/05 13:53:41] [HandlingTimeService]: Total: 12
[INFO] [2013/09/05 13:53:41] [HandlingTimeService]: Bien: 92%
[INFO] [2013/09/05 13:53:41] [HandlingTimeService]:  max: 1.0
[INFO] [2013/09/05 13:53:41] [HandlingTimeService]:  min: 0.0
[INFO] [2013/09/05 13:53:41] [HandlingTimeService]:  avg: 0.2727272727272727
[INFO] [2013/09/05 13:53:41] [HandlingTimeService]: Mal: 8%
[INFO] [2013/09/05 13:53:41] [HandlingTimeService]:  max: 1.0
[INFO] [2013/09/05 13:53:41] [HandlingTimeService]:  min: 1.0
[INFO] [2013/09/05 13:53:41] [HandlingTimeService]:  avg: 1.0
[INFO] [2013/09/05 13:53:43] [HandlingTimeService]: User: 64734449
[INFO] [2013/09/05 13:53:43] [HandlingTimeService]: HT: 1.0
[INFO] [2013/09/05 13:53:43] [HandlingTimeService]: Total: 12
[INFO] [2013/09/05 13:53:43] [HandlingTimeService]: Bien: 83%
[INFO] [2013/09/05 13:53:43] [HandlingTimeService]:  max: 1.0
[INFO] [2013/09/05 13:53:43] [HandlingTimeService]:  min: 0.0
[INFO] [2013/09/05 13:53:43] [HandlingTimeService]:  avg: 0.5
[INFO] [2013/09/05 13:53:43] [HandlingTimeService]: Mal: 17%
[INFO] [2013/09/05 13:53:43] [HandlingTimeService]:  max: 1.0
[INFO] [2013/09/05 13:53:43] [HandlingTimeService]:  min: 1.0
[INFO] [2013/09/05 13:53:43] [HandlingTimeService]:  avg: 1.0
[INFO] [2013/09/05 13:53:43] [HandlingTimeJob]: Processing chunk 15
[INFO] [2013/09/05 13:53:43] [HandlingTimeService]: Processing users [101212077, 90285027, 16628485]
[INFO] [2013/09/05 13:54:00] [HandlingTimeService]: User: 90285027
[INFO] [2013/09/05 13:54:00] [HandlingTimeService]: HT: 1.0
[INFO] [2013/09/05 13:54:00] [HandlingTimeService]: Total: 12
[INFO] [2013/09/05 13:54:00] [HandlingTimeService]: Bien: 92%
[INFO] [2013/09/05 13:54:00] [HandlingTimeService]:  max: 1.0
[INFO] [2013/09/05 13:54:00] [HandlingTimeService]:  min: 0.0
[INFO] [2013/09/05 13:54:00] [HandlingTimeService]:  avg: 0.2727272727272727
[INFO] [2013/09/05 13:54:00] [HandlingTimeService]: Mal: 8%
[INFO] [2013/09/05 13:54:00] [HandlingTimeService]:  max: 1.0
[INFO] [2013/09/05 13:54:00] [HandlingTimeService]:  min: 1.0
[INFO] [2013/09/05 13:54:00] [HandlingTimeService]:  avg: 1.0
[INFO] [2013/09/05 13:54:02] [HandlingTimeService]: User: 16628485
[INFO] [2013/09/05 13:54:02] [HandlingTimeService]: HT: 1.0
[INFO] [2013/09/05 13:54:02] [HandlingTimeService]: Total: 12
[INFO] [2013/09/05 13:54:02] [HandlingTimeService]: Bien: 100%
[INFO] [2013/09/05 13:54:02] [HandlingTimeService]:  max: 1.0
[INFO] [2013/09/05 13:54:02] [HandlingTimeService]:  min: 0.0
[INFO] [2013/09/05 13:54:02] [HandlingTimeService]:  avg: 0.5833333333333334
[INFO] [2013/09/05 13:54:03] [HandlingTimeService]: User: 101212077
[INFO] [2013/09/05 13:54:03] [HandlingTimeService]: HT: 5.0
[INFO] [2013/09/05 13:54:03] [HandlingTimeService]: Total: 12
[INFO] [2013/09/05 13:54:03] [HandlingTimeService]: Bien: 100%
[INFO] [2013/09/05 13:54:03] [HandlingTimeService]:  max: 2.0
[INFO] [2013/09/05 13:54:03] [HandlingTimeService]:  min: 0.0
[INFO] [2013/09/05 13:54:03] [HandlingTimeService]:  avg: 0.8333333333333334
[INFO] [2013/09/05 13:54:03] [HandlingTimeJob]: Processing chunk 16
[INFO] [2013/09/05 13:54:03] [HandlingTimeService]: Processing users [19867333, 66754487, 137241345]
[INFO] [2013/09/05 13:54:17] [HandlingTimeService]: User: 66754487
[INFO] [2013/09/05 13:54:17] [HandlingTimeService]: HT: 1.0
[INFO] [2013/09/05 13:54:17] [HandlingTimeService]: Total: 11
[INFO] [2013/09/05 13:54:17] [HandlingTimeService]: Bien: 100%
[INFO] [2013/09/05 13:54:17] [HandlingTimeService]:  max: 1.0
[INFO] [2013/09/05 13:54:17] [HandlingTimeService]:  min: 0.0
[INFO] [2013/09/05 13:54:17] [HandlingTimeService]:  avg: 0.2727272727272727
[INFO] [2013/09/05 13:54:18] [HandlingTimeService]: User: 137241345
[INFO] [2013/09/05 13:54:18] [HandlingTimeService]: HT: 2.0
[INFO] [2013/09/05 13:54:18] [HandlingTimeService]: Total: 12
[INFO] [2013/09/05 13:54:18] [HandlingTimeService]: Bien: 92%
[INFO] [2013/09/05 13:54:18] [HandlingTimeService]:  max: 2.0
[INFO] [2013/09/05 13:54:18] [HandlingTimeService]:  min: 0.0
[INFO] [2013/09/05 13:54:18] [HandlingTimeService]:  avg: 0.8181818181818182
[INFO] [2013/09/05 13:54:18] [HandlingTimeService]: Mal: 8%
[INFO] [2013/09/05 13:54:18] [HandlingTimeService]:  max: 2.0
[INFO] [2013/09/05 13:54:18] [HandlingTimeService]:  min: 2.0
[INFO] [2013/09/05 13:54:18] [HandlingTimeService]:  avg: 2.0
[INFO] [2013/09/05 13:54:20] [HandlingTimeService]: User: 19867333
[INFO] [2013/09/05 13:54:20] [HandlingTimeService]: HT: 2.0
[INFO] [2013/09/05 13:54:20] [HandlingTimeService]: Total: 12
[INFO] [2013/09/05 13:54:20] [HandlingTimeService]: Bien: 100%
[INFO] [2013/09/05 13:54:20] [HandlingTimeService]:  max: 2.0
[INFO] [2013/09/05 13:54:20] [HandlingTimeService]:  min: 0.0
[INFO] [2013/09/05 13:54:20] [HandlingTimeService]:  avg: 1.1666666666666667
[INFO] [2013/09/05 13:54:20] [HandlingTimeJob]: Processing site MLA
[INFO] [2013/09/05 13:54:20] [HandlingTimeJob]: Processing chunk 1
[INFO] [2013/09/05 13:54:20] [HandlingTimeService]: Processing users [92607234, 75338949, 4641264, 131662738]
[INFO] [2013/09/05 13:55:05] [HandlingTimeService]: User: 4641264
[INFO] [2013/09/05 13:55:05] [HandlingTimeService]: HT: 1.0
[INFO] [2013/09/05 13:55:05] [HandlingTimeService]: Total: 215
[INFO] [2013/09/05 13:55:05] [HandlingTimeService]: Bien: 91%
[INFO] [2013/09/05 13:55:05] [HandlingTimeService]:  max: 1.0
[INFO] [2013/09/05 13:55:05] [HandlingTimeService]:  min: 0.0
[INFO] [2013/09/05 13:55:05] [HandlingTimeService]:  avg: 0.26666666666666666
[INFO] [2013/09/05 13:55:05] [HandlingTimeService]: Mal: 9%
[INFO] [2013/09/05 13:55:05] [HandlingTimeService]:  max: 1.0
[INFO] [2013/09/05 13:55:05] [HandlingTimeService]:  min: 1.0
[INFO] [2013/09/05 13:55:05] [HandlingTimeService]:  avg: 1.0
[INFO] [2013/09/05 13:55:45] [HandlingTimeService]: User: 75338949
[INFO] [2013/09/05 13:55:45] [HandlingTimeService]: HT: 2.0
[INFO] [2013/09/05 13:55:45] [HandlingTimeService]: Total: 242
[INFO] [2013/09/05 13:55:45] [HandlingTimeService]: Bien: 96%
[INFO] [2013/09/05 13:55:45] [HandlingTimeService]:  max: 2.0
[INFO] [2013/09/05 13:55:45] [HandlingTimeService]:  min: 0.0
[INFO] [2013/09/05 13:55:45] [HandlingTimeService]:  avg: 0.776824034334764
[INFO] [2013/09/05 13:55:45] [HandlingTimeService]: Mal: 4%
[INFO] [2013/09/05 13:55:45] [HandlingTimeService]:  max: 5.0
[INFO] [2013/09/05 13:55:45] [HandlingTimeService]:  min: 1.0
[INFO] [2013/09/05 13:55:45] [HandlingTimeService]:  avg: 1.4444444444444444
[INFO] [2013/09/05 13:57:28] [HandlingTimeService]: User: 92607234
[INFO] [2013/09/05 13:57:28] [HandlingTimeService]: HT: 1.0
[INFO] [2013/09/05 13:57:28] [HandlingTimeService]: Total: 622
[INFO] [2013/09/05 13:57:28] [HandlingTimeService]: Bien: 95%
[INFO] [2013/09/05 13:57:28] [HandlingTimeService]:  max: 1.0
[INFO] [2013/09/05 13:57:28] [HandlingTimeService]:  min: 0.0
[INFO] [2013/09/05 13:57:28] [HandlingTimeService]:  avg: 0.47368421052631576
[INFO] [2013/09/05 13:57:28] [HandlingTimeService]: Mal: 5%
[INFO] [2013/09/05 13:57:28] [HandlingTimeService]:  max: 3.0
[INFO] [2013/09/05 13:57:28] [HandlingTimeService]:  min: 1.0
[INFO] [2013/09/05 13:57:28] [HandlingTimeService]:  avg: 1.303030303030303
[INFO] [2013/09/05 13:57:57] [HandlingTimeService]: User: 131662738
[INFO] [2013/09/05 13:57:57] [HandlingTimeService]: HT: 2.0
[INFO] [2013/09/05 13:57:57] [HandlingTimeService]: Total: 186
[INFO] [2013/09/05 13:57:57] [HandlingTimeService]: Bien: 96%
[INFO] [2013/09/05 13:57:57] [HandlingTimeService]:  max: 2.0
[INFO] [2013/09/05 13:57:57] [HandlingTimeService]:  min: 0.0
[INFO] [2013/09/05 13:57:57] [HandlingTimeService]:  avg: 0.39664804469273746
[INFO] [2013/09/05 13:57:57] [HandlingTimeService]: Mal: 4%
[INFO] [2013/09/05 13:57:57] [HandlingTimeService]:  max: 5.0
[INFO] [2013/09/05 13:57:57] [HandlingTimeService]:  min: 1.0
[INFO] [2013/09/05 13:57:57] [HandlingTimeService]:  avg: 1.8571428571428572
[INFO] [2013/09/05 13:57:57] [HandlingTimeJob]: Processing chunk 2
[INFO] [2013/09/05 13:57:57] [HandlingTimeService]: Processing users [82916233, 79715665, 4542417, 85313895, 25679280]
[INFO] [2013/09/05 13:58:27] [HandlingTimeService]: User: 4542417
[INFO] [2013/09/05 13:58:27] [HandlingTimeService]: HT: 2.0
[INFO] [2013/09/05 13:58:27] [HandlingTimeService]: Total: 138
[INFO] [2013/09/05 13:58:27] [HandlingTimeService]: Bien: 93%
[INFO] [2013/09/05 13:58:27] [HandlingTimeService]:  max: 2.0
[INFO] [2013/09/05 13:58:27] [HandlingTimeService]:  min: 0.0
[INFO] [2013/09/05 13:58:27] [HandlingTimeService]:  avg: 0.9765625
[INFO] [2013/09/05 13:58:27] [HandlingTimeService]: Mal: 7%
[INFO] [2013/09/05 13:58:27] [HandlingTimeService]:  max: 3.0
[INFO] [2013/09/05 13:58:27] [HandlingTimeService]:  min: 1.0
[INFO] [2013/09/05 13:58:27] [HandlingTimeService]:  avg: 1.2
[INFO] [2013/09/05 13:58:47] [HandlingTimeService]: User: 25679280
[INFO] [2013/09/05 13:58:47] [HandlingTimeService]: HT: 3.0
[INFO] [2013/09/05 13:58:47] [HandlingTimeService]: Total: 125
[INFO] [2013/09/05 13:58:47] [HandlingTimeService]: Bien: 90%
[INFO] [2013/09/05 13:58:47] [HandlingTimeService]:  max: 2.0
[INFO] [2013/09/05 13:58:47] [HandlingTimeService]:  min: 0.0
[INFO] [2013/09/05 13:58:47] [HandlingTimeService]:  avg: 1.7699115044247788
[INFO] [2013/09/05 13:58:47] [HandlingTimeService]: Mal: 10%
[INFO] [2013/09/05 13:58:47] [HandlingTimeService]:  max: 3.0
[INFO] [2013/09/05 13:58:47] [HandlingTimeService]:  min: 1.0
[INFO] [2013/09/05 13:58:47] [HandlingTimeService]:  avg: 1.3333333333333333
[INFO] [2013/09/05 13:59:11] [HandlingTimeService]: User: 79715665
[INFO] [2013/09/05 13:59:11] [HandlingTimeService]: HT: 2.0
[INFO] [2013/09/05 13:59:11] [HandlingTimeService]: Total: 147
[INFO] [2013/09/05 13:59:11] [HandlingTimeService]: Bien: 95%
[INFO] [2013/09/05 13:59:11] [HandlingTimeService]:  max: 2.0
[INFO] [2013/09/05 13:59:11] [HandlingTimeService]:  min: 0.0
[INFO] [2013/09/05 13:59:11] [HandlingTimeService]:  avg: 1.2805755395683454
[INFO] [2013/09/05 13:59:11] [HandlingTimeService]: Mal: 5%
[INFO] [2013/09/05 13:59:11] [HandlingTimeService]:  max: 5.0
[INFO] [2013/09/05 13:59:11] [HandlingTimeService]:  min: 1.0
[INFO] [2013/09/05 13:59:11] [HandlingTimeService]:  avg: 1.875
[INFO] [2013/09/05 13:59:38] [HandlingTimeService]: User: 82916233
[INFO] [2013/09/05 13:59:38] [HandlingTimeService]: HT: 1.0
[INFO] [2013/09/05 13:59:38] [HandlingTimeService]: Total: 161
[INFO] [2013/09/05 13:59:38] [HandlingTimeService]: Bien: 59%
[INFO] [2013/09/05 13:59:38] [HandlingTimeService]:  max: 1.0
[INFO] [2013/09/05 13:59:38] [HandlingTimeService]:  min: 0.0
[INFO] [2013/09/05 13:59:38] [HandlingTimeService]:  avg: 0.11578947368421053
[INFO] [2013/09/05 13:59:38] [HandlingTimeService]: Mal: 41%
[INFO] [2013/09/05 13:59:38] [HandlingTimeService]:  max: 2.0
[INFO] [2013/09/05 13:59:38] [HandlingTimeService]:  min: 1.0
[INFO] [2013/09/05 13:59:38] [HandlingTimeService]:  avg: 1.0151515151515151
[INFO] [2013/09/05 14:00:01] [HandlingTimeService]: User: 85313895
[INFO] [2013/09/05 14:00:01] [HandlingTimeService]: HT: 1.0
[INFO] [2013/09/05 14:00:01] [HandlingTimeService]: Total: 136
[INFO] [2013/09/05 14:00:01] [HandlingTimeService]: Bien: 78%
[INFO] [2013/09/05 14:00:01] [HandlingTimeService]:  max: 1.0
[INFO] [2013/09/05 14:00:01] [HandlingTimeService]:  min: 0.0
[INFO] [2013/09/05 14:00:01] [HandlingTimeService]:  avg: 0.2830188679245283
[INFO] [2013/09/05 14:00:01] [HandlingTimeService]: Mal: 22%
[INFO] [2013/09/05 14:00:01] [HandlingTimeService]:  max: 2.0
[INFO] [2013/09/05 14:00:01] [HandlingTimeService]:  min: 1.0
[INFO] [2013/09/05 14:00:01] [HandlingTimeService]:  avg: 1.0666666666666667
[INFO] [2013/09/05 14:00:01] [HandlingTimeJob]: Processing chunk 3
[INFO] [2013/09/05 14:00:01] [HandlingTimeService]: Processing users [3255473, 45059170, 130906887, 85057345]
[INFO] [2013/09/05 14:00:24] [HandlingTimeService]: User: 3255473
[INFO] [2013/09/05 14:00:24] [HandlingTimeService]: HT: 3.0
[INFO] [2013/09/05 14:00:24] [HandlingTimeService]: Total: 125
[INFO] [2013/09/05 14:00:24] [HandlingTimeService]: Bien: 92%
[INFO] [2013/09/05 14:00:24] [HandlingTimeService]:  max: 3.0
[INFO] [2013/09/05 14:00:24] [HandlingTimeService]:  min: 0.0
[INFO] [2013/09/05 14:00:24] [HandlingTimeService]:  avg: 1.7565217391304349
[INFO] [2013/09/05 14:00:24] [HandlingTimeService]: Mal: 8%
[INFO] [2013/09/05 14:00:24] [HandlingTimeService]:  max: 5.0
[INFO] [2013/09/05 14:00:24] [HandlingTimeService]:  min: 1.0
[INFO] [2013/09/05 14:00:24] [HandlingTimeService]:  avg: 2.1
[INFO] [2013/09/05 14:00:45] [HandlingTimeService]: User: 45059170
[INFO] [2013/09/05 14:00:45] [HandlingTimeService]: HT: 3.0
[INFO] [2013/09/05 14:00:45] [HandlingTimeService]: Total: 119
[INFO] [2013/09/05 14:00:45] [HandlingTimeService]: Bien: 100%
[INFO] [2013/09/05 14:00:45] [HandlingTimeService]:  max: 3.0
[INFO] [2013/09/05 14:00:45] [HandlingTimeService]:  min: 0.0
[INFO] [2013/09/05 14:00:45] [HandlingTimeService]:  avg: 1.5630252100840336
[INFO] [2013/09/05 14:01:03] [HandlingTimeService]: User: 85057345
[INFO] [2013/09/05 14:01:03] [HandlingTimeService]: HT: 3.0
[INFO] [2013/09/05 14:01:03] [HandlingTimeService]: Total: 105
[INFO] [2013/09/05 14:01:03] [HandlingTimeService]: Bien: 98%
[INFO] [2013/09/05 14:01:03] [HandlingTimeService]:  max: 3.0
[INFO] [2013/09/05 14:01:03] [HandlingTimeService]:  min: 0.0
[INFO] [2013/09/05 14:01:03] [HandlingTimeService]:  avg: 1.825242718446602
[INFO] [2013/09/05 14:01:03] [HandlingTimeService]: Mal: 2%
[INFO] [2013/09/05 14:01:03] [HandlingTimeService]:  max: 5.0
[INFO] [2013/09/05 14:01:03] [HandlingTimeService]:  min: 5.0
[INFO] [2013/09/05 14:01:03] [HandlingTimeService]:  avg: 5.0
[INFO] [2013/09/05 14:01:23] [HandlingTimeService]: User: 130906887
[INFO] [2013/09/05 14:01:23] [HandlingTimeService]: HT: 3.0
[INFO] [2013/09/05 14:01:23] [HandlingTimeService]: Total: 114
[INFO] [2013/09/05 14:01:23] [HandlingTimeService]: Bien: 96%
[INFO] [2013/09/05 14:01:23] [HandlingTimeService]:  max: 3.0
[INFO] [2013/09/05 14:01:23] [HandlingTimeService]:  min: 0.0
[INFO] [2013/09/05 14:01:23] [HandlingTimeService]:  avg: 2.1192660550458715
[INFO] [2013/09/05 14:01:23] [HandlingTimeService]: Mal: 4%
[INFO] [2013/09/05 14:01:23] [HandlingTimeService]:  max: 2.0
[INFO] [2013/09/05 14:01:23] [HandlingTimeService]:  min: 1.0
[INFO] [2013/09/05 14:01:23] [HandlingTimeService]:  avg: 1.4
[INFO] [2013/09/05 14:01:23] [HandlingTimeJob]: Processing chunk 4
[INFO] [2013/09/05 14:01:23] [HandlingTimeService]: Processing users [9562628, 34555554, 82564432, 7055243]
[INFO] [2013/09/05 14:01:44] [HandlingTimeService]: User: 7055243
[INFO] [2013/09/05 14:01:44] [HandlingTimeService]: HT: 2.0
[INFO] [2013/09/05 14:01:44] [HandlingTimeService]: Total: 93
[INFO] [2013/09/05 14:01:44] [HandlingTimeService]: Bien: 95%
[INFO] [2013/09/05 14:01:44] [HandlingTimeService]:  max: 1.0
[INFO] [2013/09/05 14:01:44] [HandlingTimeService]:  min: 0.0
[INFO] [2013/09/05 14:01:44] [HandlingTimeService]:  avg: 0.5795454545454546
[INFO] [2013/09/05 14:01:44] [HandlingTimeService]: Mal: 5%
[INFO] [2013/09/05 14:01:44] [HandlingTimeService]:  max: 1.0
[INFO] [2013/09/05 14:01:44] [HandlingTimeService]:  min: 1.0
[INFO] [2013/09/05 14:01:44] [HandlingTimeService]:  avg: 1.0
[INFO] [2013/09/05 14:02:02] [HandlingTimeService]: User: 9562628
[INFO] [2013/09/05 14:02:02] [HandlingTimeService]: HT: 2.0
[INFO] [2013/09/05 14:02:02] [HandlingTimeService]: Total: 103
[INFO] [2013/09/05 14:02:02] [HandlingTimeService]: Bien: 91%
[INFO] [2013/09/05 14:02:02] [HandlingTimeService]:  max: 2.0
[INFO] [2013/09/05 14:02:02] [HandlingTimeService]:  min: 0.0
[INFO] [2013/09/05 14:02:02] [HandlingTimeService]:  avg: 0.851063829787234
[INFO] [2013/09/05 14:02:02] [HandlingTimeService]: Mal: 9%
[INFO] [2013/09/05 14:02:02] [HandlingTimeService]:  max: 1.0
[INFO] [2013/09/05 14:02:02] [HandlingTimeService]:  min: 1.0
[INFO] [2013/09/05 14:02:02] [HandlingTimeService]:  avg: 1.0
[INFO] [2013/09/05 14:02:20] [HandlingTimeService]: User: 34555554
[INFO] [2013/09/05 14:02:20] [HandlingTimeService]: HT: 6.0
[INFO] [2013/09/05 14:02:20] [HandlingTimeService]: Total: 100
[INFO] [2013/09/05 14:02:20] [HandlingTimeService]: Bien: 96%
[INFO] [2013/09/05 14:02:20] [HandlingTimeService]:  max: 6.0
[INFO] [2013/09/05 14:02:20] [HandlingTimeService]:  min: 0.0
[INFO] [2013/09/05 14:02:20] [HandlingTimeService]:  avg: 3.6354166666666665
[INFO] [2013/09/05 14:02:20] [HandlingTimeService]: Mal: 4%
[INFO] [2013/09/05 14:02:20] [HandlingTimeService]:  max: 10.0
[INFO] [2013/09/05 14:02:20] [HandlingTimeService]:  min: 1.0
[INFO] [2013/09/05 14:02:20] [HandlingTimeService]:  avg: 3.5
[INFO] [2013/09/05 14:02:37] [HandlingTimeService]: User: 82564432
[INFO] [2013/09/05 14:02:37] [HandlingTimeService]: HT: 3.0
[INFO] [2013/09/05 14:02:37] [HandlingTimeService]: Total: 96
[INFO] [2013/09/05 14:02:37] [HandlingTimeService]: Bien: 98%
[INFO] [2013/09/05 14:02:37] [HandlingTimeService]:  max: 3.0
[INFO] [2013/09/05 14:02:37] [HandlingTimeService]:  min: 0.0
[INFO] [2013/09/05 14:02:37] [HandlingTimeService]:  avg: 1.6808510638297873
[INFO] [2013/09/05 14:02:37] [HandlingTimeService]: Mal: 2%
[INFO] [2013/09/05 14:02:37] [HandlingTimeService]:  max: 6.0
[INFO] [2013/09/05 14:02:37] [HandlingTimeService]:  min: 6.0
[INFO] [2013/09/05 14:02:37] [HandlingTimeService]:  avg: 6.0
[INFO] [2013/09/05 14:02:37] [HandlingTimeJob]: Processing chunk 5
[INFO] [2013/09/05 14:02:37] [HandlingTimeService]: Processing users [116287703, 47277478, 19009036, 76060303]
[INFO] [2013/09/05 14:02:56] [HandlingTimeService]: User: 19009036
[INFO] [2013/09/05 14:02:56] [HandlingTimeService]: HT: 2.0
[INFO] [2013/09/05 14:02:56] [HandlingTimeService]: Total: 82
[INFO] [2013/09/05 14:02:56] [HandlingTimeService]: Bien: 84%
[INFO] [2013/09/05 14:02:56] [HandlingTimeService]:  max: 1.0
[INFO] [2013/09/05 14:02:56] [HandlingTimeService]:  min: 0.0
[INFO] [2013/09/05 14:02:56] [HandlingTimeService]:  avg: 0.37681159420289856
[INFO] [2013/09/05 14:02:56] [HandlingTimeService]: Mal: 16%
[INFO] [2013/09/05 14:02:56] [HandlingTimeService]:  max: 5.0
[INFO] [2013/09/05 14:02:56] [HandlingTimeService]:  min: 1.0
[INFO] [2013/09/05 14:02:56] [HandlingTimeService]:  avg: 1.3076923076923077
[INFO] [2013/09/05 14:03:11] [HandlingTimeService]: User: 47277478
[INFO] [2013/09/05 14:03:11] [HandlingTimeService]: HT: 1.0
[INFO] [2013/09/05 14:03:11] [HandlingTimeService]: Total: 85
[INFO] [2013/09/05 14:03:11] [HandlingTimeService]: Bien: 56%
[INFO] [2013/09/05 14:03:11] [HandlingTimeService]:  max: 1.0
[INFO] [2013/09/05 14:03:11] [HandlingTimeService]:  min: 0.0
[INFO] [2013/09/05 14:03:11] [HandlingTimeService]:  avg: 0.0625
[INFO] [2013/09/05 14:03:11] [HandlingTimeService]: Mal: 44%
[INFO] [2013/09/05 14:03:11] [HandlingTimeService]:  max: 2.0
[INFO] [2013/09/05 14:03:11] [HandlingTimeService]:  min: 1.0
[INFO] [2013/09/05 14:03:11] [HandlingTimeService]:  avg: 1.027027027027027
[INFO] [2013/09/05 14:03:26] [HandlingTimeService]: User: 76060303
[INFO] [2013/09/05 14:03:26] [HandlingTimeService]: HT: 2.0
[INFO] [2013/09/05 14:03:26] [HandlingTimeService]: Total: 81
[INFO] [2013/09/05 14:03:26] [HandlingTimeService]: Bien: 77%
[INFO] [2013/09/05 14:03:26] [HandlingTimeService]:  max: 2.0
[INFO] [2013/09/05 14:03:26] [HandlingTimeService]:  min: 0.0
[INFO] [2013/09/05 14:03:26] [HandlingTimeService]:  avg: 0.8548387096774194
[INFO] [2013/09/05 14:03:26] [HandlingTimeService]: Mal: 23%
[INFO] [2013/09/05 14:03:26] [HandlingTimeService]:  max: 3.0
[INFO] [2013/09/05 14:03:26] [HandlingTimeService]:  min: 1.0
[INFO] [2013/09/05 14:03:26] [HandlingTimeService]:  avg: 1.631578947368421
[INFO] [2013/09/05 14:03:42] [HandlingTimeService]: User: 116287703
[INFO] [2013/09/05 14:03:42] [HandlingTimeService]: HT: 1.0
[INFO] [2013/09/05 14:03:42] [HandlingTimeService]: Total: 85
[INFO] [2013/09/05 14:03:42] [HandlingTimeService]: Bien: 80%
[INFO] [2013/09/05 14:03:42] [HandlingTimeService]:  max: 1.0
[INFO] [2013/09/05 14:03:42] [HandlingTimeService]:  min: 0.0
[INFO] [2013/09/05 14:03:42] [HandlingTimeService]:  avg: 0.3235294117647059
[INFO] [2013/09/05 14:03:42] [HandlingTimeService]: Mal: 20%
[INFO] [2013/09/05 14:03:42] [HandlingTimeService]:  max: 1.0
[INFO] [2013/09/05 14:03:42] [HandlingTimeService]:  min: 1.0
[INFO] [2013/09/05 14:03:42] [HandlingTimeService]:  avg: 1.0
[INFO] [2013/09/05 14:03:42] [HandlingTimeJob]: Processing chunk 6
[INFO] [2013/09/05 14:03:42] [HandlingTimeService]: Processing users [76256765, 91743509, 1534239, 11364578]
[INFO] [2013/09/05 14:03:58] [HandlingTimeService]: User: 1534239
[INFO] [2013/09/05 14:03:58] [HandlingTimeService]: HT: 2.0
[INFO] [2013/09/05 14:03:58] [HandlingTimeService]: Total: 77
[INFO] [2013/09/05 14:03:58] [HandlingTimeService]: Bien: 99%
[INFO] [2013/09/05 14:03:58] [HandlingTimeService]:  max: 1.0
[INFO] [2013/09/05 14:03:58] [HandlingTimeService]:  min: 0.0
[INFO] [2013/09/05 14:03:58] [HandlingTimeService]:  avg: 0.5131578947368421
[INFO] [2013/09/05 14:03:58] [HandlingTimeService]: Mal: 1%
[INFO] [2013/09/05 14:03:58] [HandlingTimeService]:  max: 1.0
[INFO] [2013/09/05 14:03:58] [HandlingTimeService]:  min: 1.0
[INFO] [2013/09/05 14:03:58] [HandlingTimeService]:  avg: 1.0
[INFO] [2013/09/05 14:04:11] [HandlingTimeService]: User: 11364578
[INFO] [2013/09/05 14:04:11] [HandlingTimeService]: HT: 2.0
[INFO] [2013/09/05 14:04:11] [HandlingTimeService]: Total: 70
[INFO] [2013/09/05 14:04:11] [HandlingTimeService]: Bien: 96%
[INFO] [2013/09/05 14:04:11] [HandlingTimeService]:  max: 2.0
[INFO] [2013/09/05 14:04:11] [HandlingTimeService]:  min: 0.0
[INFO] [2013/09/05 14:04:11] [HandlingTimeService]:  avg: 0.8507462686567164
[INFO] [2013/09/05 14:04:11] [HandlingTimeService]: Mal: 4%
[INFO] [2013/09/05 14:04:11] [HandlingTimeService]:  max: 1.0
[INFO] [2013/09/05 14:04:11] [HandlingTimeService]:  min: 1.0
[INFO] [2013/09/05 14:04:11] [HandlingTimeService]:  avg: 1.0
[INFO] [2013/09/05 14:04:26] [HandlingTimeService]: User: 76256765
[INFO] [2013/09/05 14:04:26] [HandlingTimeService]: HT: 3.0
[INFO] [2013/09/05 14:04:26] [HandlingTimeService]: Total: 80
[INFO] [2013/09/05 14:04:26] [HandlingTimeService]: Bien: 95%
[INFO] [2013/09/05 14:04:26] [HandlingTimeService]:  max: 2.0
[INFO] [2013/09/05 14:04:26] [HandlingTimeService]:  min: 0.0
[INFO] [2013/09/05 14:04:26] [HandlingTimeService]:  avg: 1.355263157894737
[INFO] [2013/09/05 14:04:26] [HandlingTimeService]: Mal: 5%
[INFO] [2013/09/05 14:04:26] [HandlingTimeService]:  max: 4.0
[INFO] [2013/09/05 14:04:26] [HandlingTimeService]:  min: 1.0
[INFO] [2013/09/05 14:04:26] [HandlingTimeService]:  avg: 2.5
[INFO] [2013/09/05 14:04:41] [HandlingTimeService]: User: 91743509
[INFO] [2013/09/05 14:04:41] [HandlingTimeService]: HT: 2.0
[INFO] [2013/09/05 14:04:41] [HandlingTimeService]: Total: 80
[INFO] [2013/09/05 14:04:41] [HandlingTimeService]: Bien: 93%
[INFO] [2013/09/05 14:04:41] [HandlingTimeService]:  max: 2.0
[INFO] [2013/09/05 14:04:41] [HandlingTimeService]:  min: 0.0
[INFO] [2013/09/05 14:04:41] [HandlingTimeService]:  avg: 1.2027027027027026
[INFO] [2013/09/05 14:04:41] [HandlingTimeService]: Mal: 8%
[INFO] [2013/09/05 14:04:41] [HandlingTimeService]:  max: 5.0
[INFO] [2013/09/05 14:04:41] [HandlingTimeService]:  min: 1.0
[INFO] [2013/09/05 14:04:41] [HandlingTimeService]:  avg: 1.6666666666666667
[INFO] [2013/09/05 14:04:41] [HandlingTimeJob]: Processing chunk 7
[INFO] [2013/09/05 14:04:41] [HandlingTimeService]: Processing users [37982924, 43730774, 120289637, 78568848]
[INFO] [2013/09/05 14:04:57] [HandlingTimeService]: User: 37982924
[INFO] [2013/09/05 14:04:57] [HandlingTimeService]: HT: 3.0
[INFO] [2013/09/05 14:04:57] [HandlingTimeService]: Total: 66
[INFO] [2013/09/05 14:04:57] [HandlingTimeService]: Bien: 92%
[INFO] [2013/09/05 14:04:57] [HandlingTimeService]:  max: 3.0
[INFO] [2013/09/05 14:04:57] [HandlingTimeService]:  min: 0.0
[INFO] [2013/09/05 14:04:57] [HandlingTimeService]:  avg: 1.2131147540983607
[INFO] [2013/09/05 14:04:57] [HandlingTimeService]: Mal: 8%
[INFO] [2013/09/05 14:04:57] [HandlingTimeService]:  max: 5.0
[INFO] [2013/09/05 14:04:57] [HandlingTimeService]:  min: 1.0
[INFO] [2013/09/05 14:04:57] [HandlingTimeService]:  avg: 2.8
[INFO] [2013/09/05 14:05:09] [HandlingTimeService]: User: 43730774
[INFO] [2013/09/05 14:05:09] [HandlingTimeService]: HT: 1.0
[INFO] [2013/09/05 14:05:09] [HandlingTimeService]: Total: 66
[INFO] [2013/09/05 14:05:09] [HandlingTimeService]: Bien: 70%
[INFO] [2013/09/05 14:05:09] [HandlingTimeService]:  max: 1.0
[INFO] [2013/09/05 14:05:09] [HandlingTimeService]:  min: 0.0
[INFO] [2013/09/05 14:05:09] [HandlingTimeService]:  avg: 0.08695652173913043
[INFO] [2013/09/05 14:05:09] [HandlingTimeService]: Mal: 30%
[INFO] [2013/09/05 14:05:09] [HandlingTimeService]:  max: 2.0
[INFO] [2013/09/05 14:05:09] [HandlingTimeService]:  min: 1.0
[INFO] [2013/09/05 14:05:09] [HandlingTimeService]:  avg: 1.1
[INFO] [2013/09/05 14:05:22] [HandlingTimeService]: User: 78568848
[INFO] [2013/09/05 14:05:22] [HandlingTimeService]: HT: 1.0
[INFO] [2013/09/05 14:05:22] [HandlingTimeService]: Total: 66
[INFO] [2013/09/05 14:05:22] [HandlingTimeService]: Bien: 70%
[INFO] [2013/09/05 14:05:22] [HandlingTimeService]:  max: 1.0
[INFO] [2013/09/05 14:05:22] [HandlingTimeService]:  min: 0.0
[INFO] [2013/09/05 14:05:22] [HandlingTimeService]:  avg: 0.1956521739130435
[INFO] [2013/09/05 14:05:22] [HandlingTimeService]: Mal: 30%
[INFO] [2013/09/05 14:05:22] [HandlingTimeService]:  max: 2.0
[INFO] [2013/09/05 14:05:22] [HandlingTimeService]:  min: 1.0
[INFO] [2013/09/05 14:05:22] [HandlingTimeService]:  avg: 1.1
[INFO] [2013/09/05 14:05:34] [HandlingTimeService]: User: 120289637
[INFO] [2013/09/05 14:05:34] [HandlingTimeService]: HT: 1.0
[INFO] [2013/09/05 14:05:34] [HandlingTimeService]: Total: 66
[INFO] [2013/09/05 14:05:34] [HandlingTimeService]: Bien: 91%
[INFO] [2013/09/05 14:05:34] [HandlingTimeService]:  max: 1.0
[INFO] [2013/09/05 14:05:34] [HandlingTimeService]:  min: 0.0
[INFO] [2013/09/05 14:05:34] [HandlingTimeService]:  avg: 0.48333333333333334
[INFO] [2013/09/05 14:05:34] [HandlingTimeService]: Mal: 9%
[INFO] [2013/09/05 14:05:34] [HandlingTimeService]:  max: 2.0
[INFO] [2013/09/05 14:05:34] [HandlingTimeService]:  min: 1.0
[INFO] [2013/09/05 14:05:34] [HandlingTimeService]:  avg: 1.1666666666666667
[INFO] [2013/09/05 14:05:34] [HandlingTimeJob]: Processing chunk 8
[INFO] [2013/09/05 14:05:34] [HandlingTimeService]: Processing users [39384567, 1367489, 137339001, 36484980]
[INFO] [2013/09/05 14:05:47] [HandlingTimeService]: User: 1367489
[INFO] [2013/09/05 14:05:47] [HandlingTimeService]: HT: 2.0
[INFO] [2013/09/05 14:05:47] [HandlingTimeService]: Total: 60
[INFO] [2013/09/05 14:05:47] [HandlingTimeService]: Bien: 80%
[INFO] [2013/09/05 14:05:47] [HandlingTimeService]:  max: 2.0
[INFO] [2013/09/05 14:05:47] [HandlingTimeService]:  min: 0.0
[INFO] [2013/09/05 14:05:47] [HandlingTimeService]:  avg: 1.0
[INFO] [2013/09/05 14:05:47] [HandlingTimeService]: Mal: 20%
[INFO] [2013/09/05 14:05:47] [HandlingTimeService]:  max: 3.0
[INFO] [2013/09/05 14:05:47] [HandlingTimeService]:  min: 1.0
[INFO] [2013/09/05 14:05:47] [HandlingTimeService]:  avg: 1.75
[INFO] [2013/09/05 14:05:58] [HandlingTimeService]: User: 36484980
[INFO] [2013/09/05 14:05:58] [HandlingTimeService]: HT: 1.0
[INFO] [2013/09/05 14:05:58] [HandlingTimeService]: Total: 58
[INFO] [2013/09/05 14:05:58] [HandlingTimeService]: Bien: 78%
[INFO] [2013/09/05 14:05:58] [HandlingTimeService]:  max: 1.0
[INFO] [2013/09/05 14:05:58] [HandlingTimeService]:  min: 0.0
[INFO] [2013/09/05 14:05:58] [HandlingTimeService]:  avg: 0.3111111111111111
[INFO] [2013/09/05 14:05:58] [HandlingTimeService]: Mal: 22%
[INFO] [2013/09/05 14:05:58] [HandlingTimeService]:  max: 2.0
[INFO] [2013/09/05 14:05:58] [HandlingTimeService]:  min: 1.0
[INFO] [2013/09/05 14:05:58] [HandlingTimeService]:  avg: 1.0769230769230769
[INFO] [2013/09/05 14:06:10] [HandlingTimeService]: User: 39384567
[INFO] [2013/09/05 14:06:10] [HandlingTimeService]: HT: 1.0
[INFO] [2013/09/05 14:06:10] [HandlingTimeService]: Total: 61
[INFO] [2013/09/05 14:06:10] [HandlingTimeService]: Bien: 57%
[INFO] [2013/09/05 14:06:10] [HandlingTimeService]:  max: 1.0
[INFO] [2013/09/05 14:06:10] [HandlingTimeService]:  min: 0.0
[INFO] [2013/09/05 14:06:10] [HandlingTimeService]:  avg: 0.05714285714285714
[INFO] [2013/09/05 14:06:10] [HandlingTimeService]: Mal: 43%
[INFO] [2013/09/05 14:06:10] [HandlingTimeService]:  max: 1.0
[INFO] [2013/09/05 14:06:10] [HandlingTimeService]:  min: 1.0
[INFO] [2013/09/05 14:06:10] [HandlingTimeService]:  avg: 1.0
[INFO] [2013/09/05 14:06:21] [HandlingTimeService]: User: 137339001
[INFO] [2013/09/05 14:06:21] [HandlingTimeService]: HT: 2.0
[INFO] [2013/09/05 14:06:21] [HandlingTimeService]: Total: 59
[INFO] [2013/09/05 14:06:21] [HandlingTimeService]: Bien: 93%
[INFO] [2013/09/05 14:06:21] [HandlingTimeService]:  max: 2.0
[INFO] [2013/09/05 14:06:21] [HandlingTimeService]:  min: 0.0
[INFO] [2013/09/05 14:06:21] [HandlingTimeService]:  avg: 1.018181818181818
[INFO] [2013/09/05 14:06:21] [HandlingTimeService]: Mal: 7%
[INFO] [2013/09/05 14:06:21] [HandlingTimeService]:  max: 3.0
[INFO] [2013/09/05 14:06:21] [HandlingTimeService]:  min: 1.0
[INFO] [2013/09/05 14:06:21] [HandlingTimeService]:  avg: 1.75
[INFO] [2013/09/05 14:06:21] [HandlingTimeJob]: Processing chunk 9
[INFO] [2013/09/05 14:06:21] [HandlingTimeService]: Processing users [7303757, 86898669, 3696089, 89819835]
[INFO] [2013/09/05 14:06:33] [HandlingTimeService]: User: 3696089
[INFO] [2013/09/05 14:06:33] [HandlingTimeService]: HT: 2.0
[INFO] [2013/09/05 14:06:33] [HandlingTimeService]: Total: 53
[INFO] [2013/09/05 14:06:33] [HandlingTimeService]: Bien: 98%
[INFO] [2013/09/05 14:06:33] [HandlingTimeService]:  max: 2.0
[INFO] [2013/09/05 14:06:33] [HandlingTimeService]:  min: 0.0
[INFO] [2013/09/05 14:06:33] [HandlingTimeService]:  avg: 0.8269230769230769
[INFO] [2013/09/05 14:06:33] [HandlingTimeService]: Mal: 2%
[INFO] [2013/09/05 14:06:33] [HandlingTimeService]:  max: 2.0
[INFO] [2013/09/05 14:06:33] [HandlingTimeService]:  min: 2.0
[INFO] [2013/09/05 14:06:33] [HandlingTimeService]:  avg: 2.0
[INFO] [2013/09/05 14:06:44] [HandlingTimeService]: User: 7303757
[INFO] [2013/09/05 14:06:44] [HandlingTimeService]: HT: 4.0
[INFO] [2013/09/05 14:06:44] [HandlingTimeService]: Total: 55
[INFO] [2013/09/05 14:06:44] [HandlingTimeService]: Bien: 93%
[INFO] [2013/09/05 14:06:44] [HandlingTimeService]:  max: 4.0
[INFO] [2013/09/05 14:06:44] [HandlingTimeService]:  min: 0.0
[INFO] [2013/09/05 14:06:44] [HandlingTimeService]:  avg: 2.8627450980392157
[INFO] [2013/09/05 14:06:44] [HandlingTimeService]: Mal: 7%
[INFO] [2013/09/05 14:06:44] [HandlingTimeService]:  max: 4.0
[INFO] [2013/09/05 14:06:44] [HandlingTimeService]:  min: 1.0
[INFO] [2013/09/05 14:06:44] [HandlingTimeService]:  avg: 1.75
[INFO] [2013/09/05 14:06:55] [HandlingTimeService]: User: 86898669
[INFO] [2013/09/05 14:06:55] [HandlingTimeService]: HT: 1.0
[INFO] [2013/09/05 14:06:55] [HandlingTimeService]: Total: 53
[INFO] [2013/09/05 14:06:55] [HandlingTimeService]: Bien: 68%
[INFO] [2013/09/05 14:06:55] [HandlingTimeService]:  max: 1.0
[INFO] [2013/09/05 14:06:55] [HandlingTimeService]:  min: 0.0
[INFO] [2013/09/05 14:06:55] [HandlingTimeService]:  avg: 0.1388888888888889
[INFO] [2013/09/05 14:06:55] [HandlingTimeService]: Mal: 32%
[INFO] [2013/09/05 14:06:55] [HandlingTimeService]:  max: 1.0
[INFO] [2013/09/05 14:06:55] [HandlingTimeService]:  min: 1.0
[INFO] [2013/09/05 14:06:55] [HandlingTimeService]:  avg: 1.0
[INFO] [2013/09/05 14:07:05] [HandlingTimeService]: User: 89819835
[INFO] [2013/09/05 14:07:05] [HandlingTimeService]: HT: 5.0
[INFO] [2013/09/05 14:07:05] [HandlingTimeService]: Total: 48
[INFO] [2013/09/05 14:07:05] [HandlingTimeService]: Bien: 100%
[INFO] [2013/09/05 14:07:05] [HandlingTimeService]:  max: 5.0
[INFO] [2013/09/05 14:07:05] [HandlingTimeService]:  min: 0.0
[INFO] [2013/09/05 14:07:05] [HandlingTimeService]:  avg: 3.5625
[INFO] [2013/09/05 14:07:05] [HandlingTimeJob]: Processing chunk 10
[INFO] [2013/09/05 14:07:05] [HandlingTimeService]: Processing users [30138062, 24314717, 43455517, 31875925]
[INFO] [2013/09/05 14:07:15] [HandlingTimeService]: User: 24314717
[INFO] [2013/09/05 14:07:15] [HandlingTimeService]: HT: 2.0
[INFO] [2013/09/05 14:07:15] [HandlingTimeService]: Total: 45
[INFO] [2013/09/05 14:07:15] [HandlingTimeService]: Bien: 91%
[INFO] [2013/09/05 14:07:15] [HandlingTimeService]:  max: 2.0
[INFO] [2013/09/05 14:07:15] [HandlingTimeService]:  min: 0.0
[INFO] [2013/09/05 14:07:15] [HandlingTimeService]:  avg: 0.9024390243902439
[INFO] [2013/09/05 14:07:15] [HandlingTimeService]: Mal: 9%
[INFO] [2013/09/05 14:07:15] [HandlingTimeService]:  max: 3.0
[INFO] [2013/09/05 14:07:15] [HandlingTimeService]:  min: 1.0
[INFO] [2013/09/05 14:07:15] [HandlingTimeService]:  avg: 1.5
[INFO] [2013/09/05 14:07:24] [HandlingTimeService]: User: 30138062
[INFO] [2013/09/05 14:07:24] [HandlingTimeService]: HT: 2.0
[INFO] [2013/09/05 14:07:24] [HandlingTimeService]: Total: 47
[INFO] [2013/09/05 14:07:24] [HandlingTimeService]: Bien: 96%
[INFO] [2013/09/05 14:07:24] [HandlingTimeService]:  max: 2.0
[INFO] [2013/09/05 14:07:24] [HandlingTimeService]:  min: 0.0
[INFO] [2013/09/05 14:07:24] [HandlingTimeService]:  avg: 0.9777777777777777
[INFO] [2013/09/05 14:07:24] [HandlingTimeService]: Mal: 4%
[INFO] [2013/09/05 14:07:24] [HandlingTimeService]:  max: 2.0
[INFO] [2013/09/05 14:07:24] [HandlingTimeService]:  min: 1.0
[INFO] [2013/09/05 14:07:24] [HandlingTimeService]:  avg: 1.5
[INFO] [2013/09/05 14:07:33] [HandlingTimeService]: User: 31875925
[INFO] [2013/09/05 14:07:33] [HandlingTimeService]: HT: 1.0
[INFO] [2013/09/05 14:07:33] [HandlingTimeService]: Total: 44
[INFO] [2013/09/05 14:07:33] [HandlingTimeService]: Bien: 61%
[INFO] [2013/09/05 14:07:33] [HandlingTimeService]:  max: 1.0
[INFO] [2013/09/05 14:07:33] [HandlingTimeService]:  min: 0.0
[INFO] [2013/09/05 14:07:33] [HandlingTimeService]:  avg: 0.2222222222222222
[INFO] [2013/09/05 14:07:33] [HandlingTimeService]: Mal: 39%
[INFO] [2013/09/05 14:07:33] [HandlingTimeService]:  max: 1.0
[INFO] [2013/09/05 14:07:33] [HandlingTimeService]:  min: 1.0
[INFO] [2013/09/05 14:07:33] [HandlingTimeService]:  avg: 1.0
[INFO] [2013/09/05 14:07:42] [HandlingTimeService]: User: 43455517
[INFO] [2013/09/05 14:07:42] [HandlingTimeService]: HT: 1.0
[INFO] [2013/09/05 14:07:42] [HandlingTimeService]: Total: 45
[INFO] [2013/09/05 14:07:42] [HandlingTimeService]: Bien: 100%
[INFO] [2013/09/05 14:07:42] [HandlingTimeService]:  max: 1.0
[INFO] [2013/09/05 14:07:42] [HandlingTimeService]:  min: 0.0
[INFO] [2013/09/05 14:07:42] [HandlingTimeService]:  avg: 0.7333333333333333
[INFO] [2013/09/05 14:07:42] [HandlingTimeJob]: Processing chunk 11
[INFO] [2013/09/05 14:07:42] [HandlingTimeService]: Processing users [66702320, 80900941, 83036189]
[INFO] [2013/09/05 14:07:52] [HandlingTimeService]: User: 66702320
[INFO] [2013/09/05 14:07:52] [HandlingTimeService]: HT: 2.0
[INFO] [2013/09/05 14:07:52] [HandlingTimeService]: Total: 43
[INFO] [2013/09/05 14:07:52] [HandlingTimeService]: Bien: 93%
[INFO] [2013/09/05 14:07:52] [HandlingTimeService]:  max: 2.0
[INFO] [2013/09/05 14:07:52] [HandlingTimeService]:  min: 0.0
[INFO] [2013/09/05 14:07:52] [HandlingTimeService]:  avg: 0.6
[INFO] [2013/09/05 14:07:52] [HandlingTimeService]: Mal: 7%
[INFO] [2013/09/05 14:07:52] [HandlingTimeService]:  max: 2.0
[INFO] [2013/09/05 14:07:52] [HandlingTimeService]:  min: 2.0
[INFO] [2013/09/05 14:07:52] [HandlingTimeService]:  avg: 2.0
[INFO] [2013/09/05 14:08:01] [HandlingTimeService]: User: 80900941
[INFO] [2013/09/05 14:08:01] [HandlingTimeService]: HT: 7.0
[INFO] [2013/09/05 14:08:01] [HandlingTimeService]: Total: 43
[INFO] [2013/09/05 14:08:01] [HandlingTimeService]: Bien: 95%
[INFO] [2013/09/05 14:08:01] [HandlingTimeService]:  max: 7.0
[INFO] [2013/09/05 14:08:01] [HandlingTimeService]:  min: 1.0
[INFO] [2013/09/05 14:08:01] [HandlingTimeService]:  avg: 5.658536585365853
[INFO] [2013/09/05 14:08:01] [HandlingTimeService]: Mal: 5%
[INFO] [2013/09/05 14:08:01] [HandlingTimeService]:  max: 2.0
[INFO] [2013/09/05 14:08:01] [HandlingTimeService]:  min: 1.0
[INFO] [2013/09/05 14:08:01] [HandlingTimeService]:  avg: 1.5
[INFO] [2013/09/05 14:08:10] [HandlingTimeService]: User: 83036189
[INFO] [2013/09/05 14:08:10] [HandlingTimeService]: HT: 4.0
[INFO] [2013/09/05 14:08:10] [HandlingTimeService]: Total: 42
[INFO] [2013/09/05 14:08:10] [HandlingTimeService]: Bien: 88%
[INFO] [2013/09/05 14:08:10] [HandlingTimeService]:  max: 3.0
[INFO] [2013/09/05 14:08:10] [HandlingTimeService]:  min: 0.0
[INFO] [2013/09/05 14:08:10] [HandlingTimeService]:  avg: 2.2432432432432434
[INFO] [2013/09/05 14:08:10] [HandlingTimeService]: Mal: 12%
[INFO] [2013/09/05 14:08:10] [HandlingTimeService]:  max: 4.0
[INFO] [2013/09/05 14:08:10] [HandlingTimeService]:  min: 1.0
[INFO] [2013/09/05 14:08:10] [HandlingTimeService]:  avg: 1.8
[INFO] [2013/09/05 14:08:10] [HandlingTimeJob]: Processing chunk 12
[INFO] [2013/09/05 14:08:10] [HandlingTimeService]: Processing users [126689087, 68666913, 140561519]
[INFO] [2013/09/05 14:08:12] [HandlingTimeService]: User: 68666913
[INFO] [2013/09/05 14:08:12] [HandlingTimeService]: HT: 2.0
[INFO] [2013/09/05 14:08:12] [HandlingTimeService]: Total: 9
[INFO] [2013/09/05 14:08:12] [HandlingTimeService]: Bien: 100%
[INFO] [2013/09/05 14:08:12] [HandlingTimeService]:  max: 2.0
[INFO] [2013/09/05 14:08:12] [HandlingTimeService]:  min: 0.0
[INFO] [2013/09/05 14:08:12] [HandlingTimeService]:  avg: 1.2222222222222223
[INFO] [2013/09/05 14:08:14] [HandlingTimeService]: User: 126689087
[INFO] [2013/09/05 14:08:14] [HandlingTimeService]: HT: 1.0
[INFO] [2013/09/05 14:08:14] [HandlingTimeService]: Total: 9
[INFO] [2013/09/05 14:08:14] [HandlingTimeService]: Bien: 89%
[INFO] [2013/09/05 14:08:14] [HandlingTimeService]:  max: 1.0
[INFO] [2013/09/05 14:08:14] [HandlingTimeService]:  min: 0.0
[INFO] [2013/09/05 14:08:14] [HandlingTimeService]:  avg: 0.25
[INFO] [2013/09/05 14:08:14] [HandlingTimeService]: Mal: 11%
[INFO] [2013/09/05 14:08:14] [HandlingTimeService]:  max: 1.0
[INFO] [2013/09/05 14:08:14] [HandlingTimeService]:  min: 1.0
[INFO] [2013/09/05 14:08:14] [HandlingTimeService]:  avg: 1.0
[INFO] [2013/09/05 14:08:15] [HandlingTimeService]: User: 140561519
[INFO] [2013/09/05 14:08:15] [HandlingTimeService]: HT: 2.0
[INFO] [2013/09/05 14:08:15] [HandlingTimeService]: Total: 9
[INFO] [2013/09/05 14:08:15] [HandlingTimeService]: Bien: 100%
[INFO] [2013/09/05 14:08:15] [HandlingTimeService]:  max: 2.0
[INFO] [2013/09/05 14:08:15] [HandlingTimeService]:  min: 0.0
[INFO] [2013/09/05 14:08:15] [HandlingTimeService]:  avg: 1.0
[INFO] [2013/09/05 14:08:15] [HandlingTimeJob]: Processing chunk 13
[INFO] [2013/09/05 14:08:15] [HandlingTimeService]: Processing users [70161208, 42932597, 140551902]
[INFO] [2013/09/05 14:08:17] [HandlingTimeService]: User: 42932597
[INFO] [2013/09/05 14:08:17] [HandlingTimeService]: HT: 1.0
[INFO] [2013/09/05 14:08:17] [HandlingTimeService]: Total: 9
[INFO] [2013/09/05 14:08:17] [HandlingTimeService]: Bien: 56%
[INFO] [2013/09/05 14:08:17] [HandlingTimeService]:  max: 0.0
[INFO] [2013/09/05 14:08:17] [HandlingTimeService]:  min: 0.0
[INFO] [2013/09/05 14:08:17] [HandlingTimeService]:  avg: 0.0
[INFO] [2013/09/05 14:08:17] [HandlingTimeService]: Mal: 44%
[INFO] [2013/09/05 14:08:17] [HandlingTimeService]:  max: 1.0
[INFO] [2013/09/05 14:08:17] [HandlingTimeService]:  min: 1.0
[INFO] [2013/09/05 14:08:17] [HandlingTimeService]:  avg: 1.0
[INFO] [2013/09/05 14:08:19] [HandlingTimeService]: User: 70161208
[INFO] [2013/09/05 14:08:19] [HandlingTimeService]: HT: 1.0
[INFO] [2013/09/05 14:08:19] [HandlingTimeService]: Total: 9
[INFO] [2013/09/05 14:08:19] [HandlingTimeService]: Bien: 89%
[INFO] [2013/09/05 14:08:19] [HandlingTimeService]:  max: 1.0
[INFO] [2013/09/05 14:08:19] [HandlingTimeService]:  min: 0.0
[INFO] [2013/09/05 14:08:19] [HandlingTimeService]:  avg: 0.625
[INFO] [2013/09/05 14:08:19] [HandlingTimeService]: Mal: 11%
[INFO] [2013/09/05 14:08:19] [HandlingTimeService]:  max: 3.0
[INFO] [2013/09/05 14:08:19] [HandlingTimeService]:  min: 3.0
[INFO] [2013/09/05 14:08:19] [HandlingTimeService]:  avg: 3.0
[INFO] [2013/09/05 14:08:21] [HandlingTimeService]: User: 140551902
[INFO] [2013/09/05 14:08:21] [HandlingTimeService]: HT: 1.0
[INFO] [2013/09/05 14:08:21] [HandlingTimeService]: Total: 9
[INFO] [2013/09/05 14:08:21] [HandlingTimeService]: Bien: 89%
[INFO] [2013/09/05 14:08:21] [HandlingTimeService]:  max: 1.0
[INFO] [2013/09/05 14:08:21] [HandlingTimeService]:  min: 0.0
[INFO] [2013/09/05 14:08:21] [HandlingTimeService]:  avg: 0.25
[INFO] [2013/09/05 14:08:21] [HandlingTimeService]: Mal: 11%
[INFO] [2013/09/05 14:08:21] [HandlingTimeService]:  max: 1.0
[INFO] [2013/09/05 14:08:21] [HandlingTimeService]:  min: 1.0
[INFO] [2013/09/05 14:08:21] [HandlingTimeService]:  avg: 1.0
[INFO] [2013/09/05 14:08:21] [HandlingTimeJob]: Processing chunk 14
[INFO] [2013/09/05 14:08:21] [HandlingTimeService]: Processing users [59301296, 23646126, 12112268]
[INFO] [2013/09/05 14:08:23] [HandlingTimeService]: User: 12112268
[INFO] [2013/09/05 14:08:23] [HandlingTimeService]: HT: 1.0
[INFO] [2013/09/05 14:08:23] [HandlingTimeService]: Total: 9
[INFO] [2013/09/05 14:08:23] [HandlingTimeService]: Bien: 67%
[INFO] [2013/09/05 14:08:23] [HandlingTimeService]:  max: 1.0
[INFO] [2013/09/05 14:08:23] [HandlingTimeService]:  min: 0.0
[INFO] [2013/09/05 14:08:23] [HandlingTimeService]:  avg: 0.5
[INFO] [2013/09/05 14:08:23] [HandlingTimeService]: Mal: 33%
[INFO] [2013/09/05 14:08:23] [HandlingTimeService]:  max: 3.0
[INFO] [2013/09/05 14:08:23] [HandlingTimeService]:  min: 2.0
[INFO] [2013/09/05 14:08:23] [HandlingTimeService]:  avg: 2.3333333333333335
[INFO] [2013/09/05 14:08:25] [HandlingTimeService]: User: 23646126
[INFO] [2013/09/05 14:08:25] [HandlingTimeService]: HT: 4.0
[INFO] [2013/09/05 14:08:25] [HandlingTimeService]: Total: 9
[INFO] [2013/09/05 14:08:25] [HandlingTimeService]: Bien: 89%
[INFO] [2013/09/05 14:08:25] [HandlingTimeService]:  max: 3.0
[INFO] [2013/09/05 14:08:25] [HandlingTimeService]:  min: 2.0
[INFO] [2013/09/05 14:08:25] [HandlingTimeService]:  avg: 2.5
[INFO] [2013/09/05 14:08:25] [HandlingTimeService]: Mal: 11%
[INFO] [2013/09/05 14:08:25] [HandlingTimeService]:  max: 2.0
[INFO] [2013/09/05 14:08:25] [HandlingTimeService]:  min: 2.0
[INFO] [2013/09/05 14:08:25] [HandlingTimeService]:  avg: 2.0
[INFO] [2013/09/05 14:08:27] [HandlingTimeService]: User: 59301296
[INFO] [2013/09/05 14:08:27] [HandlingTimeService]: HT: 2.0
[INFO] [2013/09/05 14:08:27] [HandlingTimeService]: Total: 9
[INFO] [2013/09/05 14:08:27] [HandlingTimeService]: Bien: 89%
[INFO] [2013/09/05 14:08:27] [HandlingTimeService]:  max: 2.0
[INFO] [2013/09/05 14:08:27] [HandlingTimeService]:  min: 0.0
[INFO] [2013/09/05 14:08:27] [HandlingTimeService]:  avg: 1.25
[INFO] [2013/09/05 14:08:27] [HandlingTimeService]: Mal: 11%
[INFO] [2013/09/05 14:08:27] [HandlingTimeService]:  max: 2.0
[INFO] [2013/09/05 14:08:27] [HandlingTimeService]:  min: 2.0
[INFO] [2013/09/05 14:08:27] [HandlingTimeService]:  avg: 2.0
[INFO] [2013/09/05 14:08:27] [HandlingTimeJob]: Processing chunk 15
[INFO] [2013/09/05 14:08:27] [HandlingTimeService]: Processing users [56542125, 44814231, 64682973]
[INFO] [2013/09/05 14:08:29] [HandlingTimeService]: User: 44814231
[INFO] [2013/09/05 14:08:29] [HandlingTimeService]: HT: 1.0
[INFO] [2013/09/05 14:08:29] [HandlingTimeService]: Total: 9
[INFO] [2013/09/05 14:08:29] [HandlingTimeService]: Bien: 100%
[INFO] [2013/09/05 14:08:29] [HandlingTimeService]:  max: 1.0
[INFO] [2013/09/05 14:08:29] [HandlingTimeService]:  min: 0.0
[INFO] [2013/09/05 14:08:29] [HandlingTimeService]:  avg: 0.6666666666666666
[INFO] [2013/09/05 14:08:31] [HandlingTimeService]: User: 56542125
[INFO] [2013/09/05 14:08:31] [HandlingTimeService]: HT: 7.0
[INFO] [2013/09/05 14:08:31] [HandlingTimeService]: Total: 9
[INFO] [2013/09/05 14:08:31] [HandlingTimeService]: Bien: 100%
[INFO] [2013/09/05 14:08:31] [HandlingTimeService]:  max: 7.0
[INFO] [2013/09/05 14:08:31] [HandlingTimeService]:  min: 5.0
[INFO] [2013/09/05 14:08:31] [HandlingTimeService]:  avg: 6.0
[INFO] [2013/09/05 14:08:33] [HandlingTimeService]: User: 64682973
[INFO] [2013/09/05 14:08:33] [HandlingTimeService]: HT: 1.0
[INFO] [2013/09/05 14:08:33] [HandlingTimeService]: Total: 9
[INFO] [2013/09/05 14:08:33] [HandlingTimeService]: Bien: 100%
[INFO] [2013/09/05 14:08:33] [HandlingTimeService]:  max: 1.0
[INFO] [2013/09/05 14:08:33] [HandlingTimeService]:  min: 0.0
[INFO] [2013/09/05 14:08:33] [HandlingTimeService]:  avg: 0.6666666666666666
[INFO] [2013/09/05 14:08:33] [HandlingTimeJob]: ************** FINALIZANDO JOB HT ********************
