[INFO] [2013/09/06 11:19:40] [HandlingTimeCheckerJob]: ************** INICIANDO JOB HT **********************
[INFO] [2013/09/06 11:19:40] [HandlingTimeCheckerJob]: Processing site MLB
[INFO] [2013/09/06 11:19:40] [HandlingTimeCheckerJob]: Processing chunk 1
[ERROR] [2013/09/06 11:19:40] [HandlingTimeCheckerJob]: Error en la ejecucion del job ht: 
groovy.lang.MissingPropertyException: No such property: handlingTimeService for class: mercadoenvios.HandlingTimeCheckerJob
	at mercadoenvios.HandlingTimeCheckerJob$_execute_closure1_closure3.doCall(HandlingTimeCheckerJob.groovy:26)
	at mercadoenvios.HandlingTimeCheckerJob$_execute_closure1.doCall(HandlingTimeCheckerJob.groovy:23)
	at mercadoenvios.HandlingTimeCheckerJob.execute(HandlingTimeCheckerJob.groovy:20)
[INFO] [2013/09/06 11:25:21] [HandlingTimeCheckerJob]: ************** INICIANDO JOB HT **********************
[INFO] [2013/09/06 11:25:21] [HandlingTimeCheckerJob]: Processing site MLB
[INFO] [2013/09/06 11:25:21] [HandlingTimeCheckerJob]: Processing chunk 1
[INFO] [2013/09/06 11:25:21] [HandlingTimeCheckerService]: Processing users [865759, 38549536, 30437647]
[INFO] [2013/09/06 11:26:03] [HandlingTimeCheckerService]: User: 38549536
[INFO] [2013/09/06 11:26:03] [HandlingTimeCheckerService]: HT: 1.0
[INFO] [2013/09/06 11:26:03] [HandlingTimeCheckerService]: Total: 680
[INFO] [2013/09/06 11:26:03] [HandlingTimeCheckerService]: Bien: 86%
[INFO] [2013/09/06 11:26:03] [HandlingTimeCheckerService]:  max: 1.0
[INFO] [2013/09/06 11:26:03] [HandlingTimeCheckerService]:  min: 0.0
[INFO] [2013/09/06 11:26:03] [HandlingTimeCheckerService]:  avg: 0.2282793867120954
[INFO] [2013/09/06 11:26:03] [HandlingTimeCheckerService]: Mal: 14%
[INFO] [2013/09/06 11:26:03] [HandlingTimeCheckerService]:  max: 7.0
[INFO] [2013/09/06 11:26:03] [HandlingTimeCheckerService]:  min: 1.0
[INFO] [2013/09/06 11:26:03] [HandlingTimeCheckerService]:  avg: 1.4086021505376345
[INFO] [2013/09/06 11:26:16] [HandlingTimeCheckerService]: User: 30437647
[INFO] [2013/09/06 11:26:16] [HandlingTimeCheckerService]: HT: 1.0
[INFO] [2013/09/06 11:26:16] [HandlingTimeCheckerService]: Total: 718
[INFO] [2013/09/06 11:26:16] [HandlingTimeCheckerService]: Bien: 91%
[INFO] [2013/09/06 11:26:16] [HandlingTimeCheckerService]:  max: 1.0
[INFO] [2013/09/06 11:26:16] [HandlingTimeCheckerService]:  min: 0.0
[INFO] [2013/09/06 11:26:16] [HandlingTimeCheckerService]:  avg: 0.20583717357910905
[INFO] [2013/09/06 11:26:16] [HandlingTimeCheckerService]: Mal: 9%
[INFO] [2013/09/06 11:26:16] [HandlingTimeCheckerService]:  max: 3.0
[INFO] [2013/09/06 11:26:16] [HandlingTimeCheckerService]:  min: 1.0
[INFO] [2013/09/06 11:26:16] [HandlingTimeCheckerService]:  avg: 1.3134328358208955
[INFO] [2013/09/06 11:26:16] [HandlingTimeCheckerJob]: Processing chunk 2
[INFO] [2013/09/06 11:26:16] [HandlingTimeCheckerService]: Processing users [42433693, 36963339, 96872105]
[INFO] [2013/09/06 11:26:58] [HandlingTimeCheckerService]: User: 42433693
[INFO] [2013/09/06 11:26:58] [HandlingTimeCheckerService]: HT: 1.0
[INFO] [2013/09/06 11:26:58] [HandlingTimeCheckerService]: Total: 630
[INFO] [2013/09/06 11:26:58] [HandlingTimeCheckerService]: Bien: 87%
[INFO] [2013/09/06 11:26:58] [HandlingTimeCheckerService]:  max: 1.0
[INFO] [2013/09/06 11:26:58] [HandlingTimeCheckerService]:  min: 0.0
[INFO] [2013/09/06 11:26:58] [HandlingTimeCheckerService]:  avg: 0.24635036496350365
[INFO] [2013/09/06 11:26:58] [HandlingTimeCheckerService]: Mal: 13%
[INFO] [2013/09/06 11:26:58] [HandlingTimeCheckerService]:  max: 2.0
[INFO] [2013/09/06 11:26:58] [HandlingTimeCheckerService]:  min: 1.0
[INFO] [2013/09/06 11:26:58] [HandlingTimeCheckerService]:  avg: 1.0121951219512195
[INFO] [2013/09/06 11:27:26] [HandlingTimeCheckerService]: User: 96872105
[INFO] [2013/09/06 11:27:26] [HandlingTimeCheckerService]: HT: 3.0
[INFO] [2013/09/06 11:27:26] [HandlingTimeCheckerService]: Total: 678
[INFO] [2013/09/06 11:27:26] [HandlingTimeCheckerService]: Bien: 95%
[INFO] [2013/09/06 11:27:26] [HandlingTimeCheckerService]:  max: 3.0
[INFO] [2013/09/06 11:27:26] [HandlingTimeCheckerService]:  min: 0.0
[INFO] [2013/09/06 11:27:26] [HandlingTimeCheckerService]:  avg: 1.3042121684867394
[INFO] [2013/09/06 11:27:26] [HandlingTimeCheckerService]: Mal: 5%
[INFO] [2013/09/06 11:27:26] [HandlingTimeCheckerService]:  max: 4.0
[INFO] [2013/09/06 11:27:26] [HandlingTimeCheckerService]:  min: 1.0
[INFO] [2013/09/06 11:27:26] [HandlingTimeCheckerService]:  avg: 1.972972972972973
[INFO] [2013/09/06 11:27:52] [HandlingTimeCheckerService]: User: 36963339
[INFO] [2013/09/06 11:27:52] [HandlingTimeCheckerService]: HT: 2.0
[INFO] [2013/09/06 11:27:52] [HandlingTimeCheckerService]: Total: 604
[INFO] [2013/09/06 11:27:52] [HandlingTimeCheckerService]: Bien: 93%
[INFO] [2013/09/06 11:27:52] [HandlingTimeCheckerService]:  max: 2.0
[INFO] [2013/09/06 11:27:52] [HandlingTimeCheckerService]:  min: 0.0
[INFO] [2013/09/06 11:27:52] [HandlingTimeCheckerService]:  avg: 1.0497335701598578
[INFO] [2013/09/06 11:27:52] [HandlingTimeCheckerService]: Mal: 7%
[INFO] [2013/09/06 11:27:52] [HandlingTimeCheckerService]:  max: 5.0
[INFO] [2013/09/06 11:27:52] [HandlingTimeCheckerService]:  min: 1.0
[INFO] [2013/09/06 11:27:52] [HandlingTimeCheckerService]:  avg: 1.975609756097561
[INFO] [2013/09/06 11:27:52] [HandlingTimeCheckerJob]: Processing chunk 3
[INFO] [2013/09/06 11:27:52] [HandlingTimeCheckerService]: Processing users [134937854, 33787629, 31072009]
[INFO] [2013/09/06 11:28:32] [HandlingTimeCheckerService]: User: 134937854
[INFO] [2013/09/06 11:28:32] [HandlingTimeCheckerService]: HT: 3.0
[INFO] [2013/09/06 11:28:32] [HandlingTimeCheckerService]: Total: 447
[INFO] [2013/09/06 11:28:32] [HandlingTimeCheckerService]: Bien: 78%
[INFO] [2013/09/06 11:28:32] [HandlingTimeCheckerService]:  max: 3.0
[INFO] [2013/09/06 11:28:32] [HandlingTimeCheckerService]:  min: 0.0
[INFO] [2013/09/06 11:28:32] [HandlingTimeCheckerService]:  avg: 1.4670487106017192
[INFO] [2013/09/06 11:28:32] [HandlingTimeCheckerService]: Mal: 22%
[INFO] [2013/09/06 11:28:32] [HandlingTimeCheckerService]:  max: 4.0
[INFO] [2013/09/06 11:28:32] [HandlingTimeCheckerService]:  min: 1.0
[INFO] [2013/09/06 11:28:32] [HandlingTimeCheckerService]:  avg: 1.5714285714285714
[INFO] [2013/09/06 11:28:49] [HandlingTimeCheckerService]: User: 31072009
[INFO] [2013/09/06 11:28:49] [HandlingTimeCheckerService]: HT: 4.0
[INFO] [2013/09/06 11:28:49] [HandlingTimeCheckerService]: Total: 304
[INFO] [2013/09/06 11:28:49] [HandlingTimeCheckerService]: Bien: 93%
[INFO] [2013/09/06 11:28:49] [HandlingTimeCheckerService]:  max: 4.0
[INFO] [2013/09/06 11:28:49] [HandlingTimeCheckerService]:  min: 0.0
[INFO] [2013/09/06 11:28:49] [HandlingTimeCheckerService]:  avg: 1.6232394366197183
[INFO] [2013/09/06 11:28:49] [HandlingTimeCheckerService]: Mal: 7%
[INFO] [2013/09/06 11:28:49] [HandlingTimeCheckerService]:  max: 2.0
[INFO] [2013/09/06 11:28:49] [HandlingTimeCheckerService]:  min: 1.0
[INFO] [2013/09/06 11:28:49] [HandlingTimeCheckerService]:  avg: 1.25
[INFO] [2013/09/06 11:29:09] [HandlingTimeCheckerService]: User: 33787629
[INFO] [2013/09/06 11:29:09] [HandlingTimeCheckerService]: HT: 1.0
[INFO] [2013/09/06 11:29:09] [HandlingTimeCheckerService]: Total: 331
[INFO] [2013/09/06 11:29:09] [HandlingTimeCheckerService]: Bien: 99%
[INFO] [2013/09/06 11:29:09] [HandlingTimeCheckerService]:  max: 1.0
[INFO] [2013/09/06 11:29:09] [HandlingTimeCheckerService]:  min: 0.0
[INFO] [2013/09/06 11:29:09] [HandlingTimeCheckerService]:  avg: 0.41033434650455924
[INFO] [2013/09/06 11:29:09] [HandlingTimeCheckerService]: Mal: 1%
[INFO] [2013/09/06 11:29:09] [HandlingTimeCheckerService]:  max: 2.0
[INFO] [2013/09/06 11:29:09] [HandlingTimeCheckerService]:  min: 1.0
[INFO] [2013/09/06 11:29:09] [HandlingTimeCheckerService]:  avg: 1.5
[INFO] [2013/09/06 11:29:09] [HandlingTimeCheckerJob]: Processing chunk 4
[INFO] [2013/09/06 11:29:09] [HandlingTimeCheckerService]: Processing users [54054415, 43071314, 14035735]
[INFO] [2013/09/06 11:29:38] [HandlingTimeCheckerService]: User: 43071314
[INFO] [2013/09/06 11:29:38] [HandlingTimeCheckerService]: HT: 2.0
[INFO] [2013/09/06 11:29:38] [HandlingTimeCheckerService]: Total: 247
[INFO] [2013/09/06 11:29:38] [HandlingTimeCheckerService]: Bien: 94%
[INFO] [2013/09/06 11:29:38] [HandlingTimeCheckerService]:  max: 2.0
[INFO] [2013/09/06 11:29:38] [HandlingTimeCheckerService]:  min: 0.0
[INFO] [2013/09/06 11:29:38] [HandlingTimeCheckerService]:  avg: 1.2489270386266094
[INFO] [2013/09/06 11:29:38] [HandlingTimeCheckerService]: Mal: 6%
[INFO] [2013/09/06 11:29:38] [HandlingTimeCheckerService]:  max: 2.0
[INFO] [2013/09/06 11:29:38] [HandlingTimeCheckerService]:  min: 1.0
[INFO] [2013/09/06 11:29:38] [HandlingTimeCheckerService]:  avg: 1.3571428571428572
[INFO] [2013/09/06 11:30:00] [HandlingTimeCheckerService]: User: 54054415
[INFO] [2013/09/06 11:30:00] [HandlingTimeCheckerService]: HT: 1.0
[INFO] [2013/09/06 11:30:00] [HandlingTimeCheckerService]: Total: 317
[INFO] [2013/09/06 11:30:00] [HandlingTimeCheckerService]: Bien: 99%
[INFO] [2013/09/06 11:30:00] [HandlingTimeCheckerService]:  max: 1.0
[INFO] [2013/09/06 11:30:00] [HandlingTimeCheckerService]:  min: 0.0
[INFO] [2013/09/06 11:30:00] [HandlingTimeCheckerService]:  avg: 0.5910543130990416
[INFO] [2013/09/06 11:30:00] [HandlingTimeCheckerService]: Mal: 1%
[INFO] [2013/09/06 11:30:00] [HandlingTimeCheckerService]:  max: 3.0
[INFO] [2013/09/06 11:30:00] [HandlingTimeCheckerService]:  min: 1.0
[INFO] [2013/09/06 11:30:00] [HandlingTimeCheckerService]:  avg: 1.5
[INFO] [2013/09/06 11:30:19] [HandlingTimeCheckerService]: User: 14035735
[INFO] [2013/09/06 11:30:19] [HandlingTimeCheckerService]: HT: 1.0
[INFO] [2013/09/06 11:30:19] [HandlingTimeCheckerService]: Total: 265
[INFO] [2013/09/06 11:30:19] [HandlingTimeCheckerService]: Bien: 97%
[INFO] [2013/09/06 11:30:19] [HandlingTimeCheckerService]:  max: 1.0
[INFO] [2013/09/06 11:30:19] [HandlingTimeCheckerService]:  min: 0.0
[INFO] [2013/09/06 11:30:19] [HandlingTimeCheckerService]:  avg: 0.453125
[INFO] [2013/09/06 11:30:19] [HandlingTimeCheckerService]: Mal: 3%
[INFO] [2013/09/06 11:30:19] [HandlingTimeCheckerService]:  max: 3.0
[INFO] [2013/09/06 11:30:19] [HandlingTimeCheckerService]:  min: 1.0
[INFO] [2013/09/06 11:30:19] [HandlingTimeCheckerService]:  avg: 1.6666666666666667
[INFO] [2013/09/06 11:30:19] [HandlingTimeCheckerJob]: Processing chunk 5
[INFO] [2013/09/06 11:30:19] [HandlingTimeCheckerService]: Processing users [21864697, 19400838, 71879567]
[INFO] [2013/09/06 11:30:56] [HandlingTimeCheckerService]: User: 21864697
[INFO] [2013/09/06 11:30:56] [HandlingTimeCheckerService]: HT: 1.0
[INFO] [2013/09/06 11:30:56] [HandlingTimeCheckerService]: Total: 261
[INFO] [2013/09/06 11:30:56] [HandlingTimeCheckerService]: Bien: 97%
[INFO] [2013/09/06 11:30:56] [HandlingTimeCheckerService]:  max: 1.0
[INFO] [2013/09/06 11:30:56] [HandlingTimeCheckerService]:  min: 0.0
[INFO] [2013/09/06 11:30:56] [HandlingTimeCheckerService]:  avg: 0.3110236220472441
[INFO] [2013/09/06 11:30:56] [HandlingTimeCheckerService]: Mal: 3%
[INFO] [2013/09/06 11:30:56] [HandlingTimeCheckerService]:  max: 1.0
[INFO] [2013/09/06 11:30:56] [HandlingTimeCheckerService]:  min: 1.0
[INFO] [2013/09/06 11:30:56] [HandlingTimeCheckerService]:  avg: 1.0
[INFO] [2013/09/06 11:31:14] [HandlingTimeCheckerService]: User: 71879567
[INFO] [2013/09/06 11:31:14] [HandlingTimeCheckerService]: HT: 2.0
[INFO] [2013/09/06 11:31:14] [HandlingTimeCheckerService]: Total: 221
[INFO] [2013/09/06 11:31:14] [HandlingTimeCheckerService]: Bien: 99%
[INFO] [2013/09/06 11:31:14] [HandlingTimeCheckerService]:  max: 2.0
[INFO] [2013/09/06 11:31:14] [HandlingTimeCheckerService]:  min: 1.0
[INFO] [2013/09/06 11:31:14] [HandlingTimeCheckerService]:  avg: 1.2146118721461188
[INFO] [2013/09/06 11:31:14] [HandlingTimeCheckerService]: Mal: 1%
[INFO] [2013/09/06 11:31:14] [HandlingTimeCheckerService]:  max: 2.0
[INFO] [2013/09/06 11:31:14] [HandlingTimeCheckerService]:  min: 2.0
[INFO] [2013/09/06 11:31:14] [HandlingTimeCheckerService]:  avg: 2.0
[INFO] [2013/09/06 11:31:35] [HandlingTimeCheckerService]: User: 19400838
[INFO] [2013/09/06 11:31:35] [HandlingTimeCheckerService]: HT: 2.0
[INFO] [2013/09/06 11:31:35] [HandlingTimeCheckerService]: Total: 260
[INFO] [2013/09/06 11:31:35] [HandlingTimeCheckerService]: Bien: 97%
[INFO] [2013/09/06 11:31:35] [HandlingTimeCheckerService]:  max: 2.0
[INFO] [2013/09/06 11:31:35] [HandlingTimeCheckerService]:  min: 0.0
[INFO] [2013/09/06 11:31:35] [HandlingTimeCheckerService]:  avg: 0.7857142857142857
[INFO] [2013/09/06 11:31:35] [HandlingTimeCheckerService]: Mal: 3%
[INFO] [2013/09/06 11:31:35] [HandlingTimeCheckerService]:  max: 4.0
[INFO] [2013/09/06 11:31:35] [HandlingTimeCheckerService]:  min: 1.0
[INFO] [2013/09/06 11:31:35] [HandlingTimeCheckerService]:  avg: 1.75
[INFO] [2013/09/06 11:31:35] [HandlingTimeCheckerJob]: Processing chunk 6
[INFO] [2013/09/06 11:31:35] [HandlingTimeCheckerService]: Processing users [141297412, 133308399, 85836036]
[INFO] [2013/09/06 11:32:05] [HandlingTimeCheckerService]: User: 85836036
[INFO] [2013/09/06 11:32:05] [HandlingTimeCheckerService]: HT: 1.0
[INFO] [2013/09/06 11:32:05] [HandlingTimeCheckerService]: Total: 210
[INFO] [2013/09/06 11:32:05] [HandlingTimeCheckerService]: Bien: 76%
[INFO] [2013/09/06 11:32:05] [HandlingTimeCheckerService]:  max: 1.0
[INFO] [2013/09/06 11:32:05] [HandlingTimeCheckerService]:  min: 0.0
[INFO] [2013/09/06 11:32:05] [HandlingTimeCheckerService]:  avg: 0.018867924528301886
[INFO] [2013/09/06 11:32:05] [HandlingTimeCheckerService]: Mal: 24%
[INFO] [2013/09/06 11:32:05] [HandlingTimeCheckerService]:  max: 7.0
[INFO] [2013/09/06 11:32:05] [HandlingTimeCheckerService]:  min: 1.0
[INFO] [2013/09/06 11:32:05] [HandlingTimeCheckerService]:  avg: 1.1568627450980393
[INFO] [2013/09/06 11:32:23] [HandlingTimeCheckerService]: User: 141297412
[INFO] [2013/09/06 11:32:23] [HandlingTimeCheckerService]: HT: 2.0
[INFO] [2013/09/06 11:32:23] [HandlingTimeCheckerService]: Total: 212
[INFO] [2013/09/06 11:32:23] [HandlingTimeCheckerService]: Bien: 96%
[INFO] [2013/09/06 11:32:23] [HandlingTimeCheckerService]:  max: 2.0
[INFO] [2013/09/06 11:32:23] [HandlingTimeCheckerService]:  min: 0.0
[INFO] [2013/09/06 11:32:23] [HandlingTimeCheckerService]:  avg: 1.3596059113300492
[INFO] [2013/09/06 11:32:23] [HandlingTimeCheckerService]: Mal: 4%
[INFO] [2013/09/06 11:32:23] [HandlingTimeCheckerService]:  max: 4.0
[INFO] [2013/09/06 11:32:23] [HandlingTimeCheckerService]:  min: 1.0
[INFO] [2013/09/06 11:32:23] [HandlingTimeCheckerService]:  avg: 1.3333333333333333
[INFO] [2013/09/06 11:32:42] [HandlingTimeCheckerService]: User: 133308399
[INFO] [2013/09/06 11:32:42] [HandlingTimeCheckerService]: HT: 2.0
[INFO] [2013/09/06 11:32:42] [HandlingTimeCheckerService]: Total: 226
[INFO] [2013/09/06 11:32:42] [HandlingTimeCheckerService]: Bien: 60%
[INFO] [2013/09/06 11:32:42] [HandlingTimeCheckerService]:  max: 2.0
[INFO] [2013/09/06 11:32:42] [HandlingTimeCheckerService]:  min: 0.0
[INFO] [2013/09/06 11:32:42] [HandlingTimeCheckerService]:  avg: 0.7573529411764706
[INFO] [2013/09/06 11:32:42] [HandlingTimeCheckerService]: Mal: 40%
[INFO] [2013/09/06 11:32:42] [HandlingTimeCheckerService]:  max: 4.0
[INFO] [2013/09/06 11:32:42] [HandlingTimeCheckerService]:  min: 1.0
[INFO] [2013/09/06 11:32:42] [HandlingTimeCheckerService]:  avg: 1.4
[INFO] [2013/09/06 11:32:42] [HandlingTimeCheckerJob]: Processing chunk 7
[INFO] [2013/09/06 11:32:42] [HandlingTimeCheckerService]: Processing users [137239303, 3342386, 22950182]
[INFO] [2013/09/06 11:33:13] [HandlingTimeCheckerService]: User: 137239303
[INFO] [2013/09/06 11:33:13] [HandlingTimeCheckerService]: HT: 1.0
[INFO] [2013/09/06 11:33:13] [HandlingTimeCheckerService]: Total: 202
[INFO] [2013/09/06 11:33:13] [HandlingTimeCheckerService]: Bien: 99%
[INFO] [2013/09/06 11:33:13] [HandlingTimeCheckerService]:  max: 1.0
[INFO] [2013/09/06 11:33:13] [HandlingTimeCheckerService]:  min: 0.0
[INFO] [2013/09/06 11:33:13] [HandlingTimeCheckerService]:  avg: 0.545
[INFO] [2013/09/06 11:33:13] [HandlingTimeCheckerService]: Mal: 1%
[INFO] [2013/09/06 11:33:13] [HandlingTimeCheckerService]:  max: 1.0
[INFO] [2013/09/06 11:33:13] [HandlingTimeCheckerService]:  min: 1.0
[INFO] [2013/09/06 11:33:13] [HandlingTimeCheckerService]:  avg: 1.0
[INFO] [2013/09/06 11:33:32] [HandlingTimeCheckerService]: User: 3342386
[INFO] [2013/09/06 11:33:32] [HandlingTimeCheckerService]: HT: 1.0
[INFO] [2013/09/06 11:33:32] [HandlingTimeCheckerService]: Total: 199
[INFO] [2013/09/06 11:33:32] [HandlingTimeCheckerService]: Bien: 91%
[INFO] [2013/09/06 11:33:32] [HandlingTimeCheckerService]:  max: 1.0
[INFO] [2013/09/06 11:33:32] [HandlingTimeCheckerService]:  min: 0.0
[INFO] [2013/09/06 11:33:32] [HandlingTimeCheckerService]:  avg: 0.46703296703296704
[INFO] [2013/09/06 11:33:32] [HandlingTimeCheckerService]: Mal: 9%
[INFO] [2013/09/06 11:33:32] [HandlingTimeCheckerService]:  max: 2.0
[INFO] [2013/09/06 11:33:32] [HandlingTimeCheckerService]:  min: 1.0
[INFO] [2013/09/06 11:33:32] [HandlingTimeCheckerService]:  avg: 1.1764705882352942
[INFO] [2013/09/06 11:33:48] [HandlingTimeCheckerService]: User: 22950182
[INFO] [2013/09/06 11:33:48] [HandlingTimeCheckerService]: HT: 1.0
[INFO] [2013/09/06 11:33:48] [HandlingTimeCheckerService]: Total: 173
[INFO] [2013/09/06 11:33:48] [HandlingTimeCheckerService]: Bien: 98%
[INFO] [2013/09/06 11:33:48] [HandlingTimeCheckerService]:  max: 1.0
[INFO] [2013/09/06 11:33:48] [HandlingTimeCheckerService]:  min: 0.0
[INFO] [2013/09/06 11:33:48] [HandlingTimeCheckerService]:  avg: 0.5
[INFO] [2013/09/06 11:33:48] [HandlingTimeCheckerService]: Mal: 2%
[INFO] [2013/09/06 11:33:48] [HandlingTimeCheckerService]:  max: 1.0
[INFO] [2013/09/06 11:33:48] [HandlingTimeCheckerService]:  min: 1.0
[INFO] [2013/09/06 11:33:48] [HandlingTimeCheckerService]:  avg: 1.0
[INFO] [2013/09/06 11:33:48] [HandlingTimeCheckerJob]: Processing chunk 8
[INFO] [2013/09/06 11:33:48] [HandlingTimeCheckerService]: Processing users [75280843, 29638918, 77355162]
[INFO] [2013/09/06 11:34:17] [HandlingTimeCheckerService]: User: 29638918
[INFO] [2013/09/06 11:34:17] [HandlingTimeCheckerService]: HT: 3.0
[INFO] [2013/09/06 11:34:17] [HandlingTimeCheckerService]: Total: 172
[INFO] [2013/09/06 11:34:17] [HandlingTimeCheckerService]: Bien: 92%
[INFO] [2013/09/06 11:34:17] [HandlingTimeCheckerService]:  max: 3.0
[INFO] [2013/09/06 11:34:17] [HandlingTimeCheckerService]:  min: 0.0
[INFO] [2013/09/06 11:34:17] [HandlingTimeCheckerService]:  avg: 1.3734177215189873
[INFO] [2013/09/06 11:34:17] [HandlingTimeCheckerService]: Mal: 8%
[INFO] [2013/09/06 11:34:17] [HandlingTimeCheckerService]:  max: 3.0
[INFO] [2013/09/06 11:34:17] [HandlingTimeCheckerService]:  min: 1.0
[INFO] [2013/09/06 11:34:17] [HandlingTimeCheckerService]:  avg: 1.3571428571428572
[INFO] [2013/09/06 11:34:34] [HandlingTimeCheckerService]: User: 77355162
[INFO] [2013/09/06 11:34:34] [HandlingTimeCheckerService]: HT: 1.0
[INFO] [2013/09/06 11:34:34] [HandlingTimeCheckerService]: Total: 170
[INFO] [2013/09/06 11:34:34] [HandlingTimeCheckerService]: Bien: 98%
[INFO] [2013/09/06 11:34:34] [HandlingTimeCheckerService]:  max: 1.0
[INFO] [2013/09/06 11:34:34] [HandlingTimeCheckerService]:  min: 0.0
[INFO] [2013/09/06 11:34:34] [HandlingTimeCheckerService]:  avg: 0.4431137724550898
[INFO] [2013/09/06 11:34:34] [HandlingTimeCheckerService]: Mal: 2%
[INFO] [2013/09/06 11:34:34] [HandlingTimeCheckerService]:  max: 1.0
[INFO] [2013/09/06 11:34:34] [HandlingTimeCheckerService]:  min: 1.0
[INFO] [2013/09/06 11:34:34] [HandlingTimeCheckerService]:  avg: 1.0
[INFO] [2013/09/06 11:34:51] [HandlingTimeCheckerService]: User: 75280843
[INFO] [2013/09/06 11:34:51] [HandlingTimeCheckerService]: HT: 1.0
[INFO] [2013/09/06 11:34:51] [HandlingTimeCheckerService]: Total: 166
[INFO] [2013/09/06 11:34:51] [HandlingTimeCheckerService]: Bien: 96%
[INFO] [2013/09/06 11:34:51] [HandlingTimeCheckerService]:  max: 1.0
[INFO] [2013/09/06 11:34:51] [HandlingTimeCheckerService]:  min: 0.0
[INFO] [2013/09/06 11:34:51] [HandlingTimeCheckerService]:  avg: 0.41875
[INFO] [2013/09/06 11:34:51] [HandlingTimeCheckerService]: Mal: 4%
[INFO] [2013/09/06 11:34:51] [HandlingTimeCheckerService]:  max: 1.0
[INFO] [2013/09/06 11:34:51] [HandlingTimeCheckerService]:  min: 1.0
[INFO] [2013/09/06 11:34:51] [HandlingTimeCheckerService]:  avg: 1.0
[INFO] [2013/09/06 11:34:51] [HandlingTimeCheckerJob]: Processing chunk 9
[INFO] [2013/09/06 11:34:51] [HandlingTimeCheckerService]: Processing users [33027109, 6965716, 33424542]
[INFO] [2013/09/06 11:35:28] [HandlingTimeCheckerService]: User: 33027109
[INFO] [2013/09/06 11:35:28] [HandlingTimeCheckerService]: HT: 1.0
[INFO] [2013/09/06 11:35:28] [HandlingTimeCheckerService]: Total: 179
[INFO] [2013/09/06 11:35:28] [HandlingTimeCheckerService]: Bien: 88%
[INFO] [2013/09/06 11:35:28] [HandlingTimeCheckerService]:  max: 1.0
[INFO] [2013/09/06 11:35:28] [HandlingTimeCheckerService]:  min: 0.0
[INFO] [2013/09/06 11:35:28] [HandlingTimeCheckerService]:  avg: 0.27848101265822783
[INFO] [2013/09/06 11:35:28] [HandlingTimeCheckerService]: Mal: 12%
[INFO] [2013/09/06 11:35:28] [HandlingTimeCheckerService]:  max: 1.0
[INFO] [2013/09/06 11:35:28] [HandlingTimeCheckerService]:  min: 1.0
[INFO] [2013/09/06 11:35:28] [HandlingTimeCheckerService]:  avg: 1.0
[INFO] [2013/09/06 11:35:44] [HandlingTimeCheckerService]: User: 6965716
[INFO] [2013/09/06 11:35:44] [HandlingTimeCheckerService]: HT: 1.0
[INFO] [2013/09/06 11:35:44] [HandlingTimeCheckerService]: Total: 149
[INFO] [2013/09/06 11:35:44] [HandlingTimeCheckerService]: Bien: 99%
[INFO] [2013/09/06 11:35:44] [HandlingTimeCheckerService]:  max: 1.0
[INFO] [2013/09/06 11:35:44] [HandlingTimeCheckerService]:  min: 0.0
[INFO] [2013/09/06 11:35:44] [HandlingTimeCheckerService]:  avg: 0.4897959183673469
[INFO] [2013/09/06 11:35:44] [HandlingTimeCheckerService]: Mal: 1%
[INFO] [2013/09/06 11:35:44] [HandlingTimeCheckerService]:  max: 2.0
[INFO] [2013/09/06 11:35:44] [HandlingTimeCheckerService]:  min: 1.0
[INFO] [2013/09/06 11:35:44] [HandlingTimeCheckerService]:  avg: 1.5
[INFO] [2013/09/06 11:36:02] [HandlingTimeCheckerService]: User: 33424542
[INFO] [2013/09/06 11:36:02] [HandlingTimeCheckerService]: HT: 1.0
[INFO] [2013/09/06 11:36:02] [HandlingTimeCheckerService]: Total: 159
[INFO] [2013/09/06 11:36:02] [HandlingTimeCheckerService]: Bien: 81%
[INFO] [2013/09/06 11:36:02] [HandlingTimeCheckerService]:  max: 1.0
[INFO] [2013/09/06 11:36:02] [HandlingTimeCheckerService]:  min: 0.0
[INFO] [2013/09/06 11:36:02] [HandlingTimeCheckerService]:  avg: 0.390625
[INFO] [2013/09/06 11:36:02] [HandlingTimeCheckerService]: Mal: 19%
[INFO] [2013/09/06 11:36:02] [HandlingTimeCheckerService]:  max: 2.0
[INFO] [2013/09/06 11:36:02] [HandlingTimeCheckerService]:  min: 1.0
[INFO] [2013/09/06 11:36:02] [HandlingTimeCheckerService]:  avg: 1.032258064516129
[INFO] [2013/09/06 11:36:02] [HandlingTimeCheckerJob]: Processing chunk 10
[INFO] [2013/09/06 11:36:02] [HandlingTimeCheckerService]: Processing users [77945322, 92513231, 47671255]
[INFO] [2013/09/06 11:36:32] [HandlingTimeCheckerService]: User: 77945322
[INFO] [2013/09/06 11:36:32] [HandlingTimeCheckerService]: HT: 2.0
[INFO] [2013/09/06 11:36:32] [HandlingTimeCheckerService]: Total: 163
[INFO] [2013/09/06 11:36:32] [HandlingTimeCheckerService]: Bien: 95%
[INFO] [2013/09/06 11:36:32] [HandlingTimeCheckerService]:  max: 1.0
[INFO] [2013/09/06 11:36:32] [HandlingTimeCheckerService]:  min: 0.0
[INFO] [2013/09/06 11:36:32] [HandlingTimeCheckerService]:  avg: 0.535483870967742
[INFO] [2013/09/06 11:36:32] [HandlingTimeCheckerService]: Mal: 5%
[INFO] [2013/09/06 11:36:32] [HandlingTimeCheckerService]:  max: 2.0
[INFO] [2013/09/06 11:36:32] [HandlingTimeCheckerService]:  min: 1.0
[INFO] [2013/09/06 11:36:32] [HandlingTimeCheckerService]:  avg: 1.125
[INFO] [2013/09/06 11:36:51] [HandlingTimeCheckerService]: User: 47671255
[INFO] [2013/09/06 11:36:51] [HandlingTimeCheckerService]: HT: 1.0
[INFO] [2013/09/06 11:36:51] [HandlingTimeCheckerService]: Total: 171
[INFO] [2013/09/06 11:36:51] [HandlingTimeCheckerService]: Bien: 99%
[INFO] [2013/09/06 11:36:51] [HandlingTimeCheckerService]:  max: 1.0
[INFO] [2013/09/06 11:36:51] [HandlingTimeCheckerService]:  min: 0.0
[INFO] [2013/09/06 11:36:51] [HandlingTimeCheckerService]:  avg: 0.5352941176470588
[INFO] [2013/09/06 11:36:51] [HandlingTimeCheckerService]: Mal: 1%
[INFO] [2013/09/06 11:36:51] [HandlingTimeCheckerService]:  max: 1.0
[INFO] [2013/09/06 11:36:51] [HandlingTimeCheckerService]:  min: 1.0
[INFO] [2013/09/06 11:36:51] [HandlingTimeCheckerService]:  avg: 1.0
[INFO] [2013/09/06 11:37:09] [HandlingTimeCheckerService]: User: 92513231
[INFO] [2013/09/06 11:37:09] [HandlingTimeCheckerService]: HT: 1.0
[INFO] [2013/09/06 11:37:09] [HandlingTimeCheckerService]: Total: 159
[INFO] [2013/09/06 11:37:09] [HandlingTimeCheckerService]: Bien: 99%
[INFO] [2013/09/06 11:37:09] [HandlingTimeCheckerService]:  max: 1.0
[INFO] [2013/09/06 11:37:09] [HandlingTimeCheckerService]:  min: 0.0
[INFO] [2013/09/06 11:37:09] [HandlingTimeCheckerService]:  avg: 0.41139240506329117
[INFO] [2013/09/06 11:37:09] [HandlingTimeCheckerService]: Mal: 1%
[INFO] [2013/09/06 11:37:09] [HandlingTimeCheckerService]:  max: 1.0
[INFO] [2013/09/06 11:37:09] [HandlingTimeCheckerService]:  min: 1.0
[INFO] [2013/09/06 11:37:09] [HandlingTimeCheckerService]:  avg: 1.0
[INFO] [2013/09/06 11:37:09] [HandlingTimeCheckerJob]: Processing chunk 11
[INFO] [2013/09/06 11:37:09] [HandlingTimeCheckerService]: Processing users [78805006, 55628989, 129058928]
[INFO] [2013/09/06 11:37:45] [HandlingTimeCheckerService]: User: 78805006
[INFO] [2013/09/06 11:37:45] [HandlingTimeCheckerService]: HT: 2.0
[INFO] [2013/09/06 11:37:45] [HandlingTimeCheckerService]: Total: 194
[INFO] [2013/09/06 11:37:45] [HandlingTimeCheckerService]: Bien: 85%
[INFO] [2013/09/06 11:37:45] [HandlingTimeCheckerService]:  max: 2.0
[INFO] [2013/09/06 11:37:45] [HandlingTimeCheckerService]:  min: 0.0
[INFO] [2013/09/06 11:37:45] [HandlingTimeCheckerService]:  avg: 0.8109756097560976
[INFO] [2013/09/06 11:37:45] [HandlingTimeCheckerService]: Mal: 15%
[INFO] [2013/09/06 11:37:45] [HandlingTimeCheckerService]:  max: 3.0
[INFO] [2013/09/06 11:37:45] [HandlingTimeCheckerService]:  min: 1.0
[INFO] [2013/09/06 11:37:45] [HandlingTimeCheckerService]:  avg: 1.5666666666666667
[INFO] [2013/09/06 11:38:11] [HandlingTimeCheckerService]: User: 55628989
[INFO] [2013/09/06 11:38:11] [HandlingTimeCheckerService]: HT: 3.0
[INFO] [2013/09/06 11:38:11] [HandlingTimeCheckerService]: Total: 208
[INFO] [2013/09/06 11:38:11] [HandlingTimeCheckerService]: Bien: 91%
[INFO] [2013/09/06 11:38:11] [HandlingTimeCheckerService]:  max: 3.0
[INFO] [2013/09/06 11:38:11] [HandlingTimeCheckerService]:  min: 0.0
[INFO] [2013/09/06 11:38:11] [HandlingTimeCheckerService]:  avg: 1.2751322751322751
[INFO] [2013/09/06 11:38:11] [HandlingTimeCheckerService]: Mal: 9%
[INFO] [2013/09/06 11:38:11] [HandlingTimeCheckerService]:  max: 5.0
[INFO] [2013/09/06 11:38:11] [HandlingTimeCheckerService]:  min: 1.0
[INFO] [2013/09/06 11:38:11] [HandlingTimeCheckerService]:  avg: 1.894736842105263
[INFO] [2013/09/06 11:38:28] [HandlingTimeCheckerService]: User: 129058928
[INFO] [2013/09/06 11:38:28] [HandlingTimeCheckerService]: HT: 3.0
[INFO] [2013/09/06 11:38:28] [HandlingTimeCheckerService]: Total: 135
[INFO] [2013/09/06 11:38:28] [HandlingTimeCheckerService]: Bien: 97%
[INFO] [2013/09/06 11:38:28] [HandlingTimeCheckerService]:  max: 3.0
[INFO] [2013/09/06 11:38:28] [HandlingTimeCheckerService]:  min: 0.0
[INFO] [2013/09/06 11:38:28] [HandlingTimeCheckerService]:  avg: 1.8473282442748091
[INFO] [2013/09/06 11:38:28] [HandlingTimeCheckerService]: Mal: 3%
[INFO] [2013/09/06 11:38:28] [HandlingTimeCheckerService]:  max: 4.0
[INFO] [2013/09/06 11:38:28] [HandlingTimeCheckerService]:  min: 1.0
[INFO] [2013/09/06 11:38:28] [HandlingTimeCheckerService]:  avg: 3.0
[INFO] [2013/09/06 11:38:28] [HandlingTimeCheckerJob]: Processing chunk 12
[INFO] [2013/09/06 11:38:28] [HandlingTimeCheckerService]: Processing users [115281594, 127868481, 6390309]
[INFO] [2013/09/06 11:39:00] [HandlingTimeCheckerService]: User: 6390309
[INFO] [2013/09/06 11:39:00] [HandlingTimeCheckerService]: HT: 2.0
[INFO] [2013/09/06 11:39:00] [HandlingTimeCheckerService]: Total: 119
[INFO] [2013/09/06 11:39:00] [HandlingTimeCheckerService]: Bien: 79%
[INFO] [2013/09/06 11:39:00] [HandlingTimeCheckerService]:  max: 2.0
[INFO] [2013/09/06 11:39:00] [HandlingTimeCheckerService]:  min: 0.0
[INFO] [2013/09/06 11:39:00] [HandlingTimeCheckerService]:  avg: 0.5531914893617021
[INFO] [2013/09/06 11:39:00] [HandlingTimeCheckerService]: Mal: 21%
[INFO] [2013/09/06 11:39:00] [HandlingTimeCheckerService]:  max: 2.0
[INFO] [2013/09/06 11:39:00] [HandlingTimeCheckerService]:  min: 1.0
[INFO] [2013/09/06 11:39:00] [HandlingTimeCheckerService]:  avg: 1.24
[INFO] [2013/09/06 11:39:19] [HandlingTimeCheckerService]: User: 127868481
[INFO] [2013/09/06 11:39:19] [HandlingTimeCheckerService]: HT: 5.0
[INFO] [2013/09/06 11:39:19] [HandlingTimeCheckerService]: Total: 148
[INFO] [2013/09/06 11:39:19] [HandlingTimeCheckerService]: Bien: 97%
[INFO] [2013/09/06 11:39:19] [HandlingTimeCheckerService]:  max: 5.0
[INFO] [2013/09/06 11:39:19] [HandlingTimeCheckerService]:  min: 0.0
[INFO] [2013/09/06 11:39:19] [HandlingTimeCheckerService]:  avg: 2.1538461538461537
[INFO] [2013/09/06 11:39:19] [HandlingTimeCheckerService]: Mal: 3%
[INFO] [2013/09/06 11:39:19] [HandlingTimeCheckerService]:  max: 3.0
[INFO] [2013/09/06 11:39:19] [HandlingTimeCheckerService]:  min: 1.0
[INFO] [2013/09/06 11:39:19] [HandlingTimeCheckerService]:  avg: 1.4
[INFO] [2013/09/06 11:39:39] [HandlingTimeCheckerService]: User: 115281594
[INFO] [2013/09/06 11:39:39] [HandlingTimeCheckerService]: HT: 1.0
[INFO] [2013/09/06 11:39:39] [HandlingTimeCheckerService]: Total: 155
[INFO] [2013/09/06 11:39:39] [HandlingTimeCheckerService]: Bien: 97%
[INFO] [2013/09/06 11:39:39] [HandlingTimeCheckerService]:  max: 1.0
[INFO] [2013/09/06 11:39:39] [HandlingTimeCheckerService]:  min: 0.0
[INFO] [2013/09/06 11:39:39] [HandlingTimeCheckerService]:  avg: 0.2847682119205298
[INFO] [2013/09/06 11:39:39] [HandlingTimeCheckerService]: Mal: 3%
[INFO] [2013/09/06 11:39:39] [HandlingTimeCheckerService]:  max: 3.0
[INFO] [2013/09/06 11:39:39] [HandlingTimeCheckerService]:  min: 1.0
[INFO] [2013/09/06 11:39:39] [HandlingTimeCheckerService]:  avg: 1.5
[INFO] [2013/09/06 11:39:39] [HandlingTimeCheckerJob]: Processing chunk 13
[INFO] [2013/09/06 11:39:39] [HandlingTimeCheckerService]: Processing users [116035555, 128090608, 81381917]
[INFO] [2013/09/06 11:39:56] [HandlingTimeCheckerService]: User: 128090608
[INFO] [2013/09/06 11:39:56] [HandlingTimeCheckerService]: HT: 6.0
[INFO] [2013/09/06 11:39:56] [HandlingTimeCheckerService]: Total: 7
[INFO] [2013/09/06 11:39:56] [HandlingTimeCheckerService]: Bien: 86%
[INFO] [2013/09/06 11:39:56] [HandlingTimeCheckerService]:  max: 4.0
[INFO] [2013/09/06 11:39:56] [HandlingTimeCheckerService]:  min: 2.0
[INFO] [2013/09/06 11:39:56] [HandlingTimeCheckerService]:  avg: 3.3333333333333335
[INFO] [2013/09/06 11:39:56] [HandlingTimeCheckerService]: Mal: 14%
[INFO] [2013/09/06 11:39:56] [HandlingTimeCheckerService]:  max: 1.0
[INFO] [2013/09/06 11:39:56] [HandlingTimeCheckerService]:  min: 1.0
[INFO] [2013/09/06 11:39:56] [HandlingTimeCheckerService]:  avg: 1.0
[INFO] [2013/09/06 11:39:57] [HandlingTimeCheckerService]: User: 81381917
[INFO] [2013/09/06 11:39:57] [HandlingTimeCheckerService]: HT: 4.0
[INFO] [2013/09/06 11:39:57] [HandlingTimeCheckerService]: Total: 13
[INFO] [2013/09/06 11:39:57] [HandlingTimeCheckerService]: Bien: 92%
[INFO] [2013/09/06 11:39:57] [HandlingTimeCheckerService]:  max: 3.0
[INFO] [2013/09/06 11:39:57] [HandlingTimeCheckerService]:  min: 0.0
[INFO] [2013/09/06 11:39:57] [HandlingTimeCheckerService]:  avg: 1.3333333333333333
[INFO] [2013/09/06 11:39:57] [HandlingTimeCheckerService]: Mal: 8%
[INFO] [2013/09/06 11:39:57] [HandlingTimeCheckerService]:  max: 1.0
[INFO] [2013/09/06 11:39:57] [HandlingTimeCheckerService]:  min: 1.0
[INFO] [2013/09/06 11:39:57] [HandlingTimeCheckerService]:  avg: 1.0
[INFO] [2013/09/06 11:39:59] [HandlingTimeCheckerService]: User: 116035555
[INFO] [2013/09/06 11:39:59] [HandlingTimeCheckerService]: HT: 3.0
[INFO] [2013/09/06 11:39:59] [HandlingTimeCheckerService]: Total: 10
[INFO] [2013/09/06 11:39:59] [HandlingTimeCheckerService]: Bien: 100%
[INFO] [2013/09/06 11:39:59] [HandlingTimeCheckerService]:  max: 3.0
[INFO] [2013/09/06 11:39:59] [HandlingTimeCheckerService]:  min: 0.0
[INFO] [2013/09/06 11:39:59] [HandlingTimeCheckerService]:  avg: 1.4
[INFO] [2013/09/06 11:39:59] [HandlingTimeCheckerJob]: Processing chunk 14
[INFO] [2013/09/06 11:39:59] [HandlingTimeCheckerService]: Processing users [61726726, 16321980, 64734449]
[INFO] [2013/09/06 11:40:23] [HandlingTimeCheckerService]: User: 61726726
[INFO] [2013/09/06 11:40:23] [HandlingTimeCheckerService]: HT: 1.0
[INFO] [2013/09/06 11:40:23] [HandlingTimeCheckerService]: Total: 14
[INFO] [2013/09/06 11:40:23] [HandlingTimeCheckerService]: Bien: 100%
[INFO] [2013/09/06 11:40:23] [HandlingTimeCheckerService]:  max: 1.0
[INFO] [2013/09/06 11:40:23] [HandlingTimeCheckerService]:  min: 0.0
[INFO] [2013/09/06 11:40:23] [HandlingTimeCheckerService]:  avg: 0.42857142857142855
[INFO] [2013/09/06 11:40:25] [HandlingTimeCheckerService]: User: 16321980
[INFO] [2013/09/06 11:40:25] [HandlingTimeCheckerService]: HT: 2.0
[INFO] [2013/09/06 11:40:25] [HandlingTimeCheckerService]: Total: 12
[INFO] [2013/09/06 11:40:25] [HandlingTimeCheckerService]: Bien: 100%
[INFO] [2013/09/06 11:40:25] [HandlingTimeCheckerService]:  max: 2.0
[INFO] [2013/09/06 11:40:25] [HandlingTimeCheckerService]:  min: 0.0
[INFO] [2013/09/06 11:40:25] [HandlingTimeCheckerService]:  avg: 1.1666666666666667
[INFO] [2013/09/06 11:40:27] [HandlingTimeCheckerService]: User: 64734449
[INFO] [2013/09/06 11:40:27] [HandlingTimeCheckerService]: HT: 6.0
[INFO] [2013/09/06 11:40:27] [HandlingTimeCheckerService]: Total: 13
[INFO] [2013/09/06 11:40:27] [HandlingTimeCheckerService]: Bien: 100%
[INFO] [2013/09/06 11:40:27] [HandlingTimeCheckerService]:  max: 6.0
[INFO] [2013/09/06 11:40:27] [HandlingTimeCheckerService]:  min: 4.0
[INFO] [2013/09/06 11:40:27] [HandlingTimeCheckerService]:  avg: 5.230769230769231
[INFO] [2013/09/06 11:40:27] [HandlingTimeCheckerJob]: Processing chunk 15
[INFO] [2013/09/06 11:40:27] [HandlingTimeCheckerService]: Processing users [101212077, 90285027, 16628485]
[INFO] [2013/09/06 11:40:45] [HandlingTimeCheckerService]: User: 90285027
[INFO] [2013/09/06 11:40:45] [HandlingTimeCheckerService]: HT: 1.0
[INFO] [2013/09/06 11:40:45] [HandlingTimeCheckerService]: Total: 14
[INFO] [2013/09/06 11:40:45] [HandlingTimeCheckerService]: Bien: 93%
[INFO] [2013/09/06 11:40:45] [HandlingTimeCheckerService]:  max: 1.0
[INFO] [2013/09/06 11:40:45] [HandlingTimeCheckerService]:  min: 0.0
[INFO] [2013/09/06 11:40:45] [HandlingTimeCheckerService]:  avg: 0.23076923076923078
[INFO] [2013/09/06 11:40:45] [HandlingTimeCheckerService]: Mal: 7%
[INFO] [2013/09/06 11:40:45] [HandlingTimeCheckerService]:  max: 1.0
[INFO] [2013/09/06 11:40:45] [HandlingTimeCheckerService]:  min: 1.0
[INFO] [2013/09/06 11:40:45] [HandlingTimeCheckerService]:  avg: 1.0
[INFO] [2013/09/06 11:40:46] [HandlingTimeCheckerService]: User: 16628485
[INFO] [2013/09/06 11:40:46] [HandlingTimeCheckerService]: HT: 1.0
[INFO] [2013/09/06 11:40:46] [HandlingTimeCheckerService]: Total: 11
[INFO] [2013/09/06 11:40:46] [HandlingTimeCheckerService]: Bien: 100%
[INFO] [2013/09/06 11:40:46] [HandlingTimeCheckerService]:  max: 1.0
[INFO] [2013/09/06 11:40:46] [HandlingTimeCheckerService]:  min: 0.0
[INFO] [2013/09/06 11:40:46] [HandlingTimeCheckerService]:  avg: 0.5454545454545454
[INFO] [2013/09/06 11:40:48] [HandlingTimeCheckerService]: User: 101212077
[INFO] [2013/09/06 11:40:48] [HandlingTimeCheckerService]: HT: 4.0
[INFO] [2013/09/06 11:40:48] [HandlingTimeCheckerService]: Total: 12
[INFO] [2013/09/06 11:40:48] [HandlingTimeCheckerService]: Bien: 75%
[INFO] [2013/09/06 11:40:48] [HandlingTimeCheckerService]:  max: 1.0
[INFO] [2013/09/06 11:40:48] [HandlingTimeCheckerService]:  min: 0.0
[INFO] [2013/09/06 11:40:48] [HandlingTimeCheckerService]:  avg: 0.1111111111111111
[INFO] [2013/09/06 11:40:48] [HandlingTimeCheckerService]: Mal: 25%
[INFO] [2013/09/06 11:40:48] [HandlingTimeCheckerService]:  max: 1.0
[INFO] [2013/09/06 11:40:48] [HandlingTimeCheckerService]:  min: 1.0
[INFO] [2013/09/06 11:40:48] [HandlingTimeCheckerService]:  avg: 1.0
[INFO] [2013/09/06 11:40:48] [HandlingTimeCheckerJob]: Processing chunk 16
[INFO] [2013/09/06 11:40:48] [HandlingTimeCheckerService]: Processing users [19867333, 66754487, 137241345]
[INFO] [2013/09/06 11:41:03] [HandlingTimeCheckerService]: User: 66754487
[INFO] [2013/09/06 11:41:03] [HandlingTimeCheckerService]: HT: 1.0
[INFO] [2013/09/06 11:41:03] [HandlingTimeCheckerService]: Total: 11
[INFO] [2013/09/06 11:41:03] [HandlingTimeCheckerService]: Bien: 100%
[INFO] [2013/09/06 11:41:03] [HandlingTimeCheckerService]:  max: 1.0
[INFO] [2013/09/06 11:41:03] [HandlingTimeCheckerService]:  min: 0.0
[INFO] [2013/09/06 11:41:03] [HandlingTimeCheckerService]:  avg: 0.2727272727272727
[INFO] [2013/09/06 11:41:05] [HandlingTimeCheckerService]: User: 137241345
[INFO] [2013/09/06 11:41:05] [HandlingTimeCheckerService]: HT: 1.0
[INFO] [2013/09/06 11:41:05] [HandlingTimeCheckerService]: Total: 12
[INFO] [2013/09/06 11:41:05] [HandlingTimeCheckerService]: Bien: 67%
[INFO] [2013/09/06 11:41:05] [HandlingTimeCheckerService]:  max: 1.0
[INFO] [2013/09/06 11:41:05] [HandlingTimeCheckerService]:  min: 0.0
[INFO] [2013/09/06 11:41:05] [HandlingTimeCheckerService]:  avg: 0.125
[INFO] [2013/09/06 11:41:05] [HandlingTimeCheckerService]: Mal: 33%
[INFO] [2013/09/06 11:41:05] [HandlingTimeCheckerService]:  max: 3.0
[INFO] [2013/09/06 11:41:05] [HandlingTimeCheckerService]:  min: 1.0
[INFO] [2013/09/06 11:41:05] [HandlingTimeCheckerService]:  avg: 1.5
[INFO] [2013/09/06 11:41:06] [HandlingTimeCheckerService]: User: 19867333
[INFO] [2013/09/06 11:41:06] [HandlingTimeCheckerService]: HT: 2.0
[INFO] [2013/09/06 11:41:06] [HandlingTimeCheckerService]: Total: 11
[INFO] [2013/09/06 11:41:06] [HandlingTimeCheckerService]: Bien: 100%
[INFO] [2013/09/06 11:41:06] [HandlingTimeCheckerService]:  max: 2.0
[INFO] [2013/09/06 11:41:06] [HandlingTimeCheckerService]:  min: 0.0
[INFO] [2013/09/06 11:41:06] [HandlingTimeCheckerService]:  avg: 1.0909090909090908
[INFO] [2013/09/06 11:41:06] [HandlingTimeCheckerJob]: Processing site MLA
[INFO] [2013/09/06 11:41:06] [HandlingTimeCheckerJob]: Processing chunk 1
[INFO] [2013/09/06 11:41:06] [HandlingTimeCheckerService]: Processing users [92607234, 75338949, 4641264, 131662738]
[INFO] [2013/09/06 11:41:47] [HandlingTimeCheckerService]: User: 4641264
[INFO] [2013/09/06 11:41:47] [HandlingTimeCheckerService]: HT: 1.0
[INFO] [2013/09/06 11:41:47] [HandlingTimeCheckerService]: Total: 224
[INFO] [2013/09/06 11:41:47] [HandlingTimeCheckerService]: Bien: 88%
[INFO] [2013/09/06 11:41:47] [HandlingTimeCheckerService]:  max: 1.0
[INFO] [2013/09/06 11:41:47] [HandlingTimeCheckerService]:  min: 0.0
[INFO] [2013/09/06 11:41:47] [HandlingTimeCheckerService]:  avg: 0.21717171717171718
[INFO] [2013/09/06 11:41:47] [HandlingTimeCheckerService]: Mal: 12%
[INFO] [2013/09/06 11:41:47] [HandlingTimeCheckerService]:  max: 1.0
[INFO] [2013/09/06 11:41:47] [HandlingTimeCheckerService]:  min: 1.0
[INFO] [2013/09/06 11:41:47] [HandlingTimeCheckerService]:  avg: 1.0
[INFO] [2013/09/06 11:42:23] [HandlingTimeCheckerService]: User: 75338949
[INFO] [2013/09/06 11:42:23] [HandlingTimeCheckerService]: HT: 2.0
[INFO] [2013/09/06 11:42:23] [HandlingTimeCheckerService]: Total: 242
[INFO] [2013/09/06 11:42:23] [HandlingTimeCheckerService]: Bien: 95%
[INFO] [2013/09/06 11:42:23] [HandlingTimeCheckerService]:  max: 2.0
[INFO] [2013/09/06 11:42:23] [HandlingTimeCheckerService]:  min: 0.0
[INFO] [2013/09/06 11:42:23] [HandlingTimeCheckerService]:  avg: 0.7391304347826086
[INFO] [2013/09/06 11:42:23] [HandlingTimeCheckerService]: Mal: 5%
[INFO] [2013/09/06 11:42:23] [HandlingTimeCheckerService]:  max: 5.0
[INFO] [2013/09/06 11:42:23] [HandlingTimeCheckerService]:  min: 1.0
[INFO] [2013/09/06 11:42:23] [HandlingTimeCheckerService]:  avg: 1.3333333333333333
[INFO] [2013/09/06 11:43:57] [HandlingTimeCheckerService]: User: 92607234
[INFO] [2013/09/06 11:43:57] [HandlingTimeCheckerService]: HT: 1.0
[INFO] [2013/09/06 11:43:57] [HandlingTimeCheckerService]: Total: 625
[INFO] [2013/09/06 11:43:57] [HandlingTimeCheckerService]: Bien: 93%
[INFO] [2013/09/06 11:43:57] [HandlingTimeCheckerService]:  max: 1.0
[INFO] [2013/09/06 11:43:57] [HandlingTimeCheckerService]:  min: 0.0
[INFO] [2013/09/06 11:43:57] [HandlingTimeCheckerService]:  avg: 0.436426116838488
[INFO] [2013/09/06 11:43:57] [HandlingTimeCheckerService]: Mal: 7%
[INFO] [2013/09/06 11:43:57] [HandlingTimeCheckerService]:  max: 3.0
[INFO] [2013/09/06 11:43:57] [HandlingTimeCheckerService]:  min: 1.0
[INFO] [2013/09/06 11:43:57] [HandlingTimeCheckerService]:  avg: 1.2325581395348837
[INFO] [2013/09/06 11:44:28] [HandlingTimeCheckerService]: User: 131662738
[INFO] [2013/09/06 11:44:28] [HandlingTimeCheckerService]: HT: 2.0
[INFO] [2013/09/06 11:44:28] [HandlingTimeCheckerService]: Total: 205
[INFO] [2013/09/06 11:44:28] [HandlingTimeCheckerService]: Bien: 95%
[INFO] [2013/09/06 11:44:28] [HandlingTimeCheckerService]:  max: 2.0
[INFO] [2013/09/06 11:44:28] [HandlingTimeCheckerService]:  min: 0.0
[INFO] [2013/09/06 11:44:28] [HandlingTimeCheckerService]:  avg: 0.28865979381443296
[INFO] [2013/09/06 11:44:28] [HandlingTimeCheckerService]: Mal: 5%
[INFO] [2013/09/06 11:44:28] [HandlingTimeCheckerService]:  max: 5.0
[INFO] [2013/09/06 11:44:28] [HandlingTimeCheckerService]:  min: 1.0
[INFO] [2013/09/06 11:44:28] [HandlingTimeCheckerService]:  avg: 1.6363636363636365
[INFO] [2013/09/06 11:44:28] [HandlingTimeCheckerJob]: Processing chunk 2
[INFO] [2013/09/06 11:44:28] [HandlingTimeCheckerService]: Processing users [82916233, 79715665, 4542417, 85313895, 25679280]
[INFO] [2013/09/06 11:44:54] [HandlingTimeCheckerService]: User: 4542417
[INFO] [2013/09/06 11:44:54] [HandlingTimeCheckerService]: HT: 2.0
[INFO] [2013/09/06 11:44:54] [HandlingTimeCheckerService]: Total: 134
[INFO] [2013/09/06 11:44:54] [HandlingTimeCheckerService]: Bien: 93%
[INFO] [2013/09/06 11:44:54] [HandlingTimeCheckerService]:  max: 2.0
[INFO] [2013/09/06 11:44:54] [HandlingTimeCheckerService]:  min: 0.0
[INFO] [2013/09/06 11:44:54] [HandlingTimeCheckerService]:  avg: 0.96
[INFO] [2013/09/06 11:44:54] [HandlingTimeCheckerService]: Mal: 7%
[INFO] [2013/09/06 11:44:54] [HandlingTimeCheckerService]:  max: 1.0
[INFO] [2013/09/06 11:44:54] [HandlingTimeCheckerService]:  min: 1.0
[INFO] [2013/09/06 11:44:54] [HandlingTimeCheckerService]:  avg: 1.0
[INFO] [2013/09/06 11:45:14] [HandlingTimeCheckerService]: User: 25679280
[INFO] [2013/09/06 11:45:14] [HandlingTimeCheckerService]: HT: 3.0
[INFO] [2013/09/06 11:45:14] [HandlingTimeCheckerService]: Total: 125
[INFO] [2013/09/06 11:45:14] [HandlingTimeCheckerService]: Bien: 90%
[INFO] [2013/09/06 11:45:14] [HandlingTimeCheckerService]:  max: 2.0
[INFO] [2013/09/06 11:45:14] [HandlingTimeCheckerService]:  min: 0.0
[INFO] [2013/09/06 11:45:14] [HandlingTimeCheckerService]:  avg: 1.7699115044247788
[INFO] [2013/09/06 11:45:14] [HandlingTimeCheckerService]: Mal: 10%
[INFO] [2013/09/06 11:45:14] [HandlingTimeCheckerService]:  max: 3.0
[INFO] [2013/09/06 11:45:14] [HandlingTimeCheckerService]:  min: 1.0
[INFO] [2013/09/06 11:45:14] [HandlingTimeCheckerService]:  avg: 1.3333333333333333
[INFO] [2013/09/06 11:45:37] [HandlingTimeCheckerService]: User: 79715665
[INFO] [2013/09/06 11:45:37] [HandlingTimeCheckerService]: HT: 2.0
[INFO] [2013/09/06 11:45:37] [HandlingTimeCheckerService]: Total: 147
[INFO] [2013/09/06 11:45:37] [HandlingTimeCheckerService]: Bien: 93%
[INFO] [2013/09/06 11:45:37] [HandlingTimeCheckerService]:  max: 2.0
[INFO] [2013/09/06 11:45:37] [HandlingTimeCheckerService]:  min: 0.0
[INFO] [2013/09/06 11:45:37] [HandlingTimeCheckerService]:  avg: 1.2554744525547445
[INFO] [2013/09/06 11:45:37] [HandlingTimeCheckerService]: Mal: 7%
[INFO] [2013/09/06 11:45:37] [HandlingTimeCheckerService]:  max: 11.0
[INFO] [2013/09/06 11:45:37] [HandlingTimeCheckerService]:  min: 1.0
[INFO] [2013/09/06 11:45:37] [HandlingTimeCheckerService]:  avg: 3.3
[INFO] [2013/09/06 11:46:02] [HandlingTimeCheckerService]: User: 82916233
[INFO] [2013/09/06 11:46:02] [HandlingTimeCheckerService]: HT: 2.0
[INFO] [2013/09/06 11:46:02] [HandlingTimeCheckerService]: Total: 155
[INFO] [2013/09/06 11:46:02] [HandlingTimeCheckerService]: Bien: 99%
[INFO] [2013/09/06 11:46:02] [HandlingTimeCheckerService]:  max: 2.0
[INFO] [2013/09/06 11:46:02] [HandlingTimeCheckerService]:  min: 0.0
[INFO] [2013/09/06 11:46:02] [HandlingTimeCheckerService]:  avg: 0.5974025974025974
[INFO] [2013/09/06 11:46:02] [HandlingTimeCheckerService]: Mal: 1%
[INFO] [2013/09/06 11:46:02] [HandlingTimeCheckerService]:  max: 1.0
[INFO] [2013/09/06 11:46:02] [HandlingTimeCheckerService]:  min: 1.0
[INFO] [2013/09/06 11:46:02] [HandlingTimeCheckerService]:  avg: 1.0
[INFO] [2013/09/06 11:46:21] [HandlingTimeCheckerService]: User: 85313895
[INFO] [2013/09/06 11:46:21] [HandlingTimeCheckerService]: HT: 1.0
[INFO] [2013/09/06 11:46:21] [HandlingTimeCheckerService]: Total: 125
[INFO] [2013/09/06 11:46:21] [HandlingTimeCheckerService]: Bien: 78%
[INFO] [2013/09/06 11:46:21] [HandlingTimeCheckerService]:  max: 1.0
[INFO] [2013/09/06 11:46:21] [HandlingTimeCheckerService]:  min: 0.0
[INFO] [2013/09/06 11:46:21] [HandlingTimeCheckerService]:  avg: 0.2653061224489796
[INFO] [2013/09/06 11:46:21] [HandlingTimeCheckerService]: Mal: 22%
[INFO] [2013/09/06 11:46:21] [HandlingTimeCheckerService]:  max: 2.0
[INFO] [2013/09/06 11:46:21] [HandlingTimeCheckerService]:  min: 1.0
[INFO] [2013/09/06 11:46:21] [HandlingTimeCheckerService]:  avg: 1.1111111111111112
[INFO] [2013/09/06 11:46:21] [HandlingTimeCheckerJob]: Processing chunk 3
[INFO] [2013/09/06 11:46:21] [HandlingTimeCheckerService]: Processing users [3255473, 45059170, 130906887, 85057345]
[INFO] [2013/09/06 11:46:43] [HandlingTimeCheckerService]: User: 3255473
[INFO] [2013/09/06 11:46:43] [HandlingTimeCheckerService]: HT: 3.0
[INFO] [2013/09/06 11:46:43] [HandlingTimeCheckerService]: Total: 118
[INFO] [2013/09/06 11:46:43] [HandlingTimeCheckerService]: Bien: 92%
[INFO] [2013/09/06 11:46:43] [HandlingTimeCheckerService]:  max: 3.0
[INFO] [2013/09/06 11:46:43] [HandlingTimeCheckerService]:  min: 0.0
[INFO] [2013/09/06 11:46:43] [HandlingTimeCheckerService]:  avg: 1.6944444444444444
[INFO] [2013/09/06 11:46:43] [HandlingTimeCheckerService]: Mal: 8%
[INFO] [2013/09/06 11:46:43] [HandlingTimeCheckerService]:  max: 5.0
[INFO] [2013/09/06 11:46:43] [HandlingTimeCheckerService]:  min: 1.0
[INFO] [2013/09/06 11:46:43] [HandlingTimeCheckerService]:  avg: 2.1
[INFO] [2013/09/06 11:47:04] [HandlingTimeCheckerService]: User: 45059170
[INFO] [2013/09/06 11:47:04] [HandlingTimeCheckerService]: HT: 2.0
[INFO] [2013/09/06 11:47:04] [HandlingTimeCheckerService]: Total: 123
[INFO] [2013/09/06 11:47:04] [HandlingTimeCheckerService]: Bien: 91%
[INFO] [2013/09/06 11:47:04] [HandlingTimeCheckerService]:  max: 2.0
[INFO] [2013/09/06 11:47:04] [HandlingTimeCheckerService]:  min: 0.0
[INFO] [2013/09/06 11:47:04] [HandlingTimeCheckerService]:  avg: 0.7053571428571429
[INFO] [2013/09/06 11:47:04] [HandlingTimeCheckerService]: Mal: 9%
[INFO] [2013/09/06 11:47:04] [HandlingTimeCheckerService]:  max: 1.0
[INFO] [2013/09/06 11:47:04] [HandlingTimeCheckerService]:  min: 1.0
[INFO] [2013/09/06 11:47:04] [HandlingTimeCheckerService]:  avg: 1.0
[INFO] [2013/09/06 11:47:22] [HandlingTimeCheckerService]: User: 85057345
[INFO] [2013/09/06 11:47:22] [HandlingTimeCheckerService]: HT: 2.0
[INFO] [2013/09/06 11:47:22] [HandlingTimeCheckerService]: Total: 108
[INFO] [2013/09/06 11:47:22] [HandlingTimeCheckerService]: Bien: 95%
[INFO] [2013/09/06 11:47:22] [HandlingTimeCheckerService]:  max: 2.0
[INFO] [2013/09/06 11:47:22] [HandlingTimeCheckerService]:  min: 0.0
[INFO] [2013/09/06 11:47:22] [HandlingTimeCheckerService]:  avg: 0.7864077669902912
[INFO] [2013/09/06 11:47:22] [HandlingTimeCheckerService]: Mal: 5%
[INFO] [2013/09/06 11:47:22] [HandlingTimeCheckerService]:  max: 6.0
[INFO] [2013/09/06 11:47:22] [HandlingTimeCheckerService]:  min: 1.0
[INFO] [2013/09/06 11:47:22] [HandlingTimeCheckerService]:  avg: 3.0
[INFO] [2013/09/06 11:47:41] [HandlingTimeCheckerService]: User: 130906887
[INFO] [2013/09/06 11:47:41] [HandlingTimeCheckerService]: HT: 2.0
[INFO] [2013/09/06 11:47:41] [HandlingTimeCheckerService]: Total: 115
[INFO] [2013/09/06 11:47:41] [HandlingTimeCheckerService]: Bien: 85%
[INFO] [2013/09/06 11:47:41] [HandlingTimeCheckerService]:  max: 2.0
[INFO] [2013/09/06 11:47:41] [HandlingTimeCheckerService]:  min: 0.0
[INFO] [2013/09/06 11:47:41] [HandlingTimeCheckerService]:  avg: 1.3571428571428572
[INFO] [2013/09/06 11:47:41] [HandlingTimeCheckerService]: Mal: 15%
[INFO] [2013/09/06 11:47:41] [HandlingTimeCheckerService]:  max: 3.0
[INFO] [2013/09/06 11:47:41] [HandlingTimeCheckerService]:  min: 1.0
[INFO] [2013/09/06 11:47:41] [HandlingTimeCheckerService]:  avg: 1.4705882352941178
[INFO] [2013/09/06 11:47:41] [HandlingTimeCheckerJob]: Processing chunk 4
[INFO] [2013/09/06 11:47:41] [HandlingTimeCheckerService]: Processing users [9562628, 34555554, 82564432, 7055243]
[INFO] [2013/09/06 11:47:58] [HandlingTimeCheckerService]: User: 7055243
[INFO] [2013/09/06 11:47:58] [HandlingTimeCheckerService]: HT: 1.0
[INFO] [2013/09/06 11:47:58] [HandlingTimeCheckerService]: Total: 85
[INFO] [2013/09/06 11:47:58] [HandlingTimeCheckerService]: Bien: 45%
[INFO] [2013/09/06 11:47:58] [HandlingTimeCheckerService]:  max: 0.0
[INFO] [2013/09/06 11:47:58] [HandlingTimeCheckerService]:  min: 0.0
[INFO] [2013/09/06 11:47:58] [HandlingTimeCheckerService]:  avg: 0.0
[INFO] [2013/09/06 11:47:58] [HandlingTimeCheckerService]: Mal: 55%
[INFO] [2013/09/06 11:47:58] [HandlingTimeCheckerService]:  max: 2.0
[INFO] [2013/09/06 11:47:58] [HandlingTimeCheckerService]:  min: 1.0
[INFO] [2013/09/06 11:47:58] [HandlingTimeCheckerService]:  avg: 1.148936170212766
[INFO] [2013/09/06 11:48:14] [HandlingTimeCheckerService]: User: 9562628
[INFO] [2013/09/06 11:48:14] [HandlingTimeCheckerService]: HT: 1.0
[INFO] [2013/09/06 11:48:14] [HandlingTimeCheckerService]: Total: 91
[INFO] [2013/09/06 11:48:14] [HandlingTimeCheckerService]: Bien: 57%
[INFO] [2013/09/06 11:48:14] [HandlingTimeCheckerService]:  max: 1.0
[INFO] [2013/09/06 11:48:14] [HandlingTimeCheckerService]:  min: 0.0
[INFO] [2013/09/06 11:48:14] [HandlingTimeCheckerService]:  avg: 0.21153846153846154
[INFO] [2013/09/06 11:48:14] [HandlingTimeCheckerService]: Mal: 43%
[INFO] [2013/09/06 11:48:14] [HandlingTimeCheckerService]:  max: 2.0
[INFO] [2013/09/06 11:48:14] [HandlingTimeCheckerService]:  min: 1.0
[INFO] [2013/09/06 11:48:14] [HandlingTimeCheckerService]:  avg: 1.2307692307692308
[INFO] [2013/09/06 11:48:33] [HandlingTimeCheckerService]: User: 34555554
[INFO] [2013/09/06 11:48:33] [HandlingTimeCheckerService]: HT: 9.0
[INFO] [2013/09/06 11:48:33] [HandlingTimeCheckerService]: Total: 106
[INFO] [2013/09/06 11:48:33] [HandlingTimeCheckerService]: Bien: 98%
[INFO] [2013/09/06 11:48:33] [HandlingTimeCheckerService]:  max: 9.0
[INFO] [2013/09/06 11:48:33] [HandlingTimeCheckerService]:  min: 1.0
[INFO] [2013/09/06 11:48:33] [HandlingTimeCheckerService]:  avg: 6.538461538461538
[INFO] [2013/09/06 11:48:33] [HandlingTimeCheckerService]: Mal: 2%
[INFO] [2013/09/06 11:48:33] [HandlingTimeCheckerService]:  max: 7.0
[INFO] [2013/09/06 11:48:33] [HandlingTimeCheckerService]:  min: 2.0
[INFO] [2013/09/06 11:48:33] [HandlingTimeCheckerService]:  avg: 4.5
[INFO] [2013/09/06 11:48:46] [HandlingTimeCheckerService]: User: 82564432
[INFO] [2013/09/06 11:48:46] [HandlingTimeCheckerService]: HT: 3.0
[INFO] [2013/09/06 11:48:46] [HandlingTimeCheckerService]: Total: 79
[INFO] [2013/09/06 11:48:46] [HandlingTimeCheckerService]: Bien: 100%
[INFO] [2013/09/06 11:48:46] [HandlingTimeCheckerService]:  max: 3.0
[INFO] [2013/09/06 11:48:46] [HandlingTimeCheckerService]:  min: 0.0
[INFO] [2013/09/06 11:48:46] [HandlingTimeCheckerService]:  avg: 1.6329113924050633
[INFO] [2013/09/06 11:48:46] [HandlingTimeCheckerJob]: Processing chunk 5
[INFO] [2013/09/06 11:48:46] [HandlingTimeCheckerService]: Processing users [116287703, 47277478, 19009036, 76060303]
[INFO] [2013/09/06 11:49:03] [HandlingTimeCheckerService]: User: 19009036
[INFO] [2013/09/06 11:49:03] [HandlingTimeCheckerService]: HT: 2.0
[INFO] [2013/09/06 11:49:03] [HandlingTimeCheckerService]: Total: 85
[INFO] [2013/09/06 11:49:03] [HandlingTimeCheckerService]: Bien: 84%
[INFO] [2013/09/06 11:49:03] [HandlingTimeCheckerService]:  max: 1.0
[INFO] [2013/09/06 11:49:03] [HandlingTimeCheckerService]:  min: 0.0
[INFO] [2013/09/06 11:49:03] [HandlingTimeCheckerService]:  avg: 0.323943661971831
[INFO] [2013/09/06 11:49:03] [HandlingTimeCheckerService]: Mal: 16%
[INFO] [2013/09/06 11:49:03] [HandlingTimeCheckerService]:  max: 5.0
[INFO] [2013/09/06 11:49:03] [HandlingTimeCheckerService]:  min: 1.0
[INFO] [2013/09/06 11:49:03] [HandlingTimeCheckerService]:  avg: 1.3571428571428572
[INFO] [2013/09/06 11:49:18] [HandlingTimeCheckerService]: User: 47277478
[INFO] [2013/09/06 11:49:18] [HandlingTimeCheckerService]: HT: 1.0
[INFO] [2013/09/06 11:49:18] [HandlingTimeCheckerService]: Total: 86
[INFO] [2013/09/06 11:49:18] [HandlingTimeCheckerService]: Bien: 53%
[INFO] [2013/09/06 11:49:18] [HandlingTimeCheckerService]:  max: 1.0
[INFO] [2013/09/06 11:49:18] [HandlingTimeCheckerService]:  min: 0.0
[INFO] [2013/09/06 11:49:18] [HandlingTimeCheckerService]:  avg: 0.08695652173913043
[INFO] [2013/09/06 11:49:18] [HandlingTimeCheckerService]: Mal: 47%
[INFO] [2013/09/06 11:49:18] [HandlingTimeCheckerService]:  max: 2.0
[INFO] [2013/09/06 11:49:18] [HandlingTimeCheckerService]:  min: 1.0
[INFO] [2013/09/06 11:49:18] [HandlingTimeCheckerService]:  avg: 1.025
[INFO] [2013/09/06 11:49:31] [HandlingTimeCheckerService]: User: 76060303
[INFO] [2013/09/06 11:49:31] [HandlingTimeCheckerService]: HT: 3.0
[INFO] [2013/09/06 11:49:31] [HandlingTimeCheckerService]: Total: 74
[INFO] [2013/09/06 11:49:31] [HandlingTimeCheckerService]: Bien: 88%
[INFO] [2013/09/06 11:49:31] [HandlingTimeCheckerService]:  max: 3.0
[INFO] [2013/09/06 11:49:31] [HandlingTimeCheckerService]:  min: 0.0
[INFO] [2013/09/06 11:49:31] [HandlingTimeCheckerService]:  avg: 1.4
[INFO] [2013/09/06 11:49:31] [HandlingTimeCheckerService]: Mal: 12%
[INFO] [2013/09/06 11:49:31] [HandlingTimeCheckerService]:  max: 2.0
[INFO] [2013/09/06 11:49:31] [HandlingTimeCheckerService]:  min: 1.0
[INFO] [2013/09/06 11:49:31] [HandlingTimeCheckerService]:  avg: 1.3333333333333333
[INFO] [2013/09/06 11:49:46] [HandlingTimeCheckerService]: User: 116287703
[INFO] [2013/09/06 11:49:46] [HandlingTimeCheckerService]: HT: 1.0
[INFO] [2013/09/06 11:49:46] [HandlingTimeCheckerService]: Total: 84
[INFO] [2013/09/06 11:49:46] [HandlingTimeCheckerService]: Bien: 76%
[INFO] [2013/09/06 11:49:46] [HandlingTimeCheckerService]:  max: 1.0
[INFO] [2013/09/06 11:49:46] [HandlingTimeCheckerService]:  min: 0.0
[INFO] [2013/09/06 11:49:46] [HandlingTimeCheckerService]:  avg: 0.28125
[INFO] [2013/09/06 11:49:46] [HandlingTimeCheckerService]: Mal: 24%
[INFO] [2013/09/06 11:49:46] [HandlingTimeCheckerService]:  max: 1.0
[INFO] [2013/09/06 11:49:46] [HandlingTimeCheckerService]:  min: 1.0
[INFO] [2013/09/06 11:49:46] [HandlingTimeCheckerService]:  avg: 1.0
[INFO] [2013/09/06 11:49:46] [HandlingTimeCheckerJob]: Processing chunk 6
[INFO] [2013/09/06 11:49:46] [HandlingTimeCheckerService]: Processing users [76256765, 91743509, 1534239, 11364578]
[INFO] [2013/09/06 11:50:00] [HandlingTimeCheckerService]: User: 1534239
[INFO] [2013/09/06 11:50:00] [HandlingTimeCheckerService]: HT: 2.0
[INFO] [2013/09/06 11:50:00] [HandlingTimeCheckerService]: Total: 73
[INFO] [2013/09/06 11:50:00] [HandlingTimeCheckerService]: Bien: 99%
[INFO] [2013/09/06 11:50:00] [HandlingTimeCheckerService]:  max: 1.0
[INFO] [2013/09/06 11:50:00] [HandlingTimeCheckerService]:  min: 0.0
[INFO] [2013/09/06 11:50:00] [HandlingTimeCheckerService]:  avg: 0.4305555555555556
[INFO] [2013/09/06 11:50:00] [HandlingTimeCheckerService]: Mal: 1%
[INFO] [2013/09/06 11:50:00] [HandlingTimeCheckerService]:  max: 1.0
[INFO] [2013/09/06 11:50:00] [HandlingTimeCheckerService]:  min: 1.0
[INFO] [2013/09/06 11:50:00] [HandlingTimeCheckerService]:  avg: 1.0
[INFO] [2013/09/06 11:50:11] [HandlingTimeCheckerService]: User: 11364578
[INFO] [2013/09/06 11:50:11] [HandlingTimeCheckerService]: HT: 2.0
[INFO] [2013/09/06 11:50:11] [HandlingTimeCheckerService]: Total: 63
[INFO] [2013/09/06 11:50:11] [HandlingTimeCheckerService]: Bien: 95%
[INFO] [2013/09/06 11:50:11] [HandlingTimeCheckerService]:  max: 2.0
[INFO] [2013/09/06 11:50:11] [HandlingTimeCheckerService]:  min: 0.0
[INFO] [2013/09/06 11:50:11] [HandlingTimeCheckerService]:  avg: 0.8
[INFO] [2013/09/06 11:50:11] [HandlingTimeCheckerService]: Mal: 5%
[INFO] [2013/09/06 11:50:11] [HandlingTimeCheckerService]:  max: 1.0
[INFO] [2013/09/06 11:50:11] [HandlingTimeCheckerService]:  min: 1.0
[INFO] [2013/09/06 11:50:11] [HandlingTimeCheckerService]:  avg: 1.0
[INFO] [2013/09/06 11:50:23] [HandlingTimeCheckerService]: User: 76256765
[INFO] [2013/09/06 11:50:23] [HandlingTimeCheckerService]: HT: 2.0
[INFO] [2013/09/06 11:50:23] [HandlingTimeCheckerService]: Total: 66
[INFO] [2013/09/06 11:50:23] [HandlingTimeCheckerService]: Bien: 83%
[INFO] [2013/09/06 11:50:23] [HandlingTimeCheckerService]:  max: 1.0
[INFO] [2013/09/06 11:50:23] [HandlingTimeCheckerService]:  min: 0.0
[INFO] [2013/09/06 11:50:23] [HandlingTimeCheckerService]:  avg: 0.2909090909090909
[INFO] [2013/09/06 11:50:23] [HandlingTimeCheckerService]: Mal: 17%
[INFO] [2013/09/06 11:50:23] [HandlingTimeCheckerService]:  max: 5.0
[INFO] [2013/09/06 11:50:23] [HandlingTimeCheckerService]:  min: 1.0
[INFO] [2013/09/06 11:50:23] [HandlingTimeCheckerService]:  avg: 1.8181818181818181
[INFO] [2013/09/06 11:50:38] [HandlingTimeCheckerService]: User: 91743509
[INFO] [2013/09/06 11:50:38] [HandlingTimeCheckerService]: HT: 2.0
[INFO] [2013/09/06 11:50:38] [HandlingTimeCheckerService]: Total: 81
[INFO] [2013/09/06 11:50:38] [HandlingTimeCheckerService]: Bien: 91%
[INFO] [2013/09/06 11:50:38] [HandlingTimeCheckerService]:  max: 2.0
[INFO] [2013/09/06 11:50:38] [HandlingTimeCheckerService]:  min: 0.0
[INFO] [2013/09/06 11:50:38] [HandlingTimeCheckerService]:  avg: 1.1891891891891893
[INFO] [2013/09/06 11:50:38] [HandlingTimeCheckerService]: Mal: 9%
[INFO] [2013/09/06 11:50:38] [HandlingTimeCheckerService]:  max: 5.0
[INFO] [2013/09/06 11:50:38] [HandlingTimeCheckerService]:  min: 1.0
[INFO] [2013/09/06 11:50:38] [HandlingTimeCheckerService]:  avg: 1.5714285714285714
[INFO] [2013/09/06 11:50:38] [HandlingTimeCheckerJob]: Processing chunk 7
[INFO] [2013/09/06 11:50:38] [HandlingTimeCheckerService]: Processing users [37982924, 43730774, 120289637, 78568848]
[INFO] [2013/09/06 11:50:50] [HandlingTimeCheckerService]: User: 37982924
[INFO] [2013/09/06 11:50:50] [HandlingTimeCheckerService]: HT: 5.0
[INFO] [2013/09/06 11:50:50] [HandlingTimeCheckerService]: Total: 57
[INFO] [2013/09/06 11:50:50] [HandlingTimeCheckerService]: Bien: 96%
[INFO] [2013/09/06 11:50:50] [HandlingTimeCheckerService]:  max: 5.0
[INFO] [2013/09/06 11:50:50] [HandlingTimeCheckerService]:  min: 0.0
[INFO] [2013/09/06 11:50:51] [HandlingTimeCheckerService]:  avg: 2.963636363636364
[INFO] [2013/09/06 11:50:51] [HandlingTimeCheckerService]: Mal: 4%
[INFO] [2013/09/06 11:50:51] [HandlingTimeCheckerService]:  max: 3.0
[INFO] [2013/09/06 11:50:51] [HandlingTimeCheckerService]:  min: 3.0
[INFO] [2013/09/06 11:50:51] [HandlingTimeCheckerService]:  avg: 3.0
[INFO] [2013/09/06 11:51:04] [HandlingTimeCheckerService]: User: 43730774
[INFO] [2013/09/06 11:51:04] [HandlingTimeCheckerService]: HT: 1.0
[INFO] [2013/09/06 11:51:04] [HandlingTimeCheckerService]: Total: 70
[INFO] [2013/09/06 11:51:04] [HandlingTimeCheckerService]: Bien: 61%
[INFO] [2013/09/06 11:51:04] [HandlingTimeCheckerService]:  max: 1.0
[INFO] [2013/09/06 11:51:04] [HandlingTimeCheckerService]:  min: 0.0
[INFO] [2013/09/06 11:51:04] [HandlingTimeCheckerService]:  avg: 0.09302325581395349
[INFO] [2013/09/06 11:51:04] [HandlingTimeCheckerService]: Mal: 39%
[INFO] [2013/09/06 11:51:04] [HandlingTimeCheckerService]:  max: 2.0
[INFO] [2013/09/06 11:51:04] [HandlingTimeCheckerService]:  min: 1.0
[INFO] [2013/09/06 11:51:04] [HandlingTimeCheckerService]:  avg: 1.0740740740740742
[INFO] [2013/09/06 11:51:16] [HandlingTimeCheckerService]: User: 78568848
[INFO] [2013/09/06 11:51:16] [HandlingTimeCheckerService]: HT: 1.0
[INFO] [2013/09/06 11:51:16] [HandlingTimeCheckerService]: Total: 65
[INFO] [2013/09/06 11:51:16] [HandlingTimeCheckerService]: Bien: 66%
[INFO] [2013/09/06 11:51:16] [HandlingTimeCheckerService]:  max: 1.0
[INFO] [2013/09/06 11:51:16] [HandlingTimeCheckerService]:  min: 0.0
[INFO] [2013/09/06 11:51:16] [HandlingTimeCheckerService]:  avg: 0.23255813953488372
[INFO] [2013/09/06 11:51:16] [HandlingTimeCheckerService]: Mal: 34%
[INFO] [2013/09/06 11:51:16] [HandlingTimeCheckerService]:  max: 2.0
[INFO] [2013/09/06 11:51:16] [HandlingTimeCheckerService]:  min: 1.0
[INFO] [2013/09/06 11:51:16] [HandlingTimeCheckerService]:  avg: 1.0909090909090908
[INFO] [2013/09/06 11:51:27] [HandlingTimeCheckerService]: User: 120289637
[INFO] [2013/09/06 11:51:27] [HandlingTimeCheckerService]: HT: 1.0
[INFO] [2013/09/06 11:51:27] [HandlingTimeCheckerService]: Total: 61
[INFO] [2013/09/06 11:51:27] [HandlingTimeCheckerService]: Bien: 87%
[INFO] [2013/09/06 11:51:27] [HandlingTimeCheckerService]:  max: 1.0
[INFO] [2013/09/06 11:51:27] [HandlingTimeCheckerService]:  min: 0.0
[INFO] [2013/09/06 11:51:27] [HandlingTimeCheckerService]:  avg: 0.49056603773584906
[INFO] [2013/09/06 11:51:27] [HandlingTimeCheckerService]: Mal: 13%
[INFO] [2013/09/06 11:51:27] [HandlingTimeCheckerService]:  max: 1.0
[INFO] [2013/09/06 11:51:27] [HandlingTimeCheckerService]:  min: 1.0
[INFO] [2013/09/06 11:51:27] [HandlingTimeCheckerService]:  avg: 1.0
[INFO] [2013/09/06 11:51:27] [HandlingTimeCheckerJob]: Processing chunk 8
[INFO] [2013/09/06 11:51:27] [HandlingTimeCheckerService]: Processing users [39384567, 1367489, 137339001, 36484980]
[INFO] [2013/09/06 11:51:38] [HandlingTimeCheckerService]: User: 1367489
[INFO] [2013/09/06 11:51:38] [HandlingTimeCheckerService]: HT: 2.0
[INFO] [2013/09/06 11:51:38] [HandlingTimeCheckerService]: Total: 53
[INFO] [2013/09/06 11:51:38] [HandlingTimeCheckerService]: Bien: 77%
[INFO] [2013/09/06 11:51:38] [HandlingTimeCheckerService]:  max: 2.0
[INFO] [2013/09/06 11:51:38] [HandlingTimeCheckerService]:  min: 0.0
[INFO] [2013/09/06 11:51:38] [HandlingTimeCheckerService]:  avg: 0.8780487804878049
[INFO] [2013/09/06 11:51:38] [HandlingTimeCheckerService]: Mal: 23%
[INFO] [2013/09/06 11:51:38] [HandlingTimeCheckerService]:  max: 3.0
[INFO] [2013/09/06 11:51:38] [HandlingTimeCheckerService]:  min: 1.0
[INFO] [2013/09/06 11:51:38] [HandlingTimeCheckerService]:  avg: 1.75
[INFO] [2013/09/06 11:51:49] [HandlingTimeCheckerService]: User: 36484980
[INFO] [2013/09/06 11:51:49] [HandlingTimeCheckerService]: HT: 1.0
[INFO] [2013/09/06 11:51:49] [HandlingTimeCheckerService]: Total: 60
[INFO] [2013/09/06 11:51:49] [HandlingTimeCheckerService]: Bien: 77%
[INFO] [2013/09/06 11:51:49] [HandlingTimeCheckerService]:  max: 1.0
[INFO] [2013/09/06 11:51:49] [HandlingTimeCheckerService]:  min: 0.0
[INFO] [2013/09/06 11:51:49] [HandlingTimeCheckerService]:  avg: 0.30434782608695654
[INFO] [2013/09/06 11:51:49] [HandlingTimeCheckerService]: Mal: 23%
[INFO] [2013/09/06 11:51:49] [HandlingTimeCheckerService]:  max: 2.0
[INFO] [2013/09/06 11:51:49] [HandlingTimeCheckerService]:  min: 1.0
[INFO] [2013/09/06 11:51:49] [HandlingTimeCheckerService]:  avg: 1.0714285714285714
[INFO] [2013/09/06 11:52:02] [HandlingTimeCheckerService]: User: 39384567
[INFO] [2013/09/06 11:52:02] [HandlingTimeCheckerService]: HT: 2.0
[INFO] [2013/09/06 11:52:02] [HandlingTimeCheckerService]: Total: 66
[INFO] [2013/09/06 11:52:02] [HandlingTimeCheckerService]: Bien: 100%
[INFO] [2013/09/06 11:52:02] [HandlingTimeCheckerService]:  max: 2.0
[INFO] [2013/09/06 11:52:02] [HandlingTimeCheckerService]:  min: 0.0
[INFO] [2013/09/06 11:52:02] [HandlingTimeCheckerService]:  avg: 0.48484848484848486
[INFO] [2013/09/06 11:52:13] [HandlingTimeCheckerService]: User: 137339001
[INFO] [2013/09/06 11:52:13] [HandlingTimeCheckerService]: HT: 2.0
[INFO] [2013/09/06 11:52:13] [HandlingTimeCheckerService]: Total: 59
[INFO] [2013/09/06 11:52:13] [HandlingTimeCheckerService]: Bien: 93%
[INFO] [2013/09/06 11:52:13] [HandlingTimeCheckerService]:  max: 2.0
[INFO] [2013/09/06 11:52:13] [HandlingTimeCheckerService]:  min: 0.0
[INFO] [2013/09/06 11:52:13] [HandlingTimeCheckerService]:  avg: 0.9454545454545454
[INFO] [2013/09/06 11:52:13] [HandlingTimeCheckerService]: Mal: 7%
[INFO] [2013/09/06 11:52:13] [HandlingTimeCheckerService]:  max: 3.0
[INFO] [2013/09/06 11:52:13] [HandlingTimeCheckerService]:  min: 1.0
[INFO] [2013/09/06 11:52:13] [HandlingTimeCheckerService]:  avg: 1.75
[INFO] [2013/09/06 11:52:13] [HandlingTimeCheckerJob]: Processing chunk 9
[INFO] [2013/09/06 11:52:13] [HandlingTimeCheckerService]: Processing users [7303757, 86898669, 3696089, 89819835]
[INFO] [2013/09/06 11:52:24] [HandlingTimeCheckerService]: User: 3696089
[INFO] [2013/09/06 11:52:24] [HandlingTimeCheckerService]: HT: 1.0
[INFO] [2013/09/06 11:52:24] [HandlingTimeCheckerService]: Total: 56
[INFO] [2013/09/06 11:52:24] [HandlingTimeCheckerService]: Bien: 59%
[INFO] [2013/09/06 11:52:24] [HandlingTimeCheckerService]:  max: 1.0
[INFO] [2013/09/06 11:52:24] [HandlingTimeCheckerService]:  min: 0.0
[INFO] [2013/09/06 11:52:24] [HandlingTimeCheckerService]:  avg: 0.15151515151515152
[INFO] [2013/09/06 11:52:24] [HandlingTimeCheckerService]: Mal: 41%
[INFO] [2013/09/06 11:52:24] [HandlingTimeCheckerService]:  max: 12.0
[INFO] [2013/09/06 11:52:24] [HandlingTimeCheckerService]:  min: 1.0
[INFO] [2013/09/06 11:52:24] [HandlingTimeCheckerService]:  avg: 1.565217391304348
[INFO] [2013/09/06 11:52:35] [HandlingTimeCheckerService]: User: 7303757
[INFO] [2013/09/06 11:52:35] [HandlingTimeCheckerService]: HT: 4.0
[INFO] [2013/09/06 11:52:35] [HandlingTimeCheckerService]: Total: 57
[INFO] [2013/09/06 11:52:35] [HandlingTimeCheckerService]: Bien: 93%
[INFO] [2013/09/06 11:52:35] [HandlingTimeCheckerService]:  max: 4.0
[INFO] [2013/09/06 11:52:35] [HandlingTimeCheckerService]:  min: 0.0
[INFO] [2013/09/06 11:52:35] [HandlingTimeCheckerService]:  avg: 2.7735849056603774
[INFO] [2013/09/06 11:52:35] [HandlingTimeCheckerService]: Mal: 7%
[INFO] [2013/09/06 11:52:35] [HandlingTimeCheckerService]:  max: 4.0
[INFO] [2013/09/06 11:52:35] [HandlingTimeCheckerService]:  min: 1.0
[INFO] [2013/09/06 11:52:35] [HandlingTimeCheckerService]:  avg: 1.75
[INFO] [2013/09/06 11:52:45] [HandlingTimeCheckerService]: User: 86898669
[INFO] [2013/09/06 11:52:45] [HandlingTimeCheckerService]: HT: 1.0
[INFO] [2013/09/06 11:52:45] [HandlingTimeCheckerService]: Total: 52
[INFO] [2013/09/06 11:52:45] [HandlingTimeCheckerService]: Bien: 58%
[INFO] [2013/09/06 11:52:45] [HandlingTimeCheckerService]:  max: 1.0
[INFO] [2013/09/06 11:52:45] [HandlingTimeCheckerService]:  min: 0.0
[INFO] [2013/09/06 11:52:45] [HandlingTimeCheckerService]:  avg: 0.16666666666666666
[INFO] [2013/09/06 11:52:45] [HandlingTimeCheckerService]: Mal: 42%
[INFO] [2013/09/06 11:52:45] [HandlingTimeCheckerService]:  max: 1.0
[INFO] [2013/09/06 11:52:45] [HandlingTimeCheckerService]:  min: 1.0
[INFO] [2013/09/06 11:52:45] [HandlingTimeCheckerService]:  avg: 1.0
[INFO] [2013/09/06 11:52:56] [HandlingTimeCheckerService]: User: 89819835
[INFO] [2013/09/06 11:52:56] [HandlingTimeCheckerService]: HT: 4.0
[INFO] [2013/09/06 11:52:56] [HandlingTimeCheckerService]: Total: 57
[INFO] [2013/09/06 11:52:56] [HandlingTimeCheckerService]: Bien: 98%
[INFO] [2013/09/06 11:52:56] [HandlingTimeCheckerService]:  max: 4.0
[INFO] [2013/09/06 11:52:56] [HandlingTimeCheckerService]:  min: 1.0
[INFO] [2013/09/06 11:52:56] [HandlingTimeCheckerService]:  avg: 2.5357142857142856
[INFO] [2013/09/06 11:52:56] [HandlingTimeCheckerService]: Mal: 2%
[INFO] [2013/09/06 11:52:56] [HandlingTimeCheckerService]:  max: 1.0
[INFO] [2013/09/06 11:52:56] [HandlingTimeCheckerService]:  min: 1.0
[INFO] [2013/09/06 11:52:56] [HandlingTimeCheckerService]:  avg: 1.0
[INFO] [2013/09/06 11:52:56] [HandlingTimeCheckerJob]: Processing chunk 10
[INFO] [2013/09/06 11:52:56] [HandlingTimeCheckerService]: Processing users [30138062, 24314717, 43455517, 31875925]
[INFO] [2013/09/06 11:53:06] [HandlingTimeCheckerService]: User: 24314717
[INFO] [2013/09/06 11:53:06] [HandlingTimeCheckerService]: HT: 2.0
[INFO] [2013/09/06 11:53:06] [HandlingTimeCheckerService]: Total: 45
[INFO] [2013/09/06 11:53:06] [HandlingTimeCheckerService]: Bien: 91%
[INFO] [2013/09/06 11:53:06] [HandlingTimeCheckerService]:  max: 2.0
[INFO] [2013/09/06 11:53:06] [HandlingTimeCheckerService]:  min: 0.0
[INFO] [2013/09/06 11:53:06] [HandlingTimeCheckerService]:  avg: 0.8048780487804879
[INFO] [2013/09/06 11:53:06] [HandlingTimeCheckerService]: Mal: 9%
[INFO] [2013/09/06 11:53:06] [HandlingTimeCheckerService]:  max: 3.0
[INFO] [2013/09/06 11:53:06] [HandlingTimeCheckerService]:  min: 1.0
[INFO] [2013/09/06 11:53:06] [HandlingTimeCheckerService]:  avg: 1.5
[INFO] [2013/09/06 11:53:16] [HandlingTimeCheckerService]: User: 30138062
[INFO] [2013/09/06 11:53:16] [HandlingTimeCheckerService]: HT: 2.0
[INFO] [2013/09/06 11:53:16] [HandlingTimeCheckerService]: Total: 50
[INFO] [2013/09/06 11:53:16] [HandlingTimeCheckerService]: Bien: 88%
[INFO] [2013/09/06 11:53:16] [HandlingTimeCheckerService]:  max: 2.0
[INFO] [2013/09/06 11:53:16] [HandlingTimeCheckerService]:  min: 0.0
[INFO] [2013/09/06 11:53:16] [HandlingTimeCheckerService]:  avg: 0.8409090909090909
[INFO] [2013/09/06 11:53:16] [HandlingTimeCheckerService]: Mal: 12%
[INFO] [2013/09/06 11:53:16] [HandlingTimeCheckerService]:  max: 2.0
[INFO] [2013/09/06 11:53:16] [HandlingTimeCheckerService]:  min: 1.0
[INFO] [2013/09/06 11:53:16] [HandlingTimeCheckerService]:  avg: 1.1666666666666667
[INFO] [2013/09/06 11:53:24] [HandlingTimeCheckerService]: User: 31875925
[INFO] [2013/09/06 11:53:24] [HandlingTimeCheckerService]: HT: 1.0
[INFO] [2013/09/06 11:53:24] [HandlingTimeCheckerService]: Total: 43
[INFO] [2013/09/06 11:53:24] [HandlingTimeCheckerService]: Bien: 60%
[INFO] [2013/09/06 11:53:24] [HandlingTimeCheckerService]:  max: 1.0
[INFO] [2013/09/06 11:53:24] [HandlingTimeCheckerService]:  min: 0.0
[INFO] [2013/09/06 11:53:24] [HandlingTimeCheckerService]:  avg: 0.23076923076923078
[INFO] [2013/09/06 11:53:24] [HandlingTimeCheckerService]: Mal: 40%
[INFO] [2013/09/06 11:53:24] [HandlingTimeCheckerService]:  max: 1.0
[INFO] [2013/09/06 11:53:24] [HandlingTimeCheckerService]:  min: 1.0
[INFO] [2013/09/06 11:53:24] [HandlingTimeCheckerService]:  avg: 1.0
[INFO] [2013/09/06 11:53:32] [HandlingTimeCheckerService]: User: 43455517
[INFO] [2013/09/06 11:53:32] [HandlingTimeCheckerService]: HT: 1.0
[INFO] [2013/09/06 11:53:32] [HandlingTimeCheckerService]: Total: 40
[INFO] [2013/09/06 11:53:32] [HandlingTimeCheckerService]: Bien: 98%
[INFO] [2013/09/06 11:53:32] [HandlingTimeCheckerService]:  max: 1.0
[INFO] [2013/09/06 11:53:32] [HandlingTimeCheckerService]:  min: 0.0
[INFO] [2013/09/06 11:53:32] [HandlingTimeCheckerService]:  avg: 0.7692307692307693
[INFO] [2013/09/06 11:53:32] [HandlingTimeCheckerService]: Mal: 3%
[INFO] [2013/09/06 11:53:32] [HandlingTimeCheckerService]:  max: 1.0
[INFO] [2013/09/06 11:53:32] [HandlingTimeCheckerService]:  min: 1.0
[INFO] [2013/09/06 11:53:32] [HandlingTimeCheckerService]:  avg: 1.0
[INFO] [2013/09/06 11:53:32] [HandlingTimeCheckerJob]: Processing chunk 11
[INFO] [2013/09/06 11:53:32] [HandlingTimeCheckerService]: Processing users [66702320, 80900941, 83036189]
[INFO] [2013/09/06 11:53:55] [HandlingTimeCheckerService]: User: 80900941
[INFO] [2013/09/06 11:53:55] [HandlingTimeCheckerService]: HT: 4.0
[INFO] [2013/09/06 11:53:55] [HandlingTimeCheckerService]: Total: 48
[INFO] [2013/09/06 11:53:55] [HandlingTimeCheckerService]: Bien: 92%
[INFO] [2013/09/06 11:53:55] [HandlingTimeCheckerService]:  max: 4.0
[INFO] [2013/09/06 11:53:55] [HandlingTimeCheckerService]:  min: 0.0
[INFO] [2013/09/06 11:53:55] [HandlingTimeCheckerService]:  avg: 2.8181818181818183
[INFO] [2013/09/06 11:53:55] [HandlingTimeCheckerService]: Mal: 8%
[INFO] [2013/09/06 11:53:55] [HandlingTimeCheckerService]:  max: 5.0
[INFO] [2013/09/06 11:53:55] [HandlingTimeCheckerService]:  min: 1.0
[INFO] [2013/09/06 11:53:55] [HandlingTimeCheckerService]:  avg: 3.0
[INFO] [2013/09/06 11:54:03] [HandlingTimeCheckerService]: User: 66702320
[INFO] [2013/09/06 11:54:03] [HandlingTimeCheckerService]: HT: 2.0
[INFO] [2013/09/06 11:54:03] [HandlingTimeCheckerService]: Total: 42
[INFO] [2013/09/06 11:54:03] [HandlingTimeCheckerService]: Bien: 93%
[INFO] [2013/09/06 11:54:03] [HandlingTimeCheckerService]:  max: 2.0
[INFO] [2013/09/06 11:54:03] [HandlingTimeCheckerService]:  min: 0.0
[INFO] [2013/09/06 11:54:03] [HandlingTimeCheckerService]:  avg: 0.48717948717948717
[INFO] [2013/09/06 11:54:03] [HandlingTimeCheckerService]: Mal: 7%
[INFO] [2013/09/06 11:54:03] [HandlingTimeCheckerService]:  max: 2.0
[INFO] [2013/09/06 11:54:03] [HandlingTimeCheckerService]:  min: 2.0
[INFO] [2013/09/06 11:54:03] [HandlingTimeCheckerService]:  avg: 2.0
[INFO] [2013/09/06 11:54:12] [HandlingTimeCheckerService]: User: 83036189
[INFO] [2013/09/06 11:54:12] [HandlingTimeCheckerService]: HT: 5.0
[INFO] [2013/09/06 11:54:12] [HandlingTimeCheckerService]: Total: 46
[INFO] [2013/09/06 11:54:12] [HandlingTimeCheckerService]: Bien: 96%
[INFO] [2013/09/06 11:54:12] [HandlingTimeCheckerService]:  max: 4.0
[INFO] [2013/09/06 11:54:12] [HandlingTimeCheckerService]:  min: 0.0
[INFO] [2013/09/06 11:54:12] [HandlingTimeCheckerService]:  avg: 2.8863636363636362
[INFO] [2013/09/06 11:54:12] [HandlingTimeCheckerService]: Mal: 4%
[INFO] [2013/09/06 11:54:12] [HandlingTimeCheckerService]:  max: 3.0
[INFO] [2013/09/06 11:54:12] [HandlingTimeCheckerService]:  min: 1.0
[INFO] [2013/09/06 11:54:12] [HandlingTimeCheckerService]:  avg: 2.0
[INFO] [2013/09/06 11:54:12] [HandlingTimeCheckerJob]: Processing chunk 12
[INFO] [2013/09/06 11:54:12] [HandlingTimeCheckerService]: Processing users [126689087, 68666913, 140561519]
[INFO] [2013/09/06 11:54:27] [HandlingTimeCheckerService]: User: 126689087
[INFO] [2013/09/06 11:54:27] [HandlingTimeCheckerService]: HT: 1.0
[INFO] [2013/09/06 11:54:27] [HandlingTimeCheckerService]: Total: 7
[INFO] [2013/09/06 11:54:27] [HandlingTimeCheckerService]: Bien: 86%
[INFO] [2013/09/06 11:54:27] [HandlingTimeCheckerService]:  max: 1.0
[INFO] [2013/09/06 11:54:27] [HandlingTimeCheckerService]:  min: 0.0
[INFO] [2013/09/06 11:54:27] [HandlingTimeCheckerService]:  avg: 0.3333333333333333
[INFO] [2013/09/06 11:54:27] [HandlingTimeCheckerService]: Mal: 14%
[INFO] [2013/09/06 11:54:27] [HandlingTimeCheckerService]:  max: 1.0
[INFO] [2013/09/06 11:54:27] [HandlingTimeCheckerService]:  min: 1.0
[INFO] [2013/09/06 11:54:27] [HandlingTimeCheckerService]:  avg: 1.0
[INFO] [2013/09/06 11:54:28] [HandlingTimeCheckerService]: User: 68666913
[INFO] [2013/09/06 11:54:28] [HandlingTimeCheckerService]: HT: 2.0
[INFO] [2013/09/06 11:54:28] [HandlingTimeCheckerService]: Total: 9
[INFO] [2013/09/06 11:54:28] [HandlingTimeCheckerService]: Bien: 100%
[INFO] [2013/09/06 11:54:28] [HandlingTimeCheckerService]:  max: 2.0
[INFO] [2013/09/06 11:54:28] [HandlingTimeCheckerService]:  min: 0.0
[INFO] [2013/09/06 11:54:28] [HandlingTimeCheckerService]:  avg: 1.2222222222222223
[INFO] [2013/09/06 11:54:30] [HandlingTimeCheckerService]: User: 140561519
[INFO] [2013/09/06 11:54:30] [HandlingTimeCheckerService]: HT: 2.0
[INFO] [2013/09/06 11:54:30] [HandlingTimeCheckerService]: Total: 9
[INFO] [2013/09/06 11:54:30] [HandlingTimeCheckerService]: Bien: 100%
[INFO] [2013/09/06 11:54:30] [HandlingTimeCheckerService]:  max: 2.0
[INFO] [2013/09/06 11:54:30] [HandlingTimeCheckerService]:  min: 0.0
[INFO] [2013/09/06 11:54:30] [HandlingTimeCheckerService]:  avg: 0.7777777777777778
[INFO] [2013/09/06 11:54:30] [HandlingTimeCheckerJob]: Processing chunk 13
[INFO] [2013/09/06 11:54:30] [HandlingTimeCheckerService]: Processing users [70161208, 42932597, 140551902]
[INFO] [2013/09/06 11:54:32] [HandlingTimeCheckerService]: User: 42932597
[INFO] [2013/09/06 11:54:32] [HandlingTimeCheckerService]: HT: 1.0
[INFO] [2013/09/06 11:54:32] [HandlingTimeCheckerService]: Total: 9
[INFO] [2013/09/06 11:54:32] [HandlingTimeCheckerService]: Bien: 56%
[INFO] [2013/09/06 11:54:32] [HandlingTimeCheckerService]:  max: 0.0
[INFO] [2013/09/06 11:54:32] [HandlingTimeCheckerService]:  min: 0.0
[INFO] [2013/09/06 11:54:32] [HandlingTimeCheckerService]:  avg: 0.0
[INFO] [2013/09/06 11:54:32] [HandlingTimeCheckerService]: Mal: 44%
[INFO] [2013/09/06 11:54:32] [HandlingTimeCheckerService]:  max: 1.0
[INFO] [2013/09/06 11:54:32] [HandlingTimeCheckerService]:  min: 1.0
[INFO] [2013/09/06 11:54:32] [HandlingTimeCheckerService]:  avg: 1.0
[INFO] [2013/09/06 11:54:33] [HandlingTimeCheckerService]: User: 70161208
[INFO] [2013/09/06 11:54:33] [HandlingTimeCheckerService]: HT: 1.0
[INFO] [2013/09/06 11:54:33] [HandlingTimeCheckerService]: Total: 7
[INFO] [2013/09/06 11:54:33] [HandlingTimeCheckerService]: Bien: 86%
[INFO] [2013/09/06 11:54:33] [HandlingTimeCheckerService]:  max: 1.0
[INFO] [2013/09/06 11:54:33] [HandlingTimeCheckerService]:  min: 0.0
[INFO] [2013/09/06 11:54:33] [HandlingTimeCheckerService]:  avg: 0.6666666666666666
[INFO] [2013/09/06 11:54:33] [HandlingTimeCheckerService]: Mal: 14%
[INFO] [2013/09/06 11:54:33] [HandlingTimeCheckerService]:  max: 3.0
[INFO] [2013/09/06 11:54:33] [HandlingTimeCheckerService]:  min: 3.0
[INFO] [2013/09/06 11:54:33] [HandlingTimeCheckerService]:  avg: 3.0
[INFO] [2013/09/06 11:54:35] [HandlingTimeCheckerService]: User: 140551902
[INFO] [2013/09/06 11:54:35] [HandlingTimeCheckerService]: HT: 1.0
[INFO] [2013/09/06 11:54:35] [HandlingTimeCheckerService]: Total: 9
[INFO] [2013/09/06 11:54:35] [HandlingTimeCheckerService]: Bien: 89%
[INFO] [2013/09/06 11:54:35] [HandlingTimeCheckerService]:  max: 1.0
[INFO] [2013/09/06 11:54:35] [HandlingTimeCheckerService]:  min: 0.0
[INFO] [2013/09/06 11:54:35] [HandlingTimeCheckerService]:  avg: 0.25
[INFO] [2013/09/06 11:54:35] [HandlingTimeCheckerService]: Mal: 11%
[INFO] [2013/09/06 11:54:35] [HandlingTimeCheckerService]:  max: 1.0
[INFO] [2013/09/06 11:54:35] [HandlingTimeCheckerService]:  min: 1.0
[INFO] [2013/09/06 11:54:35] [HandlingTimeCheckerService]:  avg: 1.0
[INFO] [2013/09/06 11:54:35] [HandlingTimeCheckerJob]: Processing chunk 14
[INFO] [2013/09/06 11:54:35] [HandlingTimeCheckerService]: Processing users [59301296, 23646126, 12112268]
[INFO] [2013/09/06 11:54:36] [HandlingTimeCheckerService]: User: 12112268
[INFO] [2013/09/06 11:54:36] [HandlingTimeCheckerService]: HT: 1.0
[INFO] [2013/09/06 11:54:36] [HandlingTimeCheckerService]: Total: 5
[INFO] [2013/09/06 11:54:36] [HandlingTimeCheckerService]: Bien: 40%
[INFO] [2013/09/06 11:54:36] [HandlingTimeCheckerService]:  max: 1.0
[INFO] [2013/09/06 11:54:36] [HandlingTimeCheckerService]:  min: 0.0
[INFO] [2013/09/06 11:54:36] [HandlingTimeCheckerService]:  avg: 0.5
[INFO] [2013/09/06 11:54:36] [HandlingTimeCheckerService]: Mal: 60%
[INFO] [2013/09/06 11:54:36] [HandlingTimeCheckerService]:  max: 3.0
[INFO] [2013/09/06 11:54:36] [HandlingTimeCheckerService]:  min: 2.0
[INFO] [2013/09/06 11:54:36] [HandlingTimeCheckerService]:  avg: 2.3333333333333335
[INFO] [2013/09/06 11:54:37] [HandlingTimeCheckerService]: User: 23646126
[INFO] [2013/09/06 11:54:37] [HandlingTimeCheckerService]: HT: 4.0
[INFO] [2013/09/06 11:54:37] [HandlingTimeCheckerService]: Total: 5
[INFO] [2013/09/06 11:54:37] [HandlingTimeCheckerService]: Bien: 80%
[INFO] [2013/09/06 11:54:37] [HandlingTimeCheckerService]:  max: 3.0
[INFO] [2013/09/06 11:54:37] [HandlingTimeCheckerService]:  min: 2.0
[INFO] [2013/09/06 11:54:37] [HandlingTimeCheckerService]:  avg: 2.5
[INFO] [2013/09/06 11:54:37] [HandlingTimeCheckerService]: Mal: 20%
[INFO] [2013/09/06 11:54:37] [HandlingTimeCheckerService]:  max: 2.0
[INFO] [2013/09/06 11:54:37] [HandlingTimeCheckerService]:  min: 2.0
[INFO] [2013/09/06 11:54:37] [HandlingTimeCheckerService]:  avg: 2.0
[INFO] [2013/09/06 11:54:39] [HandlingTimeCheckerService]: User: 59301296
[INFO] [2013/09/06 11:54:39] [HandlingTimeCheckerService]: HT: 2.0
[INFO] [2013/09/06 11:54:39] [HandlingTimeCheckerService]: Total: 9
[INFO] [2013/09/06 11:54:39] [HandlingTimeCheckerService]: Bien: 89%
[INFO] [2013/09/06 11:54:39] [HandlingTimeCheckerService]:  max: 2.0
[INFO] [2013/09/06 11:54:39] [HandlingTimeCheckerService]:  min: 0.0
[INFO] [2013/09/06 11:54:39] [HandlingTimeCheckerService]:  avg: 1.25
[INFO] [2013/09/06 11:54:39] [HandlingTimeCheckerService]: Mal: 11%
[INFO] [2013/09/06 11:54:39] [HandlingTimeCheckerService]:  max: 2.0
[INFO] [2013/09/06 11:54:39] [HandlingTimeCheckerService]:  min: 2.0
[INFO] [2013/09/06 11:54:39] [HandlingTimeCheckerService]:  avg: 2.0
[INFO] [2013/09/06 11:54:39] [HandlingTimeCheckerJob]: Processing chunk 15
[INFO] [2013/09/06 11:54:39] [HandlingTimeCheckerService]: Processing users [56542125, 44814231, 64682973]
[INFO] [2013/09/06 11:54:41] [HandlingTimeCheckerService]: User: 44814231
[INFO] [2013/09/06 11:54:41] [HandlingTimeCheckerService]: HT: 1.0
[INFO] [2013/09/06 11:54:41] [HandlingTimeCheckerService]: Total: 7
[INFO] [2013/09/06 11:54:41] [HandlingTimeCheckerService]: Bien: 100%
[INFO] [2013/09/06 11:54:41] [HandlingTimeCheckerService]:  max: 1.0
[INFO] [2013/09/06 11:54:41] [HandlingTimeCheckerService]:  min: 0.0
[INFO] [2013/09/06 11:54:41] [HandlingTimeCheckerService]:  avg: 0.7142857142857143
[INFO] [2013/09/06 11:54:42] [HandlingTimeCheckerService]: User: 56542125
[INFO] [2013/09/06 11:54:42] [HandlingTimeCheckerService]: HT: 8.0
[INFO] [2013/09/06 11:54:42] [HandlingTimeCheckerService]: Total: 9
[INFO] [2013/09/06 11:54:42] [HandlingTimeCheckerService]: Bien: 100%
[INFO] [2013/09/06 11:54:42] [HandlingTimeCheckerService]:  max: 8.0
[INFO] [2013/09/06 11:54:42] [HandlingTimeCheckerService]:  min: 6.0
[INFO] [2013/09/06 11:54:42] [HandlingTimeCheckerService]:  avg: 7.0
[INFO] [2013/09/06 11:54:44] [HandlingTimeCheckerService]: User: 64682973
[INFO] [2013/09/06 11:54:44] [HandlingTimeCheckerService]: HT: 1.0
[INFO] [2013/09/06 11:54:44] [HandlingTimeCheckerService]: Total: 9
[INFO] [2013/09/06 11:54:44] [HandlingTimeCheckerService]: Bien: 100%
[INFO] [2013/09/06 11:54:44] [HandlingTimeCheckerService]:  max: 1.0
[INFO] [2013/09/06 11:54:44] [HandlingTimeCheckerService]:  min: 0.0
[INFO] [2013/09/06 11:54:44] [HandlingTimeCheckerService]:  avg: 0.6666666666666666
[INFO] [2013/09/06 11:54:44] [HandlingTimeCheckerJob]: ************** FINALIZANDO JOB HT ********************
